2026-07-23 14:35:24,723 - __main__ - INFO - Setup data and model...
2026-07-23 14:35:39,874 - __main__ - INFO - Model FlashVTG(
  (transformer): Transformer(
    (t2v_encoder): TransformerCATEEncoder(
      (layers): ModuleList(
        (0-5): 6 x T2V_TransformerEncoderLayer(
          (self_attn): MultiheadAttention(
            (out_proj): Linear(in_features=256, out_features=256, bias=True)
          )
          (linear1): Linear(in_features=256, out_features=1024, bias=True)
          (dropout): Dropout(p=0.1, inplace=False)
          (linear2): Linear(in_features=1024, out_features=256, bias=True)
          (norm1): LayerNorm((256,), eps=1e-05, elementwise_affine=True)
          (norm2): LayerNorm((256,), eps=1e-05, elementwise_affine=True)
          (dropout1): DropPath()
          (dropout2): DropPath()
          (activation): PReLU(num_parameters=1)
        )
      )
    )
    (encoder): TransformerEncoder(
      (layers): ModuleList(
        (0-2): 3 x TransformerEncoderLayer(
          (self_attn): MultiheadAttention(
            (out_proj): NonDynamicallyQuantizableLinear(in_features=256, out_features=256, bias=True)
          )
          (linear1): Linear(in_features=256, out_features=1024, bias=True)
          (dropout): Dropout(p=0.1, inplace=False)
          (linear2): Linear(in_features=1024, out_features=256, bias=True)
          (norm1): LayerNorm((256,), eps=1e-05, elementwise_affine=True)
          (norm2): LayerNorm((256,), eps=1e-05, elementwise_affine=True)
          (dropout1): DropPath()
          (dropout2): DropPath()
          (activation): PReLU(num_parameters=1)
        )
      )
    )
  )
  (position_embed): PositionEmbeddingSine()
  (txt_position_embed): TrainablePositionalEncoding(
    (position_embeddings): Embedding(40, 256)
    (LayerNorm): LayerNorm((256,), eps=1e-05, elementwise_affine=True)
    (dropout): Dropout(p=0.5, inplace=False)
  )
  (saliency_proj1): Linear(in_features=256, out_features=256, bias=True)
  (saliency_proj2): Linear(in_features=256, out_features=256, bias=True)
  (PositionEmbeddingSine): PositionEmbeddingSine()
  (input_txt_proj): Sequential(
    (0): LinearLayer(
      (LayerNorm): LayerNorm((512,), eps=1e-05, elementwise_affine=True)
      (net): Sequential(
        (0): Dropout(p=0.5, inplace=False)
        (1): Linear(in_features=512, out_features=256, bias=True)
      )
    )
    (1): LinearLayer(
      (LayerNorm): LayerNorm((256,), eps=1e-05, elementwise_affine=True)
      (net): Sequential(
        (0): Dropout(p=0.5, inplace=False)
        (1): Linear(in_features=256, out_features=256, bias=True)
      )
    )
  )
  (input_vid_proj): Sequential(
    (0): LinearLayer(
      (LayerNorm): LayerNorm((2818,), eps=1e-05, elementwise_affine=True)
      (net): Sequential(
        (0): Dropout(p=0.5, inplace=False)
        (1): Linear(in_features=2818, out_features=256, bias=True)
      )
    )
    (1): LinearLayer(
      (LayerNorm): LayerNorm((256,), eps=1e-05, elementwise_affine=True)
      (net): Sequential(
        (0): Dropout(p=0.5, inplace=False)
        (1): Linear(in_features=256, out_features=256, bias=True)
      )
    )
  )
  (token_type_embeddings): Embedding(2, 256)
  (txtproj_encoder): TransformerEncoder(
    (layers): ModuleList(
      (0-1): 2 x TransformerEncoderLayer(
        (self_attn): MultiheadAttention(
          (out_proj): NonDynamicallyQuantizableLinear(in_features=256, out_features=256, bias=True)
        )
        (linear1): Linear(in_features=256, out_features=1024, bias=True)
        (dropout): Dropout(p=0.1, inplace=False)
        (linear2): Linear(in_features=1024, out_features=256, bias=True)
        (norm1): LayerNorm((256,), eps=1e-05, elementwise_affine=True)
        (norm2): LayerNorm((256,), eps=1e-05, elementwise_affine=True)
        (dropout1): DropPath()
        (dropout2): DropPath()
        (activation): PReLU(num_parameters=1)
      )
    )
  )
  (pyramid): ConvPyramid(
    (blocks): ModuleList(
      (0): ReLU(inplace=True)
      (1): Sequential(
        (0): Permute()
        (1): Conv1d(256, 256, kernel_size=(2,), stride=(2,))
        (2): Permute()
        (3): LayerNorm((256,), eps=1e-05, elementwise_affine=True)
        (4): ReLU(inplace=True)
      )
      (2): Sequential(
        (0): Permute()
        (1): Conv1d(256, 256, kernel_size=(2,), stride=(2,))
        (2): Permute()
        (3): LayerNorm((256,), eps=1e-05, elementwise_affine=True)
        (4): ReLU(inplace=True)
        (5): Permute()
        (6): Conv1d(256, 256, kernel_size=(2,), stride=(2,))
        (7): Permute()
        (8): LayerNorm((256,), eps=1e-05, elementwise_affine=True)
        (9): ReLU(inplace=True)
      )
      (3): Sequential(
        (0): Permute()
        (1): Conv1d(256, 256, kernel_size=(2,), stride=(2,))
        (2): Permute()
        (3): LayerNorm((256,), eps=1e-05, elementwise_affine=True)
        (4): ReLU(inplace=True)
        (5): Permute()
        (6): Conv1d(256, 256, kernel_size=(2,), stride=(2,))
        (7): Permute()
        (8): LayerNorm((256,), eps=1e-05, elementwise_affine=True)
        (9): ReLU(inplace=True)
        (10): Permute()
        (11): Conv1d(256, 256, kernel_size=(2,), stride=(2,))
        (12): Permute()
        (13): LayerNorm((256,), eps=1e-05, elementwise_affine=True)
        (14): ReLU(inplace=True)
      )
    )
  )
  (pooling): AdaPooling(
    (att): Linear(in_features=256, out_features=1, bias=False)
  )
  (conf_head): ConfidenceScorer(
    (convs): ModuleList(
      (0): Conv2d(256, 256, kernel_size=(1, 5), stride=(1, 1), padding=(0, 2))
    )
    (activations): ModuleList(
      (0): ReLU()
    )
    (fc): MLP(
      (layers): ModuleList(
        (0): Linear(in_features=256, out_features=128, bias=True)
        (1-3): 3 x Linear(in_features=128, out_features=128, bias=True)
        (4): Linear(in_features=128, out_features=1, bias=True)
      )
    )
  )
  (class_head): ConfidenceScorer(
    (convs): ModuleList(
      (0): Conv2d(256, 256, kernel_size=(1, 5), stride=(1, 1), padding=(0, 2))
    )
    (activations): ModuleList(
      (0): ReLU()
    )
    (fc): MLP(
      (layers): ModuleList(
        (0): Linear(in_features=256, out_features=128, bias=True)
        (1-3): 3 x Linear(in_features=128, out_features=128, bias=True)
        (4): Linear(in_features=128, out_features=1, bias=True)
      )
    )
  )
  (coord_head): ConvHead(
    (module): Sequential(
      (0): Permute()
      (1): Conv1d(256, 256, kernel_size=(3,), stride=(1,), padding=(1,))
      (2): ReLU(inplace=True)
      (3): Conv1d(256, 2, kernel_size=(3,), stride=(1,), padding=(1,))
      (4): Permute()
    )
  )
  (generator): PointGenerator(
    (buffer): BufferList()
  )
  (exist_head): Sequential(
    (0): Linear(in_features=512, out_features=256, bias=True)
    (1): ReLU(inplace=True)
    (2): Linear(in_features=256, out_features=1, bias=True)
  )
  (quality_head): FlashCandidateQualityHead(
    (net): Sequential(
      (0): LayerNorm((256,), eps=1e-05, elementwise_affine=True)
      (1): Linear(in_features=256, out_features=256, bias=True)
      (2): GELU(approximate='none')
      (3): Dropout(p=0.1, inplace=False)
      (4): Linear(in_features=256, out_features=1, bias=True)
    )
  )
)
2026-07-23 14:35:39,875 - __main__ - INFO - Learnable Parameters:
2026-07-23 14:35:39,876 - __main__ - INFO - Learnable Parameters: 0.063M (0.624%)
2026-07-23 14:35:39,876 - __main__ - INFO - Start Training...
2026-07-23 14:35:39,876 - __main__ - INFO - CUDA enabled.
2026-07-23 14:35:39,899 - __main__ - INFO - [Epoch 1]
2026-07-23 14:35:50,854 - __main__ - INFO - 2026_07_23_14_35_50 [Epoch] 001 [Loss] loss_reg 0.3026 loss_cls 0.0239 loss_exist 0.5397 loss_quality 0.6891 weighted_loss_overall 1.6508

2026-07-23 14:35:50,922 - __main__ - INFO - [Epoch 2]
2026-07-23 14:36:00,905 - __main__ - INFO - 2026_07_23_14_36_00 [Epoch] 002 [Loss] loss_reg 0.3014 loss_cls 0.0239 loss_exist 0.5414 loss_quality 0.6767 weighted_loss_overall 1.6391

2026-07-23 14:36:01,062 - __main__ - INFO - [Epoch 3]
2026-07-23 14:36:10,847 - __main__ - INFO - 2026_07_23_14_36_10 [Epoch] 003 [Loss] loss_reg 0.3006 loss_cls 0.0240 loss_exist 0.5418 loss_quality 0.6572 weighted_loss_overall 1.6197

2026-07-23 14:36:11,034 - __main__ - INFO - [Epoch 4]
2026-07-23 14:36:20,052 - __main__ - INFO - 2026_07_23_14_36_20 [Epoch] 004 [Loss] loss_reg 0.3029 loss_cls 0.0240 loss_exist 0.5433 loss_quality 0.6318 weighted_loss_overall 1.5979

2026-07-23 14:36:20,133 - __main__ - INFO - [Epoch 5]
2026-07-23 14:36:29,507 - __main__ - INFO - 2026_07_23_14_36_29 [Epoch] 005 [Loss] loss_reg 0.3021 loss_cls 0.0241 loss_exist 0.5413 loss_quality 0.6028 weighted_loss_overall 1.5665

2026-07-23 14:36:54,788 - __main__ - INFO - metrics_no_nms OrderedDict([   ('MR-full-R1@0.3', 49.02),
                ('MR-full-R1@0.5', 38.04),
                ('MR-full-R1@0.7', 24.31),
                ('MR-full-mAP', 26.14),
                ('MR-full-mAP@0.5', 45.88),
                ('MR-full-mAP@0.75', 29.33),
                ('MR-full-mIoU', 34.36),
                ('GMR-AUROC', 73.95),
                ('GMR-Rej-F1@0.4', 62.53),
                ('GMR-Acc@0.4', 66.24),
                ('GMR-Rej-F1@0.6', 69.52),
                ('GMR-Acc@0.6', 64.73),
                ('GMR-Rej-F1@0.8', 70.67),
                ('GMR-Acc@0.8', 63.23),
                ('GMR-G-mIoU@1', 39.82),
                ('GMR-G-mIoU@3', 33.91),
                ('GMR-G-mIoU@5', 31.65),
                ('GMR-mAP', 26.14),
                ('GMR-mR@1', 16.69),
                ('GMR-mR@3', 28.58),
                ('GMR-mR@5', 37.08),
                ('GMR-mR+@1', 0.0),
                ('GMR-mR+@3', 8.87),
                ('GMR-mR+@5', 13.43),
                ('GMR-mIoU@1', 34.36),
                ('GMR-mIoU@3', 30.25),
                ('GMR-mIoU@5', 30.15),
                ('GMR-mIoU+@1', 0.0),
                ('GMR-mIoU+@3', 10.54),
                ('GMR-mIoU+@5', 10.34)])
2026-07-23 14:36:54,788 - __main__ - INFO - metrics_nms OrderedDict([   ('MR-full-R1@0.3', 48.63),
                ('MR-full-R1@0.5', 38.04),
                ('MR-full-R1@0.7', 23.92),
                ('MR-full-mAP', 27.73),
                ('MR-full-mAP@0.5', 48.73),
                ('MR-full-mAP@0.75', 31.32),
                ('MR-full-mIoU', 33.94),
                ('GMR-AUROC', 73.95),
                ('GMR-Rej-F1@0.4', 62.53),
                ('GMR-Acc@0.4', 66.24),
                ('GMR-Rej-F1@0.6', 69.52),
                ('GMR-Acc@0.6', 64.73),
                ('GMR-Rej-F1@0.8', 70.67),
                ('GMR-Acc@0.8', 63.23),
                ('GMR-G-mIoU@1', 39.8),
                ('GMR-G-mIoU@3', 34.26),
                ('GMR-G-mIoU@5', 31.87),
                ('GMR-mAP', 27.73),
                ('GMR-mR@1', 16.46),
                ('GMR-mR@3', 31.5),
                ('GMR-mR@5', 39.5),
                ('GMR-mR+@1', 0.0),
                ('GMR-mR+@3', 9.2),
                ('GMR-mR+@5', 17.33),
                ('GMR-mIoU@1', 33.94),
                ('GMR-mIoU@3', 31.2),
                ('GMR-mIoU@5', 31.08),
                ('GMR-mIoU+@1', 0.0),
                ('GMR-mIoU+@3', 12.33),
                ('GMR-mIoU+@5', 12.0)])
2026-07-23 14:36:55,183 - __main__ - INFO - The checkpoint file has been updated.
2026-07-23 14:36:55,257 - __main__ - INFO - [Epoch 6]
2026-07-23 14:37:05,843 - __main__ - INFO - 2026_07_23_14_37_05 [Epoch] 006 [Loss] loss_reg 0.2989 loss_cls 0.0240 loss_exist 0.5425 loss_quality 0.5740 weighted_loss_overall 1.5353

2026-07-23 14:37:05,986 - __main__ - INFO - [Epoch 7]
2026-07-23 14:37:15,505 - __main__ - INFO - 2026_07_23_14_37_15 [Epoch] 007 [Loss] loss_reg 0.3043 loss_cls 0.0240 loss_exist 0.5409 loss_quality 0.5480 weighted_loss_overall 1.5132

2026-07-23 14:37:15,662 - __main__ - INFO - [Epoch 8]
2026-07-23 14:37:25,205 - __main__ - INFO - 2026_07_23_14_37_25 [Epoch] 008 [Loss] loss_reg 0.3013 loss_cls 0.0240 loss_exist 0.5422 loss_quality 0.5284 weighted_loss_overall 1.4921

2026-07-23 14:37:25,458 - __main__ - INFO - [Epoch 9]
2026-07-23 14:37:34,593 - __main__ - INFO - 2026_07_23_14_37_34 [Epoch] 009 [Loss] loss_reg 0.3018 loss_cls 0.0238 loss_exist 0.5415 loss_quality 0.5110 weighted_loss_overall 1.4732

2026-07-23 14:37:34,713 - __main__ - INFO - [Epoch 10]
2026-07-23 14:37:43,883 - __main__ - INFO - 2026_07_23_14_37_43 [Epoch] 010 [Loss] loss_reg 0.3027 loss_cls 0.0240 loss_exist 0.5428 loss_quality 0.5041 weighted_loss_overall 1.4696

2026-07-23 14:38:08,201 - __main__ - INFO - metrics_no_nms OrderedDict([   ('MR-full-R1@0.3', 48.24),
                ('MR-full-R1@0.5', 36.47),
                ('MR-full-R1@0.7', 24.31),
                ('MR-full-mAP', 26.51),
                ('MR-full-mAP@0.5', 45.56),
                ('MR-full-mAP@0.75', 30.27),
                ('MR-full-mIoU', 33.66),
                ('GMR-AUROC', 73.95),
                ('GMR-Rej-F1@0.4', 62.53),
                ('GMR-Acc@0.4', 66.24),
                ('GMR-Rej-F1@0.6', 69.52),
                ('GMR-Acc@0.6', 64.73),
                ('GMR-Rej-F1@0.8', 70.67),
                ('GMR-Acc@0.8', 63.23),
                ('GMR-G-mIoU@1', 39.55),
                ('GMR-G-mIoU@3', 33.93),
                ('GMR-G-mIoU@5', 31.67),
                ('GMR-mAP', 26.51),
                ('GMR-mR@1', 16.14),
                ('GMR-mR@3', 29.86),
                ('GMR-mR@5', 37.76),
                ('GMR-mR+@1', 0.0),
                ('GMR-mR+@3', 9.43),
                ('GMR-mR+@5', 14.8),
                ('GMR-mIoU@1', 33.66),
                ('GMR-mIoU@3', 30.04),
                ('GMR-mIoU@5', 29.92),
                ('GMR-mIoU+@1', 0.0),
                ('GMR-mIoU+@3', 11.97),
                ('GMR-mIoU+@5', 11.64)])
2026-07-23 14:38:08,202 - __main__ - INFO - metrics_nms OrderedDict([   ('MR-full-R1@0.3', 49.02),
                ('MR-full-R1@0.5', 36.86),
                ('MR-full-R1@0.7', 24.31),
                ('MR-full-mAP', 27.93),
                ('MR-full-mAP@0.5', 47.88),
                ('MR-full-mAP@0.75', 32.11),
                ('MR-full-mIoU', 34.0),
                ('GMR-AUROC', 73.95),
                ('GMR-Rej-F1@0.4', 62.53),
                ('GMR-Acc@0.4', 66.24),
                ('GMR-Rej-F1@0.6', 69.52),
                ('GMR-Acc@0.6', 64.73),
                ('GMR-Rej-F1@0.8', 70.67),
                ('GMR-Acc@0.8', 63.23),
                ('GMR-G-mIoU@1', 39.49),
                ('GMR-G-mIoU@3', 34.16),
                ('GMR-G-mIoU@5', 31.8),
                ('GMR-mAP', 27.93),
                ('GMR-mR@1', 16.04),
                ('GMR-mR@3', 32.09),
                ('GMR-mR@5', 40.25),
                ('GMR-mR+@1', 0.0),
                ('GMR-mR+@3', 9.09),
                ('GMR-mR+@5', 17.72),
                ('GMR-mIoU@1', 34.0),
                ('GMR-mIoU@3', 30.87),
                ('GMR-mIoU@5', 30.75),
                ('GMR-mIoU+@1', 0.0),
                ('GMR-mIoU+@3', 13.44),
                ('GMR-mIoU+@5', 13.11)])
2026-07-23 14:38:09,055 - __main__ - INFO - The checkpoint file has been updated.
2026-07-23 14:38:09,256 - __main__ - INFO - [Epoch 11]
2026-07-23 14:38:19,426 - __main__ - INFO - 2026_07_23_14_38_19 [Epoch] 011 [Loss] loss_reg 0.3033 loss_cls 0.0240 loss_exist 0.5401 loss_quality 0.4993 weighted_loss_overall 1.4627

2026-07-23 14:38:19,579 - __main__ - INFO - [Epoch 12]
2026-07-23 14:38:29,954 - __main__ - INFO - 2026_07_23_14_38_29 [Epoch] 012 [Loss] loss_reg 0.2998 loss_cls 0.0239 loss_exist 0.5457 loss_quality 0.4979 weighted_loss_overall 1.4628

2026-07-23 14:38:30,056 - __main__ - INFO - [Epoch 13]
2026-07-23 14:38:39,763 - __main__ - INFO - 2026_07_23_14_38_39 [Epoch] 013 [Loss] loss_reg 0.3003 loss_cls 0.0239 loss_exist 0.5423 loss_quality 0.4954 weighted_loss_overall 1.4573

2026-07-23 14:38:39,909 - __main__ - INFO - [Epoch 14]
2026-07-23 14:38:49,144 - __main__ - INFO - 2026_07_23_14_38_49 [Epoch] 014 [Loss] loss_reg 0.3044 loss_cls 0.0241 loss_exist 0.5402 loss_quality 0.4948 weighted_loss_overall 1.4599

2026-07-23 14:38:49,307 - __main__ - INFO - [Epoch 15]
2026-07-23 14:38:57,888 - __main__ - INFO - 2026_07_23_14_38_57 [Epoch] 015 [Loss] loss_reg 0.3047 loss_cls 0.0239 loss_exist 0.5404 loss_quality 0.4938 weighted_loss_overall 1.4584

2026-07-23 14:39:20,963 - __main__ - INFO - metrics_no_nms OrderedDict([   ('MR-full-R1@0.3', 49.02),
                ('MR-full-R1@0.5', 39.22),
                ('MR-full-R1@0.7', 23.92),
                ('MR-full-mAP', 26.67),
                ('MR-full-mAP@0.5', 46.66),
                ('MR-full-mAP@0.75', 29.79),
                ('MR-full-mIoU', 34.37),
                ('GMR-AUROC', 73.95),
                ('GMR-Rej-F1@0.4', 62.53),
                ('GMR-Acc@0.4', 66.24),
                ('GMR-Rej-F1@0.6', 69.52),
                ('GMR-Acc@0.6', 64.73),
                ('GMR-Rej-F1@0.8', 70.67),
                ('GMR-Acc@0.8', 63.23),
                ('GMR-G-mIoU@1', 39.82),
                ('GMR-G-mIoU@3', 34.03),
                ('GMR-G-mIoU@5', 31.73),
                ('GMR-mAP', 26.67),
                ('GMR-mR@1', 16.58),
                ('GMR-mR@3', 29.92),
                ('GMR-mR@5', 37.61),
                ('GMR-mR+@1', 0.0),
                ('GMR-mR+@3', 9.09),
                ('GMR-mR+@5', 14.8),
                ('GMR-mIoU@1', 34.37),
                ('GMR-mIoU@3', 30.54),
                ('GMR-mIoU@5', 30.42),
                ('GMR-mIoU+@1', 0.0),
                ('GMR-mIoU+@3', 11.97),
                ('GMR-mIoU+@5', 11.64)])
2026-07-23 14:39:20,964 - __main__ - INFO - metrics_nms OrderedDict([   ('MR-full-R1@0.3', 49.02),
                ('MR-full-R1@0.5', 38.82),
                ('MR-full-R1@0.7', 23.92),
                ('MR-full-mAP', 28.06),
                ('MR-full-mAP@0.5', 48.84),
                ('MR-full-mAP@0.75', 31.67),
                ('MR-full-mIoU', 34.42),
                ('GMR-AUROC', 73.95),
                ('GMR-Rej-F1@0.4', 62.53),
                ('GMR-Acc@0.4', 66.24),
                ('GMR-Rej-F1@0.6', 69.52),
                ('GMR-Acc@0.6', 64.73),
                ('GMR-Rej-F1@0.8', 70.67),
                ('GMR-Acc@0.8', 63.23),
                ('GMR-G-mIoU@1', 39.82),
                ('GMR-G-mIoU@3', 34.3),
                ('GMR-G-mIoU@5', 31.89),
                ('GMR-mAP', 28.06),
                ('GMR-mR@1', 16.54),
                ('GMR-mR@3', 31.66),
                ('GMR-mR@5', 39.9),
                ('GMR-mR+@1', 0.0),
                ('GMR-mR+@3', 10.2),
                ('GMR-mR+@5', 17.72),
                ('GMR-mIoU@1', 34.42),
                ('GMR-mIoU@3', 31.55),
                ('GMR-mIoU@5', 31.43),
                ('GMR-mIoU+@1', 0.0),
                ('GMR-mIoU+@3', 13.44),
                ('GMR-mIoU+@5', 13.11)])
2026-07-23 14:39:21,546 - __main__ - INFO - The checkpoint file has been updated.
2026-07-23 14:39:21,650 - __main__ - INFO - [Epoch 16]
2026-07-23 14:39:32,305 - __main__ - INFO - 2026_07_23_14_39_32 [Epoch] 016 [Loss] loss_reg 0.3032 loss_cls 0.0240 loss_exist 0.5395 loss_quality 0.4931 weighted_loss_overall 1.4557

2026-07-23 14:39:32,443 - __main__ - INFO - [Epoch 17]
2026-07-23 14:39:42,196 - __main__ - INFO - 2026_07_23_14_39_42 [Epoch] 017 [Loss] loss_reg 0.3029 loss_cls 0.0241 loss_exist 0.5430 loss_quality 0.4923 weighted_loss_overall 1.4588

2026-07-23 14:39:42,364 - __main__ - INFO - [Epoch 18]
2026-07-23 14:39:52,535 - __main__ - INFO - 2026_07_23_14_39_52 [Epoch] 018 [Loss] loss_reg 0.3027 loss_cls 0.0239 loss_exist 0.5424 loss_quality 0.4913 weighted_loss_overall 1.4560

2026-07-23 14:39:52,647 - __main__ - INFO - [Epoch 19]
2026-07-23 14:40:01,534 - __main__ - INFO - 2026_07_23_14_40_01 [Epoch] 019 [Loss] loss_reg 0.3028 loss_cls 0.0239 loss_exist 0.5412 loss_quality 0.4904 weighted_loss_overall 1.4537

2026-07-23 14:40:01,622 - __main__ - INFO - [Epoch 20]
2026-07-23 14:40:10,611 - __main__ - INFO - 2026_07_23_14_40_10 [Epoch] 020 [Loss] loss_reg 0.3005 loss_cls 0.0240 loss_exist 0.5412 loss_quality 0.4913 weighted_loss_overall 1.4530

2026-07-23 14:40:36,680 - __main__ - INFO - metrics_no_nms OrderedDict([   ('MR-full-R1@0.3', 48.24),
                ('MR-full-R1@0.5', 38.43),
                ('MR-full-R1@0.7', 23.92),
                ('MR-full-mAP', 26.5),
                ('MR-full-mAP@0.5', 46.28),
                ('MR-full-mAP@0.75', 29.63),
                ('MR-full-mIoU', 34.01),
                ('GMR-AUROC', 73.95),
                ('GMR-Rej-F1@0.4', 62.53),
                ('GMR-Acc@0.4', 66.24),
                ('GMR-Rej-F1@0.6', 69.52),
                ('GMR-Acc@0.6', 64.73),
                ('GMR-Rej-F1@0.8', 70.67),
                ('GMR-Acc@0.8', 63.23),
                ('GMR-G-mIoU@1', 39.69),
                ('GMR-G-mIoU@3', 33.95),
                ('GMR-G-mIoU@5', 31.67),
                ('GMR-mAP', 26.5),
                ('GMR-mR@1', 16.42),
                ('GMR-mR@3', 30.01),
                ('GMR-mR@5', 37.51),
                ('GMR-mR+@1', 0.0),
                ('GMR-mR+@3', 8.87),
                ('GMR-mR+@5', 14.8),
                ('GMR-mIoU@1', 34.01),
                ('GMR-mIoU@3', 30.21),
                ('GMR-mIoU@5', 30.11),
                ('GMR-mIoU+@1', 0.0),
                ('GMR-mIoU+@3', 11.58),
                ('GMR-mIoU+@5', 11.38)])
2026-07-23 14:40:36,681 - __main__ - INFO - metrics_nms OrderedDict([   ('MR-full-R1@0.3', 48.63),
                ('MR-full-R1@0.5', 38.82),
                ('MR-full-R1@0.7', 23.92),
                ('MR-full-mAP', 28.16),
                ('MR-full-mAP@0.5', 48.93),
                ('MR-full-mAP@0.75', 31.86),
                ('MR-full-mIoU', 34.13),
                ('GMR-AUROC', 73.95),
                ('GMR-Rej-F1@0.4', 62.53),
                ('GMR-Acc@0.4', 66.24),
                ('GMR-Rej-F1@0.6', 69.52),
                ('GMR-Acc@0.6', 64.73),
                ('GMR-Rej-F1@0.8', 70.67),
                ('GMR-Acc@0.8', 63.23),
                ('GMR-G-mIoU@1', 39.69),
                ('GMR-G-mIoU@3', 34.25),
                ('GMR-G-mIoU@5', 31.86),
                ('GMR-mAP', 28.16),
                ('GMR-mR@1', 16.46),
                ('GMR-mR@3', 32.12),
                ('GMR-mR@5', 39.9),
                ('GMR-mR+@1', 0.0),
                ('GMR-mR+@3', 10.37),
                ('GMR-mR+@5', 17.72),
                ('GMR-mIoU@1', 34.13),
                ('GMR-mIoU@3', 31.14),
                ('GMR-mIoU@5', 31.01),
                ('GMR-mIoU+@1', 0.0),
                ('GMR-mIoU+@3', 13.44),
                ('GMR-mIoU+@5', 13.11)])
2026-07-23 14:40:36,926 - __main__ - INFO - [Epoch 21]
2026-07-23 14:40:47,350 - __main__ - INFO - 2026_07_23_14_40_47 [Epoch] 021 [Loss] loss_reg 0.3050 loss_cls 0.0239 loss_exist 0.5419 loss_quality 0.4904 weighted_loss_overall 1.4566

2026-07-23 14:40:47,534 - __main__ - INFO - [Epoch 22]
2026-07-23 14:40:57,776 - __main__ - INFO - 2026_07_23_14_40_57 [Epoch] 022 [Loss] loss_reg 0.3036 loss_cls 0.0240 loss_exist 0.5427 loss_quality 0.4906 weighted_loss_overall 1.4568

2026-07-23 14:40:57,918 - __main__ - INFO - [Epoch 23]
2026-07-23 14:41:07,653 - __main__ - INFO - 2026_07_23_14_41_07 [Epoch] 023 [Loss] loss_reg 0.2993 loss_cls 0.0240 loss_exist 0.5424 loss_quality 0.4905 weighted_loss_overall 1.4521

2026-07-23 14:41:07,846 - __main__ - INFO - [Epoch 24]
2026-07-23 14:41:17,616 - __main__ - INFO - 2026_07_23_14_41_17 [Epoch] 024 [Loss] loss_reg 0.3038 loss_cls 0.0242 loss_exist 0.5424 loss_quality 0.4910 weighted_loss_overall 1.4580

2026-07-23 14:41:17,719 - __main__ - INFO - [Epoch 25]
2026-07-23 14:41:26,755 - __main__ - INFO - 2026_07_23_14_41_26 [Epoch] 025 [Loss] loss_reg 0.3006 loss_cls 0.0239 loss_exist 0.5414 loss_quality 0.4896 weighted_loss_overall 1.4511

2026-07-23 14:41:53,894 - __main__ - INFO - metrics_no_nms OrderedDict([   ('MR-full-R1@0.3', 48.63),
                ('MR-full-R1@0.5', 38.82),
                ('MR-full-R1@0.7', 23.92),
                ('MR-full-mAP', 26.38),
                ('MR-full-mAP@0.5', 46.43),
                ('MR-full-mAP@0.75', 29.48),
                ('MR-full-mIoU', 34.15),
                ('GMR-AUROC', 73.95),
                ('GMR-Rej-F1@0.4', 62.53),
                ('GMR-Acc@0.4', 66.24),
                ('GMR-Rej-F1@0.6', 69.52),
                ('GMR-Acc@0.6', 64.73),
                ('GMR-Rej-F1@0.8', 70.67),
                ('GMR-Acc@0.8', 63.23),
                ('GMR-G-mIoU@1', 39.81),
                ('GMR-G-mIoU@3', 34.05),
                ('GMR-G-mIoU@5', 31.73),
                ('GMR-mAP', 26.38),
                ('GMR-mR@1', 16.46),
                ('GMR-mR@3', 28.62),
                ('GMR-mR@5', 38.2),
                ('GMR-mR+@1', 0.0),
                ('GMR-mR+@3', 8.7),
                ('GMR-mR+@5', 15.35),
                ('GMR-mIoU@1', 34.15),
                ('GMR-mIoU@3', 30.51),
                ('GMR-mIoU@5', 30.41),
                ('GMR-mIoU+@1', 0.0),
                ('GMR-mIoU+@3', 11.9),
                ('GMR-mIoU+@5', 11.71)])
2026-07-23 14:41:53,895 - __main__ - INFO - metrics_nms OrderedDict([   ('MR-full-R1@0.3', 49.02),
                ('MR-full-R1@0.5', 38.82),
                ('MR-full-R1@0.7', 23.92),
                ('MR-full-mAP', 27.96),
                ('MR-full-mAP@0.5', 48.97),
                ('MR-full-mAP@0.75', 31.56),
                ('MR-full-mIoU', 34.27),
                ('GMR-AUROC', 73.95),
                ('GMR-Rej-F1@0.4', 62.53),
                ('GMR-Acc@0.4', 66.24),
                ('GMR-Rej-F1@0.6', 69.52),
                ('GMR-Acc@0.6', 64.73),
                ('GMR-Rej-F1@0.8', 70.67),
                ('GMR-Acc@0.8', 63.23),
                ('GMR-G-mIoU@1', 39.89),
                ('GMR-G-mIoU@3', 34.28),
                ('GMR-G-mIoU@5', 31.88),
                ('GMR-mAP', 27.96),
                ('GMR-mR@1', 16.46),
                ('GMR-mR@3', 31.58),
                ('GMR-mR@5', 40.07),
                ('GMR-mR+@1', 0.0),
                ('GMR-mR+@3', 9.26),
                ('GMR-mR+@5', 17.78),
                ('GMR-mIoU@1', 34.27),
                ('GMR-mIoU@3', 31.39),
                ('GMR-mIoU@5', 31.26),
                ('GMR-mIoU+@1', 0.0),
                ('GMR-mIoU+@3', 13.28),
                ('GMR-mIoU+@5', 12.95)])
2026-07-23 14:41:54,133 - __main__ - INFO - [Epoch 26]
2026-07-23 14:42:04,374 - __main__ - INFO - 2026_07_23_14_42_04 [Epoch] 026 [Loss] loss_reg 0.3042 loss_cls 0.0240 loss_exist 0.5421 loss_quality 0.4899 weighted_loss_overall 1.4562

2026-07-23 14:42:04,451 - __main__ - INFO - [Epoch 27]
2026-07-23 14:42:15,128 - __main__ - INFO - 2026_07_23_14_42_15 [Epoch] 027 [Loss] loss_reg 0.3030 loss_cls 0.0239 loss_exist 0.5425 loss_quality 0.4893 weighted_loss_overall 1.4543

2026-07-23 14:42:15,263 - __main__ - INFO - [Epoch 28]
2026-07-23 14:42:24,973 - __main__ - INFO - 2026_07_23_14_42_24 [Epoch] 028 [Loss] loss_reg 0.3020 loss_cls 0.0239 loss_exist 0.5422 loss_quality 0.4884 weighted_loss_overall 1.4523

2026-07-23 14:42:25,076 - __main__ - INFO - [Epoch 29]
2026-07-23 14:42:34,394 - __main__ - INFO - 2026_07_23_14_42_34 [Epoch] 029 [Loss] loss_reg 0.3033 loss_cls 0.0240 loss_exist 0.5446 loss_quality 0.4886 weighted_loss_overall 1.4564

2026-07-23 14:42:34,522 - __main__ - INFO - [Epoch 30]
2026-07-23 14:42:43,081 - __main__ - INFO - 2026_07_23_14_42_43 [Epoch] 030 [Loss] loss_reg 0.3034 loss_cls 0.0239 loss_exist 0.5433 loss_quality 0.4880 weighted_loss_overall 1.4542

2026-07-23 14:43:09,581 - __main__ - INFO - metrics_no_nms OrderedDict([   ('MR-full-R1@0.3', 49.41),
                ('MR-full-R1@0.5', 39.22),
                ('MR-full-R1@0.7', 23.92),
                ('MR-full-mAP', 26.53),
                ('MR-full-mAP@0.5', 46.78),
                ('MR-full-mAP@0.75', 29.7),
                ('MR-full-mIoU', 34.59),
                ('GMR-AUROC', 73.95),
                ('GMR-Rej-F1@0.4', 62.53),
                ('GMR-Acc@0.4', 66.24),
                ('GMR-Rej-F1@0.6', 69.52),
                ('GMR-Acc@0.6', 64.73),
                ('GMR-Rej-F1@0.8', 70.67),
                ('GMR-Acc@0.8', 63.23),
                ('GMR-G-mIoU@1', 40.06),
                ('GMR-G-mIoU@3', 34.1),
                ('GMR-G-mIoU@5', 31.76),
                ('GMR-mAP', 26.53),
                ('GMR-mR@1', 16.73),
                ('GMR-mR@3', 28.64),
                ('GMR-mR@5', 37.8),
                ('GMR-mR+@1', 0.0),
                ('GMR-mR+@3', 8.93),
                ('GMR-mR+@5', 15.35),
                ('GMR-mIoU@1', 34.59),
                ('GMR-mIoU@3', 30.85),
                ('GMR-mIoU@5', 30.75),
                ('GMR-mIoU+@1', 0.0),
                ('GMR-mIoU+@3', 12.24),
                ('GMR-mIoU+@5', 12.04)])
2026-07-23 14:43:09,581 - __main__ - INFO - metrics_nms OrderedDict([   ('MR-full-R1@0.3', 49.02),
                ('MR-full-R1@0.5', 38.82),
                ('MR-full-R1@0.7', 23.92),
                ('MR-full-mAP', 28.07),
                ('MR-full-mAP@0.5', 49.19),
                ('MR-full-mAP@0.75', 31.73),
                ('MR-full-mIoU', 34.23),
                ('GMR-AUROC', 73.95),
                ('GMR-Rej-F1@0.4', 62.53),
                ('GMR-Acc@0.4', 66.24),
                ('GMR-Rej-F1@0.6', 69.52),
                ('GMR-Acc@0.6', 64.73),
                ('GMR-Rej-F1@0.8', 70.67),
                ('GMR-Acc@0.8', 63.23),
                ('GMR-G-mIoU@1', 39.91),
                ('GMR-G-mIoU@3', 34.38),
                ('GMR-G-mIoU@5', 31.93),
                ('GMR-mAP', 28.07),
                ('GMR-mR@1', 16.67),
                ('GMR-mR@3', 31.18),
                ('GMR-mR@5', 40.25),
                ('GMR-mR+@1', 0.0),
                ('GMR-mR+@3', 9.15),
                ('GMR-mR+@5', 17.78),
                ('GMR-mIoU@1', 34.23),
                ('GMR-mIoU@3', 31.99),
                ('GMR-mIoU@5', 31.86),
                ('GMR-mIoU+@1', 0.0),
                ('GMR-mIoU+@3', 13.7),
                ('GMR-mIoU+@5', 13.37)])
2026-07-23 14:43:09,883 - __main__ - INFO - [Epoch 31]
2026-07-23 14:43:19,829 - __main__ - INFO - 2026_07_23_14_43_19 [Epoch] 031 [Loss] loss_reg 0.3024 loss_cls 0.0240 loss_exist 0.5422 loss_quality 0.4889 weighted_loss_overall 1.4537

2026-07-23 14:43:19,950 - __main__ - INFO - [Epoch 32]
2026-07-23 14:43:29,934 - __main__ - INFO - 2026_07_23_14_43_29 [Epoch] 032 [Loss] loss_reg 0.3058 loss_cls 0.0241 loss_exist 0.5433 loss_quality 0.4890 weighted_loss_overall 1.4587

2026-07-23 14:43:30,058 - __main__ - INFO - [Epoch 33]
2026-07-23 14:43:39,383 - __main__ - INFO - 2026_07_23_14_43_39 [Epoch] 033 [Loss] loss_reg 0.3013 loss_cls 0.0239 loss_exist 0.5431 loss_quality 0.4873 weighted_loss_overall 1.4511

2026-07-23 14:43:39,513 - __main__ - INFO - [Epoch 34]
2026-07-23 14:43:48,557 - __main__ - INFO - 2026_07_23_14_43_48 [Epoch] 034 [Loss] loss_reg 0.3010 loss_cls 0.0239 loss_exist 0.5433 loss_quality 0.4879 weighted_loss_overall 1.4517

2026-07-23 14:43:48,690 - __main__ - INFO - [Epoch 35]
2026-07-23 14:43:57,697 - __main__ - INFO - 2026_07_23_14_43_57 [Epoch] 035 [Loss] loss_reg 0.3001 loss_cls 0.0240 loss_exist 0.5446 loss_quality 0.4879 weighted_loss_overall 1.4529

2026-07-23 14:44:23,015 - __main__ - INFO - metrics_no_nms OrderedDict([   ('MR-full-R1@0.3', 49.41),
                ('MR-full-R1@0.5', 38.82),
                ('MR-full-R1@0.7', 23.53),
                ('MR-full-mAP', 26.32),
                ('MR-full-mAP@0.5', 46.62),
                ('MR-full-mAP@0.75', 29.41),
                ('MR-full-mIoU', 34.44),
                ('GMR-AUROC', 73.95),
                ('GMR-Rej-F1@0.4', 62.53),
                ('GMR-Acc@0.4', 66.24),
                ('GMR-Rej-F1@0.6', 69.52),
                ('GMR-Acc@0.6', 64.73),
                ('GMR-Rej-F1@0.8', 70.67),
                ('GMR-Acc@0.8', 63.23),
                ('GMR-G-mIoU@1', 39.91),
                ('GMR-G-mIoU@3', 34.07),
                ('GMR-G-mIoU@5', 31.74),
                ('GMR-mAP', 26.32),
                ('GMR-mR@1', 16.52),
                ('GMR-mR@3', 28.64),
                ('GMR-mR@5', 37.65),
                ('GMR-mR+@1', 0.0),
                ('GMR-mR+@3', 8.93),
                ('GMR-mR+@5', 15.02),
                ('GMR-mIoU@1', 34.44),
                ('GMR-mIoU@3', 30.93),
                ('GMR-mIoU@5', 30.83),
                ('GMR-mIoU+@1', 0.0),
                ('GMR-mIoU+@3', 12.24),
                ('GMR-mIoU+@5', 12.04)])
2026-07-23 14:44:23,015 - __main__ - INFO - metrics_nms OrderedDict([   ('MR-full-R1@0.3', 49.41),
                ('MR-full-R1@0.5', 39.22),
                ('MR-full-R1@0.7', 23.92),
                ('MR-full-mAP', 27.85),
                ('MR-full-mAP@0.5', 49.07),
                ('MR-full-mAP@0.75', 31.48),
                ('MR-full-mIoU', 34.65),
                ('GMR-AUROC', 73.95),
                ('GMR-Rej-F1@0.4', 62.53),
                ('GMR-Acc@0.4', 66.24),
                ('GMR-Rej-F1@0.6', 69.52),
                ('GMR-Acc@0.6', 64.73),
                ('GMR-Rej-F1@0.8', 70.67),
                ('GMR-Acc@0.8', 63.23),
                ('GMR-G-mIoU@1', 39.95),
                ('GMR-G-mIoU@3', 34.34),
                ('GMR-G-mIoU@5', 31.91),
                ('GMR-mAP', 27.85),
                ('GMR-mR@1', 16.65),
                ('GMR-mR@3', 31.38),
                ('GMR-mR@5', 39.96),
                ('GMR-mR+@1', 0.0),
                ('GMR-mR+@3', 9.15),
                ('GMR-mR+@5', 17.09),
                ('GMR-mIoU@1', 34.65),
                ('GMR-mIoU@3', 31.81),
                ('GMR-mIoU@5', 31.68),
                ('GMR-mIoU+@1', 0.0),
                ('GMR-mIoU+@3', 13.7),
                ('GMR-mIoU+@5', 13.37)])
2026-07-23 14:44:23,175 - __main__ - INFO - [Epoch 36]
2026-07-23 14:44:32,479 - __main__ - INFO - 2026_07_23_14_44_32 [Epoch] 036 [Loss] loss_reg 0.3027 loss_cls 0.0239 loss_exist 0.5436 loss_quality 0.4877 weighted_loss_overall 1.4537

2026-07-23 14:44:32,590 - __main__ - INFO - [Epoch 37]
2026-07-23 14:44:42,594 - __main__ - INFO - 2026_07_23_14_44_42 [Epoch] 037 [Loss] loss_reg 0.3039 loss_cls 0.0239 loss_exist 0.5420 loss_quality 0.4880 weighted_loss_overall 1.4535

2026-07-23 14:44:42,678 - __main__ - INFO - [Epoch 38]
2026-07-23 14:44:51,799 - __main__ - INFO - 2026_07_23_14_44_51 [Epoch] 038 [Loss] loss_reg 0.3014 loss_cls 0.0240 loss_exist 0.5421 loss_quality 0.4879 weighted_loss_overall 1.4515

2026-07-23 14:44:51,914 - __main__ - INFO - [Epoch 39]
2026-07-23 14:45:01,390 - __main__ - INFO - 2026_07_23_14_45_01 [Epoch] 039 [Loss] loss_reg 0.3046 loss_cls 0.0242 loss_exist 0.5428 loss_quality 0.4876 weighted_loss_overall 1.4560

2026-07-23 14:45:01,595 - __main__ - INFO - [Epoch 40]
2026-07-23 14:45:11,138 - __main__ - INFO - 2026_07_23_14_45_11 [Epoch] 040 [Loss] loss_reg 0.2973 loss_cls 0.0239 loss_exist 0.5410 loss_quality 0.4859 weighted_loss_overall 1.4438

2026-07-23 14:45:34,396 - __main__ - INFO - metrics_no_nms OrderedDict([   ('MR-full-R1@0.3', 49.41),
                ('MR-full-R1@0.5', 38.82),
                ('MR-full-R1@0.7', 23.53),
                ('MR-full-mAP', 26.31),
                ('MR-full-mAP@0.5', 46.61),
                ('MR-full-mAP@0.75', 29.36),
                ('MR-full-mIoU', 34.44),
                ('GMR-AUROC', 73.95),
                ('GMR-Rej-F1@0.4', 62.53),
                ('GMR-Acc@0.4', 66.24),
                ('GMR-Rej-F1@0.6', 69.52),
                ('GMR-Acc@0.6', 64.73),
                ('GMR-Rej-F1@0.8', 70.67),
                ('GMR-Acc@0.8', 63.23),
                ('GMR-G-mIoU@1', 39.91),
                ('GMR-G-mIoU@3', 34.03),
                ('GMR-G-mIoU@5', 31.72),
                ('GMR-mAP', 26.31),
                ('GMR-mR@1', 16.52),
                ('GMR-mR@3', 28.84),
                ('GMR-mR@5', 37.76),
                ('GMR-mR+@1', 0.0),
                ('GMR-mR+@3', 8.93),
                ('GMR-mR+@5', 15.02),
                ('GMR-mIoU@1', 34.44),
                ('GMR-mIoU@3', 30.83),
                ('GMR-mIoU@5', 30.73),
                ('GMR-mIoU+@1', 0.0),
                ('GMR-mIoU+@3', 11.69),
                ('GMR-mIoU+@5', 11.49)])
2026-07-23 14:45:34,396 - __main__ - INFO - metrics_nms OrderedDict([   ('MR-full-R1@0.3', 49.41),
                ('MR-full-R1@0.5', 39.22),
                ('MR-full-R1@0.7', 23.92),
                ('MR-full-mAP', 27.85),
                ('MR-full-mAP@0.5', 49.14),
                ('MR-full-mAP@0.75', 31.4),
                ('MR-full-mIoU', 34.65),
                ('GMR-AUROC', 73.95),
                ('GMR-Rej-F1@0.4', 62.53),
                ('GMR-Acc@0.4', 66.24),
                ('GMR-Rej-F1@0.6', 69.52),
                ('GMR-Acc@0.6', 64.73),
                ('GMR-Rej-F1@0.8', 70.67),
                ('GMR-Acc@0.8', 63.23),
                ('GMR-G-mIoU@1', 39.95),
                ('GMR-G-mIoU@3', 34.39),
                ('GMR-G-mIoU@5', 31.94),
                ('GMR-mAP', 27.85),
                ('GMR-mR@1', 16.65),
                ('GMR-mR@3', 30.95),
                ('GMR-mR@5', 40.16),
                ('GMR-mR+@1', 0.0),
                ('GMR-mR+@3', 8.98),
                ('GMR-mR+@5', 17.09),
                ('GMR-mIoU@1', 34.65),
                ('GMR-mIoU@3', 31.94),
                ('GMR-mIoU@5', 31.81),
                ('GMR-mIoU+@1', 0.0),
                ('GMR-mIoU+@3', 13.7),
                ('GMR-mIoU+@5', 13.37)])
2026-07-23 14:45:34,549 - __main__ - INFO - [Epoch 41]
2026-07-23 14:45:43,675 - __main__ - INFO - 2026_07_23_14_45_43 [Epoch] 041 [Loss] loss_reg 0.3032 loss_cls 0.0239 loss_exist 0.5420 loss_quality 0.4870 weighted_loss_overall 1.4518

2026-07-23 14:45:43,768 - __main__ - INFO - [Epoch 42]
2026-07-23 14:45:52,814 - __main__ - INFO - 2026_07_23_14_45_52 [Epoch] 042 [Loss] loss_reg 0.3042 loss_cls 0.0239 loss_exist 0.5413 loss_quality 0.4867 weighted_loss_overall 1.4519

2026-07-23 14:45:52,951 - __main__ - INFO - [Epoch 43]
2026-07-23 14:46:02,204 - __main__ - INFO - 2026_07_23_14_46_02 [Epoch] 043 [Loss] loss_reg 0.3022 loss_cls 0.0240 loss_exist 0.5428 loss_quality 0.4867 weighted_loss_overall 1.4520

2026-07-23 14:46:02,321 - __main__ - INFO - [Epoch 44]
2026-07-23 14:46:11,593 - __main__ - INFO - 2026_07_23_14_46_11 [Epoch] 044 [Loss] loss_reg 0.3044 loss_cls 0.0240 loss_exist 0.5434 loss_quality 0.4877 weighted_loss_overall 1.4553

2026-07-23 14:46:11,723 - __main__ - INFO - [Epoch 45]
2026-07-23 14:46:20,758 - __main__ - INFO - 2026_07_23_14_46_20 [Epoch] 045 [Loss] loss_reg 0.3005 loss_cls 0.0239 loss_exist 0.5429 loss_quality 0.4870 weighted_loss_overall 1.4501

2026-07-23 14:46:43,127 - __main__ - INFO - metrics_no_nms OrderedDict([   ('MR-full-R1@0.3', 49.8),
                ('MR-full-R1@0.5', 38.82),
                ('MR-full-R1@0.7', 23.53),
                ('MR-full-mAP', 26.38),
                ('MR-full-mAP@0.5', 46.57),
                ('MR-full-mAP@0.75', 29.49),
                ('MR-full-mIoU', 34.56),
                ('GMR-AUROC', 73.95),
                ('GMR-Rej-F1@0.4', 62.53),
                ('GMR-Acc@0.4', 66.24),
                ('GMR-Rej-F1@0.6', 69.52),
                ('GMR-Acc@0.6', 64.73),
                ('GMR-Rej-F1@0.8', 70.67),
                ('GMR-Acc@0.8', 63.23),
                ('GMR-G-mIoU@1', 39.98),
                ('GMR-G-mIoU@3', 34.06),
                ('GMR-G-mIoU@5', 31.74),
                ('GMR-mAP', 26.38),
                ('GMR-mR@1', 16.52),
                ('GMR-mR@3', 29.11),
                ('GMR-mR@5', 37.84),
                ('GMR-mR+@1', 0.0),
                ('GMR-mR+@3', 8.93),
                ('GMR-mR+@5', 15.02),
                ('GMR-mIoU@1', 34.56),
                ('GMR-mIoU@3', 30.96),
                ('GMR-mIoU@5', 30.86),
                ('GMR-mIoU+@1', 0.0),
                ('GMR-mIoU+@3', 11.69),
                ('GMR-mIoU+@5', 11.49)])
2026-07-23 14:46:43,128 - __main__ - INFO - metrics_nms OrderedDict([   ('MR-full-R1@0.3', 49.8),
                ('MR-full-R1@0.5', 39.22),
                ('MR-full-R1@0.7', 23.92),
                ('MR-full-mAP', 27.91),
                ('MR-full-mAP@0.5', 49.23),
                ('MR-full-mAP@0.75', 31.58),
                ('MR-full-mIoU', 34.78),
                ('GMR-AUROC', 73.95),
                ('GMR-Rej-F1@0.4', 62.53),
                ('GMR-Acc@0.4', 66.24),
                ('GMR-Rej-F1@0.6', 69.52),
                ('GMR-Acc@0.6', 64.73),
                ('GMR-Rej-F1@0.8', 70.67),
                ('GMR-Acc@0.8', 63.23),
                ('GMR-G-mIoU@1', 40.02),
                ('GMR-G-mIoU@3', 34.41),
                ('GMR-G-mIoU@5', 31.96),
                ('GMR-mAP', 27.91),
                ('GMR-mR@1', 16.65),
                ('GMR-mR@3', 31.11),
                ('GMR-mR@5', 40.08),
                ('GMR-mR+@1', 0.0),
                ('GMR-mR+@3', 8.98),
                ('GMR-mR+@5', 17.09),
                ('GMR-mIoU@1', 34.78),
                ('GMR-mIoU@3', 32.06),
                ('GMR-mIoU@5', 31.94),
                ('GMR-mIoU+@1', 0.0),
                ('GMR-mIoU+@3', 13.7),
                ('GMR-mIoU+@5', 13.37)])
2026-07-23 14:46:43,256 - __main__ - INFO - [Epoch 46]
2026-07-23 14:46:51,777 - __main__ - INFO - 2026_07_23_14_46_51 [Epoch] 046 [Loss] loss_reg 0.3032 loss_cls 0.0239 loss_exist 0.5403 loss_quality 0.4865 weighted_loss_overall 1.4493

2026-07-23 14:46:51,884 - __main__ - INFO - [Epoch 47]
2026-07-23 14:47:00,624 - __main__ - INFO - 2026_07_23_14_47_00 [Epoch] 047 [Loss] loss_reg 0.3035 loss_cls 0.0241 loss_exist 0.5435 loss_quality 0.4871 weighted_loss_overall 1.4547

2026-07-23 14:47:00,710 - __main__ - INFO - [Epoch 48]
2026-07-23 14:47:09,553 - __main__ - INFO - 2026_07_23_14_47_09 [Epoch] 048 [Loss] loss_reg 0.3053 loss_cls 0.0240 loss_exist 0.5435 loss_quality 0.4866 weighted_loss_overall 1.4552

2026-07-23 14:47:09,656 - __main__ - INFO - [Epoch 49]
2026-07-23 14:47:17,816 - __main__ - INFO - 2026_07_23_14_47_17 [Epoch] 049 [Loss] loss_reg 0.3000 loss_cls 0.0238 loss_exist 0.5407 loss_quality 0.4863 weighted_loss_overall 1.4460

2026-07-23 14:47:17,933 - __main__ - INFO - [Epoch 50]
2026-07-23 14:47:26,734 - __main__ - INFO - 2026_07_23_14_47_26 [Epoch] 050 [Loss] loss_reg 0.3014 loss_cls 0.0241 loss_exist 0.5415 loss_quality 0.4864 weighted_loss_overall 1.4500

2026-07-23 14:47:49,959 - __main__ - INFO - metrics_no_nms OrderedDict([   ('MR-full-R1@0.3', 49.8),
                ('MR-full-R1@0.5', 38.82),
                ('MR-full-R1@0.7', 22.75),
                ('MR-full-mAP', 26.02),
                ('MR-full-mAP@0.5', 46.58),
                ('MR-full-mAP@0.75', 28.91),
                ('MR-full-mIoU', 34.28),
                ('GMR-AUROC', 73.95),
                ('GMR-Rej-F1@0.4', 62.53),
                ('GMR-Acc@0.4', 66.24),
                ('GMR-Rej-F1@0.6', 69.52),
                ('GMR-Acc@0.6', 64.73),
                ('GMR-Rej-F1@0.8', 70.67),
                ('GMR-Acc@0.8', 63.23),
                ('GMR-G-mIoU@1', 39.75),
                ('GMR-G-mIoU@3', 34.0),
                ('GMR-G-mIoU@5', 31.7),
                ('GMR-mAP', 26.02),
                ('GMR-mR@1', 15.78),
                ('GMR-mR@3', 29.35),
                ('GMR-mR@5', 37.57),
                ('GMR-mR+@1', 0.0),
                ('GMR-mR+@3', 8.93),
                ('GMR-mR+@5', 14.35),
                ('GMR-mIoU@1', 34.28),
                ('GMR-mIoU@3', 30.65),
                ('GMR-mIoU@5', 30.55),
                ('GMR-mIoU+@1', 0.0),
                ('GMR-mIoU+@3', 12.24),
                ('GMR-mIoU+@5', 12.04)])
2026-07-23 14:47:49,959 - __main__ - INFO - metrics_nms OrderedDict([   ('MR-full-R1@0.3', 50.2),
                ('MR-full-R1@0.5', 39.61),
                ('MR-full-R1@0.7', 24.31),
                ('MR-full-mAP', 28.11),
                ('MR-full-mAP@0.5', 49.6),
                ('MR-full-mAP@0.75', 31.86),
                ('MR-full-mIoU', 35.03),
                ('GMR-AUROC', 73.95),
                ('GMR-Rej-F1@0.4', 62.53),
                ('GMR-Acc@0.4', 66.24),
                ('GMR-Rej-F1@0.6', 69.52),
                ('GMR-Acc@0.6', 64.73),
                ('GMR-Rej-F1@0.8', 70.67),
                ('GMR-Acc@0.8', 63.23),
                ('GMR-G-mIoU@1', 40.16),
                ('GMR-G-mIoU@3', 34.45),
                ('GMR-G-mIoU@5', 31.98),
                ('GMR-mAP', 28.11),
                ('GMR-mR@1', 16.88),
                ('GMR-mR@3', 31.11),
                ('GMR-mR@5', 39.87),
                ('GMR-mR+@1', 0.0),
                ('GMR-mR+@3', 8.98),
                ('GMR-mR+@5', 16.09),
                ('GMR-mIoU@1', 35.03),
                ('GMR-mIoU@3', 32.42),
                ('GMR-mIoU@5', 32.29),
                ('GMR-mIoU+@1', 0.0),
                ('GMR-mIoU+@3', 13.83),
                ('GMR-mIoU+@5', 13.5)])
2026-07-23 14:47:49,963 - __main__ - INFO - 
>>>>> Early stop at epoch 49  26.67

2026-07-23 14:47:50,014 - __main__ - INFO - 


FINISHED TRAINING!!!
2026-07-23 14:47:50,017 - __main__ - INFO - Evaluating model at /home/guoxiangyu/generalized-moment-retrieval/artifacts/flash_vtg_supplement/seed2023_bsz128/flash_vtg_gmr_quality/model_best.ckpt
2026-07-23 14:47:50,019 - __main__ - INFO - Input args ['/home/guoxiangyu/generalized-moment-retrieval/configs/flash_vtg_gmr/model.py', '--resume', '/home/guoxiangyu/generalized-moment-retrieval/artifacts/flash_vtg_supplement/seed2023_bsz128/flash_vtg_gmr_quality/model_best.ckpt', '--eval_split_name', 'val', '--eval_path', '/home/guoxiangyu/generalized-moment-retrieval/data/label/Standard/val.jsonl']
