2026-07-23 14:35:24,681 - __main__ - INFO - Setup data and model...
2026-07-23 14:35:39,839 - __main__ - INFO - Model FlashVTG(
  (transformer): Transformer(
    (t2v_encoder): TransformerCATEEncoder(
      (layers): ModuleList(
        (0-5): 6 x T2V_TransformerEncoderLayer(
          (self_attn): MultiheadAttention(
            (out_proj): Linear(in_features=256, out_features=256, bias=True)
          )
          (linear1): Linear(in_features=256, out_features=1024, bias=True)
          (dropout): Dropout(p=0.1, inplace=False)
          (linear2): Linear(in_features=1024, out_features=256, bias=True)
          (norm1): LayerNorm((256,), eps=1e-05, elementwise_affine=True)
          (norm2): LayerNorm((256,), eps=1e-05, elementwise_affine=True)
          (dropout1): DropPath()
          (dropout2): DropPath()
          (activation): PReLU(num_parameters=1)
        )
      )
    )
    (encoder): TransformerEncoder(
      (layers): ModuleList(
        (0-2): 3 x TransformerEncoderLayer(
          (self_attn): MultiheadAttention(
            (out_proj): NonDynamicallyQuantizableLinear(in_features=256, out_features=256, bias=True)
          )
          (linear1): Linear(in_features=256, out_features=1024, bias=True)
          (dropout): Dropout(p=0.1, inplace=False)
          (linear2): Linear(in_features=1024, out_features=256, bias=True)
          (norm1): LayerNorm((256,), eps=1e-05, elementwise_affine=True)
          (norm2): LayerNorm((256,), eps=1e-05, elementwise_affine=True)
          (dropout1): DropPath()
          (dropout2): DropPath()
          (activation): PReLU(num_parameters=1)
        )
      )
    )
  )
  (position_embed): PositionEmbeddingSine()
  (txt_position_embed): TrainablePositionalEncoding(
    (position_embeddings): Embedding(40, 256)
    (LayerNorm): LayerNorm((256,), eps=1e-05, elementwise_affine=True)
    (dropout): Dropout(p=0.5, inplace=False)
  )
  (saliency_proj1): Linear(in_features=256, out_features=256, bias=True)
  (saliency_proj2): Linear(in_features=256, out_features=256, bias=True)
  (PositionEmbeddingSine): PositionEmbeddingSine()
  (input_txt_proj): Sequential(
    (0): LinearLayer(
      (LayerNorm): LayerNorm((512,), eps=1e-05, elementwise_affine=True)
      (net): Sequential(
        (0): Dropout(p=0.5, inplace=False)
        (1): Linear(in_features=512, out_features=256, bias=True)
      )
    )
    (1): LinearLayer(
      (LayerNorm): LayerNorm((256,), eps=1e-05, elementwise_affine=True)
      (net): Sequential(
        (0): Dropout(p=0.5, inplace=False)
        (1): Linear(in_features=256, out_features=256, bias=True)
      )
    )
  )
  (input_vid_proj): Sequential(
    (0): LinearLayer(
      (LayerNorm): LayerNorm((2818,), eps=1e-05, elementwise_affine=True)
      (net): Sequential(
        (0): Dropout(p=0.5, inplace=False)
        (1): Linear(in_features=2818, out_features=256, bias=True)
      )
    )
    (1): LinearLayer(
      (LayerNorm): LayerNorm((256,), eps=1e-05, elementwise_affine=True)
      (net): Sequential(
        (0): Dropout(p=0.5, inplace=False)
        (1): Linear(in_features=256, out_features=256, bias=True)
      )
    )
  )
  (token_type_embeddings): Embedding(2, 256)
  (txtproj_encoder): TransformerEncoder(
    (layers): ModuleList(
      (0-1): 2 x TransformerEncoderLayer(
        (self_attn): MultiheadAttention(
          (out_proj): NonDynamicallyQuantizableLinear(in_features=256, out_features=256, bias=True)
        )
        (linear1): Linear(in_features=256, out_features=1024, bias=True)
        (dropout): Dropout(p=0.1, inplace=False)
        (linear2): Linear(in_features=1024, out_features=256, bias=True)
        (norm1): LayerNorm((256,), eps=1e-05, elementwise_affine=True)
        (norm2): LayerNorm((256,), eps=1e-05, elementwise_affine=True)
        (dropout1): DropPath()
        (dropout2): DropPath()
        (activation): PReLU(num_parameters=1)
      )
    )
  )
  (pyramid): ConvPyramid(
    (blocks): ModuleList(
      (0): ReLU(inplace=True)
      (1): Sequential(
        (0): Permute()
        (1): Conv1d(256, 256, kernel_size=(2,), stride=(2,))
        (2): Permute()
        (3): LayerNorm((256,), eps=1e-05, elementwise_affine=True)
        (4): ReLU(inplace=True)
      )
      (2): Sequential(
        (0): Permute()
        (1): Conv1d(256, 256, kernel_size=(2,), stride=(2,))
        (2): Permute()
        (3): LayerNorm((256,), eps=1e-05, elementwise_affine=True)
        (4): ReLU(inplace=True)
        (5): Permute()
        (6): Conv1d(256, 256, kernel_size=(2,), stride=(2,))
        (7): Permute()
        (8): LayerNorm((256,), eps=1e-05, elementwise_affine=True)
        (9): ReLU(inplace=True)
      )
      (3): Sequential(
        (0): Permute()
        (1): Conv1d(256, 256, kernel_size=(2,), stride=(2,))
        (2): Permute()
        (3): LayerNorm((256,), eps=1e-05, elementwise_affine=True)
        (4): ReLU(inplace=True)
        (5): Permute()
        (6): Conv1d(256, 256, kernel_size=(2,), stride=(2,))
        (7): Permute()
        (8): LayerNorm((256,), eps=1e-05, elementwise_affine=True)
        (9): ReLU(inplace=True)
        (10): Permute()
        (11): Conv1d(256, 256, kernel_size=(2,), stride=(2,))
        (12): Permute()
        (13): LayerNorm((256,), eps=1e-05, elementwise_affine=True)
        (14): ReLU(inplace=True)
      )
    )
  )
  (pooling): AdaPooling(
    (att): Linear(in_features=256, out_features=1, bias=False)
  )
  (conf_head): ConfidenceScorer(
    (convs): ModuleList(
      (0): Conv2d(256, 256, kernel_size=(1, 5), stride=(1, 1), padding=(0, 2))
    )
    (activations): ModuleList(
      (0): ReLU()
    )
    (fc): MLP(
      (layers): ModuleList(
        (0): Linear(in_features=256, out_features=128, bias=True)
        (1-3): 3 x Linear(in_features=128, out_features=128, bias=True)
        (4): Linear(in_features=128, out_features=1, bias=True)
      )
    )
  )
  (class_head): ConfidenceScorer(
    (convs): ModuleList(
      (0): Conv2d(256, 256, kernel_size=(1, 5), stride=(1, 1), padding=(0, 2))
    )
    (activations): ModuleList(
      (0): ReLU()
    )
    (fc): MLP(
      (layers): ModuleList(
        (0): Linear(in_features=256, out_features=128, bias=True)
        (1-3): 3 x Linear(in_features=128, out_features=128, bias=True)
        (4): Linear(in_features=128, out_features=1, bias=True)
      )
    )
  )
  (coord_head): ConvHead(
    (module): Sequential(
      (0): Permute()
      (1): Conv1d(256, 256, kernel_size=(3,), stride=(1,), padding=(1,))
      (2): ReLU(inplace=True)
      (3): Conv1d(256, 2, kernel_size=(3,), stride=(1,), padding=(1,))
      (4): Permute()
    )
  )
  (generator): PointGenerator(
    (buffer): BufferList()
  )
  (exist_head): Sequential(
    (0): Linear(in_features=512, out_features=256, bias=True)
    (1): ReLU(inplace=True)
    (2): Linear(in_features=256, out_features=1, bias=True)
  )
  (zero_verifier_head): FlashIndependentZeroVerifier(
    (representation): Sequential(
      (0): LayerNorm((1280,), eps=1e-05, elementwise_affine=True)
      (1): Linear(in_features=1280, out_features=256, bias=True)
      (2): GELU(approximate='none')
      (3): Dropout(p=0.1, inplace=False)
    )
    (classifier): Sequential(
      (0): LayerNorm((267,), eps=1e-05, elementwise_affine=True)
      (1): Linear(in_features=267, out_features=256, bias=True)
      (2): GELU(approximate='none')
      (3): Dropout(p=0.1, inplace=False)
      (4): Linear(in_features=256, out_features=1, bias=True)
    )
  )
)
2026-07-23 14:35:39,839 - __main__ - INFO - Learnable Parameters:
2026-07-23 14:35:39,840 - __main__ - INFO - Learnable Parameters: 0.381M (3.635%)
2026-07-23 14:35:39,840 - __main__ - INFO - Start Training...
2026-07-23 14:35:39,841 - __main__ - INFO - CUDA enabled.
2026-07-23 14:35:39,865 - __main__ - INFO - [Epoch 1]
2026-07-23 14:35:50,352 - __main__ - INFO - 2026_07_23_14_35_50 [Epoch] 001 [Loss] loss_reg 0.3010 loss_cls 0.0240 loss_exist 0.5427 loss_zero 0.6904 weighted_loss_overall 1.6540

2026-07-23 14:35:50,448 - __main__ - INFO - [Epoch 2]
2026-07-23 14:35:58,738 - __main__ - INFO - 2026_07_23_14_35_58 [Epoch] 002 [Loss] loss_reg 0.3026 loss_cls 0.0240 loss_exist 0.5440 loss_zero 0.6766 weighted_loss_overall 1.6434

2026-07-23 14:35:58,888 - __main__ - INFO - [Epoch 3]
2026-07-23 14:36:07,704 - __main__ - INFO - 2026_07_23_14_36_07 [Epoch] 003 [Loss] loss_reg 0.3031 loss_cls 0.0238 loss_exist 0.5415 loss_zero 0.6532 weighted_loss_overall 1.6168

2026-07-23 14:36:07,881 - __main__ - INFO - [Epoch 4]
2026-07-23 14:36:17,311 - __main__ - INFO - 2026_07_23_14_36_17 [Epoch] 004 [Loss] loss_reg 0.3014 loss_cls 0.0239 loss_exist 0.5393 loss_zero 0.6264 weighted_loss_overall 1.5868

2026-07-23 14:36:17,411 - __main__ - INFO - [Epoch 5]
2026-07-23 14:36:26,141 - __main__ - INFO - 2026_07_23_14_36_26 [Epoch] 005 [Loss] loss_reg 0.3008 loss_cls 0.0238 loss_exist 0.5416 loss_zero 0.6012 weighted_loss_overall 1.5627

2026-07-23 14:36:51,574 - __main__ - INFO - metrics_no_nms OrderedDict([   ('MR-full-R1@0.3', 50.2),
                ('MR-full-R1@0.5', 39.61),
                ('MR-full-R1@0.7', 25.1),
                ('MR-full-mAP', 26.01),
                ('MR-full-mAP@0.5', 46.03),
                ('MR-full-mAP@0.75', 28.96),
                ('MR-full-mIoU', 35.08),
                ('GMR-AUROC', 74.29),
                ('GMR-Rej-F1@0.4', 60.98),
                ('GMR-Acc@0.4', 67.53),
                ('GMR-Rej-F1@0.6', 69.52),
                ('GMR-Acc@0.6', 64.73),
                ('GMR-Rej-F1@0.8', 70.67),
                ('GMR-Acc@0.8', 63.23),
                ('GMR-G-mIoU@1', 38.43),
                ('GMR-G-mIoU@3', 31.66),
                ('GMR-G-mIoU@5', 29.18),
                ('GMR-mAP', 26.01),
                ('GMR-mR@1', 17.23),
                ('GMR-mR@3', 28.27),
                ('GMR-mR@5', 34.88),
                ('GMR-mR+@1', 0.0),
                ('GMR-mR+@3', 7.98),
                ('GMR-mR+@5', 12.93),
                ('GMR-mIoU@1', 35.08),
                ('GMR-mIoU@3', 30.54),
                ('GMR-mIoU@5', 30.42),
                ('GMR-mIoU+@1', 0.0),
                ('GMR-mIoU+@3', 8.94),
                ('GMR-mIoU+@5', 8.64)])
2026-07-23 14:36:51,575 - __main__ - INFO - metrics_nms OrderedDict([   ('MR-full-R1@0.3', 49.41),
                ('MR-full-R1@0.5', 39.22),
                ('MR-full-R1@0.7', 24.71),
                ('MR-full-mAP', 27.61),
                ('MR-full-mAP@0.5', 48.64),
                ('MR-full-mAP@0.75', 31.06),
                ('MR-full-mIoU', 34.49),
                ('GMR-AUROC', 74.29),
                ('GMR-Rej-F1@0.4', 60.98),
                ('GMR-Acc@0.4', 67.53),
                ('GMR-Rej-F1@0.6', 69.52),
                ('GMR-Acc@0.6', 64.73),
                ('GMR-Rej-F1@0.8', 70.67),
                ('GMR-Acc@0.8', 63.23),
                ('GMR-G-mIoU@1', 38.26),
                ('GMR-G-mIoU@3', 32.01),
                ('GMR-G-mIoU@5', 29.42),
                ('GMR-mAP', 27.61),
                ('GMR-mR@1', 16.92),
                ('GMR-mR@3', 30.4),
                ('GMR-mR@5', 38.52),
                ('GMR-mR+@1', 0.0),
                ('GMR-mR+@3', 7.54),
                ('GMR-mR+@5', 15.81),
                ('GMR-mIoU@1', 34.49),
                ('GMR-mIoU@3', 31.65),
                ('GMR-mIoU@5', 31.62),
                ('GMR-mIoU+@1', 0.0),
                ('GMR-mIoU+@3', 11.52),
                ('GMR-mIoU+@5', 11.62)])
2026-07-23 14:36:51,933 - __main__ - INFO - The checkpoint file has been updated.
2026-07-23 14:36:52,048 - __main__ - INFO - [Epoch 6]
2026-07-23 14:37:00,941 - __main__ - INFO - 2026_07_23_14_37_00 [Epoch] 006 [Loss] loss_reg 0.3015 loss_cls 0.0241 loss_exist 0.5445 loss_zero 0.5816 weighted_loss_overall 1.5480

2026-07-23 14:37:01,122 - __main__ - INFO - [Epoch 7]
2026-07-23 14:37:10,180 - __main__ - INFO - 2026_07_23_14_37_10 [Epoch] 007 [Loss] loss_reg 0.3001 loss_cls 0.0239 loss_exist 0.5449 loss_zero 0.5692 weighted_loss_overall 1.5338

2026-07-23 14:37:10,298 - __main__ - INFO - [Epoch 8]
2026-07-23 14:37:19,320 - __main__ - INFO - 2026_07_23_14_37_19 [Epoch] 008 [Loss] loss_reg 0.3013 loss_cls 0.0239 loss_exist 0.5410 loss_zero 0.5591 weighted_loss_overall 1.5209

2026-07-23 14:37:19,520 - __main__ - INFO - [Epoch 9]
2026-07-23 14:37:27,869 - __main__ - INFO - 2026_07_23_14_37_27 [Epoch] 009 [Loss] loss_reg 0.3030 loss_cls 0.0239 loss_exist 0.5406 loss_zero 0.5523 weighted_loss_overall 1.5153

2026-07-23 14:37:28,015 - __main__ - INFO - [Epoch 10]
2026-07-23 14:37:36,961 - __main__ - INFO - 2026_07_23_14_37_36 [Epoch] 010 [Loss] loss_reg 0.3057 loss_cls 0.0241 loss_exist 0.5417 loss_zero 0.5501 weighted_loss_overall 1.5183

2026-07-23 14:38:03,132 - __main__ - INFO - metrics_no_nms OrderedDict([   ('MR-full-R1@0.3', 50.2),
                ('MR-full-R1@0.5', 39.61),
                ('MR-full-R1@0.7', 25.1),
                ('MR-full-mAP', 26.01),
                ('MR-full-mAP@0.5', 46.03),
                ('MR-full-mAP@0.75', 28.96),
                ('MR-full-mIoU', 35.08),
                ('GMR-AUROC', 73.8),
                ('GMR-Rej-F1@0.4', 58.82),
                ('GMR-Acc@0.4', 65.38),
                ('GMR-Rej-F1@0.6', 69.29),
                ('GMR-Acc@0.6', 64.73),
                ('GMR-Rej-F1@0.8', 70.34),
                ('GMR-Acc@0.8', 63.01),
                ('GMR-G-mIoU@1', 36.96),
                ('GMR-G-mIoU@3', 30.66),
                ('GMR-G-mIoU@5', 28.33),
                ('GMR-mAP', 26.01),
                ('GMR-mR@1', 17.23),
                ('GMR-mR@3', 28.27),
                ('GMR-mR@5', 34.88),
                ('GMR-mR+@1', 0.0),
                ('GMR-mR+@3', 7.98),
                ('GMR-mR+@5', 12.93),
                ('GMR-mIoU@1', 35.08),
                ('GMR-mIoU@3', 30.54),
                ('GMR-mIoU@5', 30.42),
                ('GMR-mIoU+@1', 0.0),
                ('GMR-mIoU+@3', 8.94),
                ('GMR-mIoU+@5', 8.64)])
2026-07-23 14:38:03,132 - __main__ - INFO - metrics_nms OrderedDict([   ('MR-full-R1@0.3', 49.41),
                ('MR-full-R1@0.5', 39.22),
                ('MR-full-R1@0.7', 24.71),
                ('MR-full-mAP', 27.63),
                ('MR-full-mAP@0.5', 48.68),
                ('MR-full-mAP@0.75', 31.1),
                ('MR-full-mIoU', 34.49),
                ('GMR-AUROC', 73.8),
                ('GMR-Rej-F1@0.4', 58.82),
                ('GMR-Acc@0.4', 65.38),
                ('GMR-Rej-F1@0.6', 69.29),
                ('GMR-Acc@0.6', 64.73),
                ('GMR-Rej-F1@0.8', 70.34),
                ('GMR-Acc@0.8', 63.01),
                ('GMR-G-mIoU@1', 36.78),
                ('GMR-G-mIoU@3', 31.04),
                ('GMR-G-mIoU@5', 28.58),
                ('GMR-mAP', 27.63),
                ('GMR-mR@1', 16.92),
                ('GMR-mR@3', 30.4),
                ('GMR-mR@5', 38.52),
                ('GMR-mR+@1', 0.0),
                ('GMR-mR+@3', 7.54),
                ('GMR-mR+@5', 15.81),
                ('GMR-mIoU@1', 34.49),
                ('GMR-mIoU@3', 31.65),
                ('GMR-mIoU@5', 31.62),
                ('GMR-mIoU+@1', 0.0),
                ('GMR-mIoU+@3', 11.52),
                ('GMR-mIoU+@5', 11.62)])
2026-07-23 14:38:03,273 - __main__ - INFO - [Epoch 11]
2026-07-23 14:38:12,086 - __main__ - INFO - 2026_07_23_14_38_12 [Epoch] 011 [Loss] loss_reg 0.3018 loss_cls 0.0240 loss_exist 0.5425 loss_zero 0.5491 weighted_loss_overall 1.5133

2026-07-23 14:38:12,226 - __main__ - INFO - [Epoch 12]
2026-07-23 14:38:20,904 - __main__ - INFO - 2026_07_23_14_38_20 [Epoch] 012 [Loss] loss_reg 0.3033 loss_cls 0.0240 loss_exist 0.5429 loss_zero 0.5480 weighted_loss_overall 1.5141

2026-07-23 14:38:21,066 - __main__ - INFO - [Epoch 13]
2026-07-23 14:38:30,461 - __main__ - INFO - 2026_07_23_14_38_30 [Epoch] 013 [Loss] loss_reg 0.3041 loss_cls 0.0240 loss_exist 0.5453 loss_zero 0.5486 weighted_loss_overall 1.5183

2026-07-23 14:38:30,583 - __main__ - INFO - [Epoch 14]
2026-07-23 14:38:39,025 - __main__ - INFO - 2026_07_23_14_38_39 [Epoch] 014 [Loss] loss_reg 0.3014 loss_cls 0.0239 loss_exist 0.5423 loss_zero 0.5460 weighted_loss_overall 1.5094

2026-07-23 14:38:39,183 - __main__ - INFO - [Epoch 15]
2026-07-23 14:38:47,693 - __main__ - INFO - 2026_07_23_14_38_47 [Epoch] 015 [Loss] loss_reg 0.3029 loss_cls 0.0242 loss_exist 0.5438 loss_zero 0.5454 weighted_loss_overall 1.5131

2026-07-23 14:39:11,870 - __main__ - INFO - metrics_no_nms OrderedDict([   ('MR-full-R1@0.3', 50.2),
                ('MR-full-R1@0.5', 39.61),
                ('MR-full-R1@0.7', 25.1),
                ('MR-full-mAP', 26.01),
                ('MR-full-mAP@0.5', 46.03),
                ('MR-full-mAP@0.75', 28.96),
                ('MR-full-mIoU', 35.08),
                ('GMR-AUROC', 74.0),
                ('GMR-Rej-F1@0.4', 58.15),
                ('GMR-Acc@0.4', 64.09),
                ('GMR-Rej-F1@0.6', 69.52),
                ('GMR-Acc@0.6', 64.73),
                ('GMR-Rej-F1@0.8', 70.67),
                ('GMR-Acc@0.8', 63.23),
                ('GMR-G-mIoU@1', 37.05),
                ('GMR-G-mIoU@3', 30.82),
                ('GMR-G-mIoU@5', 28.51),
                ('GMR-mAP', 26.01),
                ('GMR-mR@1', 17.23),
                ('GMR-mR@3', 28.27),
                ('GMR-mR@5', 34.88),
                ('GMR-mR+@1', 0.0),
                ('GMR-mR+@3', 7.98),
                ('GMR-mR+@5', 12.93),
                ('GMR-mIoU@1', 35.08),
                ('GMR-mIoU@3', 30.54),
                ('GMR-mIoU@5', 30.42),
                ('GMR-mIoU+@1', 0.0),
                ('GMR-mIoU+@3', 8.94),
                ('GMR-mIoU+@5', 8.64)])
2026-07-23 14:39:11,871 - __main__ - INFO - metrics_nms OrderedDict([   ('MR-full-R1@0.3', 49.41),
                ('MR-full-R1@0.5', 39.22),
                ('MR-full-R1@0.7', 24.71),
                ('MR-full-mAP', 27.63),
                ('MR-full-mAP@0.5', 48.68),
                ('MR-full-mAP@0.75', 31.1),
                ('MR-full-mIoU', 34.58),
                ('GMR-AUROC', 74.0),
                ('GMR-Rej-F1@0.4', 58.15),
                ('GMR-Acc@0.4', 64.09),
                ('GMR-Rej-F1@0.6', 69.52),
                ('GMR-Acc@0.6', 64.73),
                ('GMR-Rej-F1@0.8', 70.67),
                ('GMR-Acc@0.8', 63.23),
                ('GMR-G-mIoU@1', 36.88),
                ('GMR-G-mIoU@3', 31.13),
                ('GMR-G-mIoU@5', 28.72),
                ('GMR-mAP', 27.63),
                ('GMR-mR@1', 16.92),
                ('GMR-mR@3', 30.4),
                ('GMR-mR@5', 38.52),
                ('GMR-mR+@1', 0.0),
                ('GMR-mR+@3', 7.54),
                ('GMR-mR+@5', 15.81),
                ('GMR-mIoU@1', 34.58),
                ('GMR-mIoU@3', 31.74),
                ('GMR-mIoU@5', 31.71),
                ('GMR-mIoU+@1', 0.0),
                ('GMR-mIoU+@3', 11.52),
                ('GMR-mIoU+@5', 11.62)])
2026-07-23 14:39:12,073 - __main__ - INFO - [Epoch 16]
2026-07-23 14:39:21,529 - __main__ - INFO - 2026_07_23_14_39_21 [Epoch] 016 [Loss] loss_reg 0.3029 loss_cls 0.0239 loss_exist 0.5419 loss_zero 0.5445 weighted_loss_overall 1.5089

2026-07-23 14:39:21,763 - __main__ - INFO - [Epoch 17]
2026-07-23 14:39:30,683 - __main__ - INFO - 2026_07_23_14_39_30 [Epoch] 017 [Loss] loss_reg 0.3013 loss_cls 0.0239 loss_exist 0.5410 loss_zero 0.5433 weighted_loss_overall 1.5051

2026-07-23 14:39:30,788 - __main__ - INFO - [Epoch 18]
2026-07-23 14:39:39,776 - __main__ - INFO - 2026_07_23_14_39_39 [Epoch] 018 [Loss] loss_reg 0.3015 loss_cls 0.0239 loss_exist 0.5395 loss_zero 0.5405 weighted_loss_overall 1.5011

2026-07-23 14:39:39,871 - __main__ - INFO - [Epoch 19]
2026-07-23 14:39:49,305 - __main__ - INFO - 2026_07_23_14_39_49 [Epoch] 019 [Loss] loss_reg 0.3017 loss_cls 0.0240 loss_exist 0.5428 loss_zero 0.5429 weighted_loss_overall 1.5076

2026-07-23 14:39:49,473 - __main__ - INFO - [Epoch 20]
2026-07-23 14:39:57,753 - __main__ - INFO - 2026_07_23_14_39_57 [Epoch] 020 [Loss] loss_reg 0.3014 loss_cls 0.0239 loss_exist 0.5420 loss_zero 0.5429 weighted_loss_overall 1.5060

2026-07-23 14:40:25,038 - __main__ - INFO - metrics_no_nms OrderedDict([   ('MR-full-R1@0.3', 50.2),
                ('MR-full-R1@0.5', 39.61),
                ('MR-full-R1@0.7', 25.1),
                ('MR-full-mAP', 26.01),
                ('MR-full-mAP@0.5', 46.03),
                ('MR-full-mAP@0.75', 28.96),
                ('MR-full-mIoU', 35.08),
                ('GMR-AUROC', 73.9),
                ('GMR-Rej-F1@0.4', 58.59),
                ('GMR-Acc@0.4', 64.73),
                ('GMR-Rej-F1@0.6', 69.52),
                ('GMR-Acc@0.6', 64.73),
                ('GMR-Rej-F1@0.8', 70.67),
                ('GMR-Acc@0.8', 63.23),
                ('GMR-G-mIoU@1', 37.23),
                ('GMR-G-mIoU@3', 30.93),
                ('GMR-G-mIoU@5', 28.58),
                ('GMR-mAP', 26.01),
                ('GMR-mR@1', 17.23),
                ('GMR-mR@3', 28.27),
                ('GMR-mR@5', 34.88),
                ('GMR-mR+@1', 0.0),
                ('GMR-mR+@3', 7.98),
                ('GMR-mR+@5', 12.93),
                ('GMR-mIoU@1', 35.08),
                ('GMR-mIoU@3', 30.54),
                ('GMR-mIoU@5', 30.42),
                ('GMR-mIoU+@1', 0.0),
                ('GMR-mIoU+@3', 8.94),
                ('GMR-mIoU+@5', 8.64)])
2026-07-23 14:40:25,038 - __main__ - INFO - metrics_nms OrderedDict([   ('MR-full-R1@0.3', 49.8),
                ('MR-full-R1@0.5', 39.22),
                ('MR-full-R1@0.7', 24.71),
                ('MR-full-mAP', 27.63),
                ('MR-full-mAP@0.5', 48.68),
                ('MR-full-mAP@0.75', 31.1),
                ('MR-full-mIoU', 34.62),
                ('GMR-AUROC', 73.9),
                ('GMR-Rej-F1@0.4', 58.59),
                ('GMR-Acc@0.4', 64.73),
                ('GMR-Rej-F1@0.6', 69.52),
                ('GMR-Acc@0.6', 64.73),
                ('GMR-Rej-F1@0.8', 70.67),
                ('GMR-Acc@0.8', 63.23),
                ('GMR-G-mIoU@1', 37.09),
                ('GMR-G-mIoU@3', 31.25),
                ('GMR-G-mIoU@5', 28.8),
                ('GMR-mAP', 27.63),
                ('GMR-mR@1', 16.92),
                ('GMR-mR@3', 30.4),
                ('GMR-mR@5', 38.52),
                ('GMR-mR+@1', 0.0),
                ('GMR-mR+@3', 7.54),
                ('GMR-mR+@5', 15.81),
                ('GMR-mIoU@1', 34.62),
                ('GMR-mIoU@3', 31.65),
                ('GMR-mIoU@5', 31.62),
                ('GMR-mIoU+@1', 0.0),
                ('GMR-mIoU+@3', 11.52),
                ('GMR-mIoU+@5', 11.62)])
2026-07-23 14:40:25,147 - __main__ - INFO - [Epoch 21]
2026-07-23 14:40:33,725 - __main__ - INFO - 2026_07_23_14_40_33 [Epoch] 021 [Loss] loss_reg 0.3044 loss_cls 0.0240 loss_exist 0.5417 loss_zero 0.5422 weighted_loss_overall 1.5082

2026-07-23 14:40:33,849 - __main__ - INFO - [Epoch 22]
2026-07-23 14:40:42,774 - __main__ - INFO - 2026_07_23_14_40_42 [Epoch] 022 [Loss] loss_reg 0.3010 loss_cls 0.0240 loss_exist 0.5429 loss_zero 0.5418 weighted_loss_overall 1.5055

2026-07-23 14:40:42,965 - __main__ - INFO - [Epoch 23]
2026-07-23 14:40:52,151 - __main__ - INFO - 2026_07_23_14_40_52 [Epoch] 023 [Loss] loss_reg 0.3018 loss_cls 0.0238 loss_exist 0.5416 loss_zero 0.5401 weighted_loss_overall 1.5024

2026-07-23 14:40:52,302 - __main__ - INFO - [Epoch 24]
2026-07-23 14:41:01,005 - __main__ - INFO - 2026_07_23_14_41_01 [Epoch] 024 [Loss] loss_reg 0.3071 loss_cls 0.0240 loss_exist 0.5440 loss_zero 0.5423 weighted_loss_overall 1.5135

2026-07-23 14:41:01,137 - __main__ - INFO - [Epoch 25]
2026-07-23 14:41:10,319 - __main__ - INFO - 2026_07_23_14_41_10 [Epoch] 025 [Loss] loss_reg 0.3045 loss_cls 0.0241 loss_exist 0.5420 loss_zero 0.5417 weighted_loss_overall 1.5085

2026-07-23 14:41:37,014 - __main__ - INFO - metrics_no_nms OrderedDict([   ('MR-full-R1@0.3', 50.2),
                ('MR-full-R1@0.5', 39.61),
                ('MR-full-R1@0.7', 25.1),
                ('MR-full-mAP', 26.01),
                ('MR-full-mAP@0.5', 46.03),
                ('MR-full-mAP@0.75', 28.96),
                ('MR-full-mIoU', 35.08),
                ('GMR-AUROC', 73.85),
                ('GMR-Rej-F1@0.4', 58.79),
                ('GMR-Acc@0.4', 64.73),
                ('GMR-Rej-F1@0.6', 69.52),
                ('GMR-Acc@0.6', 64.73),
                ('GMR-Rej-F1@0.8', 70.67),
                ('GMR-Acc@0.8', 63.23),
                ('GMR-G-mIoU@1', 37.35),
                ('GMR-G-mIoU@3', 31.06),
                ('GMR-G-mIoU@5', 28.74),
                ('GMR-mAP', 26.01),
                ('GMR-mR@1', 17.23),
                ('GMR-mR@3', 28.27),
                ('GMR-mR@5', 34.88),
                ('GMR-mR+@1', 0.0),
                ('GMR-mR+@3', 7.98),
                ('GMR-mR+@5', 12.93),
                ('GMR-mIoU@1', 35.08),
                ('GMR-mIoU@3', 30.54),
                ('GMR-mIoU@5', 30.42),
                ('GMR-mIoU+@1', 0.0),
                ('GMR-mIoU+@3', 8.94),
                ('GMR-mIoU+@5', 8.64)])
2026-07-23 14:41:37,015 - __main__ - INFO - metrics_nms OrderedDict([   ('MR-full-R1@0.3', 49.41),
                ('MR-full-R1@0.5', 39.22),
                ('MR-full-R1@0.7', 24.71),
                ('MR-full-mAP', 27.62),
                ('MR-full-mAP@0.5', 48.68),
                ('MR-full-mAP@0.75', 31.1),
                ('MR-full-mIoU', 34.38),
                ('GMR-AUROC', 73.85),
                ('GMR-Rej-F1@0.4', 58.79),
                ('GMR-Acc@0.4', 64.73),
                ('GMR-Rej-F1@0.6', 69.52),
                ('GMR-Acc@0.6', 64.73),
                ('GMR-Rej-F1@0.8', 70.67),
                ('GMR-Acc@0.8', 63.23),
                ('GMR-G-mIoU@1', 37.17),
                ('GMR-G-mIoU@3', 31.38),
                ('GMR-G-mIoU@5', 28.96),
                ('GMR-mAP', 27.62),
                ('GMR-mR@1', 16.86),
                ('GMR-mR@3', 30.4),
                ('GMR-mR@5', 38.52),
                ('GMR-mR+@1', 0.0),
                ('GMR-mR+@3', 7.54),
                ('GMR-mR+@5', 15.81),
                ('GMR-mIoU@1', 34.38),
                ('GMR-mIoU@3', 31.62),
                ('GMR-mIoU@5', 31.6),
                ('GMR-mIoU+@1', 0.0),
                ('GMR-mIoU+@3', 11.52),
                ('GMR-mIoU+@5', 11.62)])
2026-07-23 14:41:37,139 - __main__ - INFO - [Epoch 26]
2026-07-23 14:41:46,007 - __main__ - INFO - 2026_07_23_14_41_46 [Epoch] 026 [Loss] loss_reg 0.3028 loss_cls 0.0240 loss_exist 0.5429 loss_zero 0.5406 weighted_loss_overall 1.5064

2026-07-23 14:41:46,165 - __main__ - INFO - [Epoch 27]
2026-07-23 14:41:54,440 - __main__ - INFO - 2026_07_23_14_41_54 [Epoch] 027 [Loss] loss_reg 0.3040 loss_cls 0.0241 loss_exist 0.5448 loss_zero 0.5426 weighted_loss_overall 1.5119

2026-07-23 14:41:54,566 - __main__ - INFO - [Epoch 28]
2026-07-23 14:42:03,435 - __main__ - INFO - 2026_07_23_14_42_03 [Epoch] 028 [Loss] loss_reg 0.3020 loss_cls 0.0238 loss_exist 0.5432 loss_zero 0.5411 weighted_loss_overall 1.5054

2026-07-23 14:42:03,567 - __main__ - INFO - [Epoch 29]
2026-07-23 14:42:12,411 - __main__ - INFO - 2026_07_23_14_42_12 [Epoch] 029 [Loss] loss_reg 0.3024 loss_cls 0.0241 loss_exist 0.5431 loss_zero 0.5412 weighted_loss_overall 1.5071

2026-07-23 14:42:12,650 - __main__ - INFO - [Epoch 30]
2026-07-23 14:42:21,489 - __main__ - INFO - 2026_07_23_14_42_21 [Epoch] 030 [Loss] loss_reg 0.3039 loss_cls 0.0240 loss_exist 0.5415 loss_zero 0.5385 weighted_loss_overall 1.5039

2026-07-23 14:42:48,842 - __main__ - INFO - metrics_no_nms OrderedDict([   ('MR-full-R1@0.3', 50.2),
                ('MR-full-R1@0.5', 39.61),
                ('MR-full-R1@0.7', 25.1),
                ('MR-full-mAP', 26.01),
                ('MR-full-mAP@0.5', 46.03),
                ('MR-full-mAP@0.75', 28.96),
                ('MR-full-mIoU', 35.08),
                ('GMR-AUROC', 73.74),
                ('GMR-Rej-F1@0.4', 57.58),
                ('GMR-Acc@0.4', 64.52),
                ('GMR-Rej-F1@0.6', 69.52),
                ('GMR-Acc@0.6', 64.73),
                ('GMR-Rej-F1@0.8', 70.67),
                ('GMR-Acc@0.8', 63.23),
                ('GMR-G-mIoU@1', 36.48),
                ('GMR-G-mIoU@3', 30.06),
                ('GMR-G-mIoU@5', 27.71),
                ('GMR-mAP', 26.01),
                ('GMR-mR@1', 17.23),
                ('GMR-mR@3', 28.27),
                ('GMR-mR@5', 34.88),
                ('GMR-mR+@1', 0.0),
                ('GMR-mR+@3', 7.98),
                ('GMR-mR+@5', 12.93),
                ('GMR-mIoU@1', 35.08),
                ('GMR-mIoU@3', 30.54),
                ('GMR-mIoU@5', 30.42),
                ('GMR-mIoU+@1', 0.0),
                ('GMR-mIoU+@3', 8.94),
                ('GMR-mIoU+@5', 8.64)])
2026-07-23 14:42:48,842 - __main__ - INFO - metrics_nms OrderedDict([   ('MR-full-R1@0.3', 49.41),
                ('MR-full-R1@0.5', 39.22),
                ('MR-full-R1@0.7', 24.71),
                ('MR-full-mAP', 27.63),
                ('MR-full-mAP@0.5', 48.68),
                ('MR-full-mAP@0.75', 31.1),
                ('MR-full-mIoU', 34.47),
                ('GMR-AUROC', 73.74),
                ('GMR-Rej-F1@0.4', 57.58),
                ('GMR-Acc@0.4', 64.52),
                ('GMR-Rej-F1@0.6', 69.52),
                ('GMR-Acc@0.6', 64.73),
                ('GMR-Rej-F1@0.8', 70.67),
                ('GMR-Acc@0.8', 63.23),
                ('GMR-G-mIoU@1', 36.3),
                ('GMR-G-mIoU@3', 30.38),
                ('GMR-G-mIoU@5', 27.93),
                ('GMR-mAP', 27.63),
                ('GMR-mR@1', 16.92),
                ('GMR-mR@3', 30.4),
                ('GMR-mR@5', 38.52),
                ('GMR-mR+@1', 0.0),
                ('GMR-mR+@3', 7.54),
                ('GMR-mR+@5', 15.81),
                ('GMR-mIoU@1', 34.47),
                ('GMR-mIoU@3', 31.62),
                ('GMR-mIoU@5', 31.6),
                ('GMR-mIoU+@1', 0.0),
                ('GMR-mIoU+@3', 11.52),
                ('GMR-mIoU+@5', 11.62)])
2026-07-23 14:42:48,961 - __main__ - INFO - [Epoch 31]
2026-07-23 14:42:57,952 - __main__ - INFO - 2026_07_23_14_42_57 [Epoch] 031 [Loss] loss_reg 0.3038 loss_cls 0.0240 loss_exist 0.5396 loss_zero 0.5365 weighted_loss_overall 1.5001

2026-07-23 14:42:58,107 - __main__ - INFO - [Epoch 32]
2026-07-23 14:43:07,086 - __main__ - INFO - 2026_07_23_14_43_07 [Epoch] 032 [Loss] loss_reg 0.3018 loss_cls 0.0241 loss_exist 0.5456 loss_zero 0.5423 weighted_loss_overall 1.5100

2026-07-23 14:43:07,200 - __main__ - INFO - [Epoch 33]
2026-07-23 14:43:16,127 - __main__ - INFO - 2026_07_23_14_43_16 [Epoch] 033 [Loss] loss_reg 0.3017 loss_cls 0.0239 loss_exist 0.5442 loss_zero 0.5426 weighted_loss_overall 1.5078

2026-07-23 14:43:16,257 - __main__ - INFO - [Epoch 34]
2026-07-23 14:43:25,017 - __main__ - INFO - 2026_07_23_14_43_25 [Epoch] 034 [Loss] loss_reg 0.3008 loss_cls 0.0239 loss_exist 0.5425 loss_zero 0.5387 weighted_loss_overall 1.5016

2026-07-23 14:43:25,188 - __main__ - INFO - [Epoch 35]
2026-07-23 14:43:34,516 - __main__ - INFO - 2026_07_23_14_43_34 [Epoch] 035 [Loss] loss_reg 0.3039 loss_cls 0.0241 loss_exist 0.5411 loss_zero 0.5366 weighted_loss_overall 1.5019

2026-07-23 14:44:00,856 - __main__ - INFO - metrics_no_nms OrderedDict([   ('MR-full-R1@0.3', 50.2),
                ('MR-full-R1@0.5', 39.61),
                ('MR-full-R1@0.7', 25.1),
                ('MR-full-mAP', 26.01),
                ('MR-full-mAP@0.5', 46.03),
                ('MR-full-mAP@0.75', 28.96),
                ('MR-full-mIoU', 35.08),
                ('GMR-AUROC', 74.1),
                ('GMR-Rej-F1@0.4', 58.79),
                ('GMR-Acc@0.4', 64.73),
                ('GMR-Rej-F1@0.6', 69.52),
                ('GMR-Acc@0.6', 64.73),
                ('GMR-Rej-F1@0.8', 70.79),
                ('GMR-Acc@0.8', 63.44),
                ('GMR-G-mIoU@1', 37.47),
                ('GMR-G-mIoU@3', 31.1),
                ('GMR-G-mIoU@5', 28.77),
                ('GMR-mAP', 26.01),
                ('GMR-mR@1', 17.23),
                ('GMR-mR@3', 28.27),
                ('GMR-mR@5', 34.88),
                ('GMR-mR+@1', 0.0),
                ('GMR-mR+@3', 7.98),
                ('GMR-mR+@5', 12.93),
                ('GMR-mIoU@1', 35.08),
                ('GMR-mIoU@3', 30.54),
                ('GMR-mIoU@5', 30.42),
                ('GMR-mIoU+@1', 0.0),
                ('GMR-mIoU+@3', 8.94),
                ('GMR-mIoU+@5', 8.64)])
2026-07-23 14:44:00,857 - __main__ - INFO - metrics_nms OrderedDict([   ('MR-full-R1@0.3', 49.41),
                ('MR-full-R1@0.5', 39.22),
                ('MR-full-R1@0.7', 25.1),
                ('MR-full-mAP', 27.77),
                ('MR-full-mAP@0.5', 48.68),
                ('MR-full-mAP@0.75', 31.3),
                ('MR-full-mIoU', 34.62),
                ('GMR-AUROC', 74.1),
                ('GMR-Rej-F1@0.4', 58.79),
                ('GMR-Acc@0.4', 64.73),
                ('GMR-Rej-F1@0.6', 69.52),
                ('GMR-Acc@0.6', 64.73),
                ('GMR-Rej-F1@0.8', 70.79),
                ('GMR-Acc@0.8', 63.44),
                ('GMR-G-mIoU@1', 37.38),
                ('GMR-G-mIoU@3', 31.45),
                ('GMR-G-mIoU@5', 29.0),
                ('GMR-mAP', 27.77),
                ('GMR-mR@1', 17.19),
                ('GMR-mR@3', 30.4),
                ('GMR-mR@5', 38.52),
                ('GMR-mR+@1', 0.0),
                ('GMR-mR+@3', 7.54),
                ('GMR-mR+@5', 15.81),
                ('GMR-mIoU@1', 34.62),
                ('GMR-mIoU@3', 31.78),
                ('GMR-mIoU@5', 31.75),
                ('GMR-mIoU+@1', 0.0),
                ('GMR-mIoU+@3', 11.52),
                ('GMR-mIoU+@5', 11.62)])
2026-07-23 14:44:00,955 - __main__ - INFO - [Epoch 36]
2026-07-23 14:44:09,827 - __main__ - INFO - 2026_07_23_14_44_09 [Epoch] 036 [Loss] loss_reg 0.3020 loss_cls 0.0241 loss_exist 0.5408 loss_zero 0.5380 weighted_loss_overall 1.5014

2026-07-23 14:44:09,933 - __main__ - INFO - [Epoch 37]
2026-07-23 14:44:18,583 - __main__ - INFO - 2026_07_23_14_44_18 [Epoch] 037 [Loss] loss_reg 0.3020 loss_cls 0.0240 loss_exist 0.5388 loss_zero 0.5343 weighted_loss_overall 1.4949

2026-07-23 14:44:18,692 - __main__ - INFO - [Epoch 38]
2026-07-23 14:44:27,713 - __main__ - INFO - 2026_07_23_14_44_27 [Epoch] 038 [Loss] loss_reg 0.3023 loss_cls 0.0241 loss_exist 0.5429 loss_zero 0.5375 weighted_loss_overall 1.5030

2026-07-23 14:44:27,832 - __main__ - INFO - [Epoch 39]
2026-07-23 14:44:36,710 - __main__ - INFO - 2026_07_23_14_44_36 [Epoch] 039 [Loss] loss_reg 0.3021 loss_cls 0.0239 loss_exist 0.5437 loss_zero 0.5380 weighted_loss_overall 1.5034

2026-07-23 14:44:36,860 - __main__ - INFO - [Epoch 40]
2026-07-23 14:44:45,949 - __main__ - INFO - 2026_07_23_14_44_45 [Epoch] 040 [Loss] loss_reg 0.3029 loss_cls 0.0241 loss_exist 0.5419 loss_zero 0.5365 weighted_loss_overall 1.5016

2026-07-23 14:45:14,598 - __main__ - INFO - metrics_no_nms OrderedDict([   ('MR-full-R1@0.3', 50.2),
                ('MR-full-R1@0.5', 39.61),
                ('MR-full-R1@0.7', 25.1),
                ('MR-full-mAP', 26.01),
                ('MR-full-mAP@0.5', 46.03),
                ('MR-full-mAP@0.75', 28.96),
                ('MR-full-mIoU', 35.08),
                ('GMR-AUROC', 73.73),
                ('GMR-Rej-F1@0.4', 57.51),
                ('GMR-Acc@0.4', 64.73),
                ('GMR-Rej-F1@0.6', 69.52),
                ('GMR-Acc@0.6', 64.73),
                ('GMR-Rej-F1@0.8', 70.67),
                ('GMR-Acc@0.8', 63.23),
                ('GMR-G-mIoU@1', 36.4),
                ('GMR-G-mIoU@3', 29.88),
                ('GMR-G-mIoU@5', 27.52),
                ('GMR-mAP', 26.01),
                ('GMR-mR@1', 17.23),
                ('GMR-mR@3', 28.27),
                ('GMR-mR@5', 34.88),
                ('GMR-mR+@1', 0.0),
                ('GMR-mR+@3', 7.98),
                ('GMR-mR+@5', 12.93),
                ('GMR-mIoU@1', 35.08),
                ('GMR-mIoU@3', 30.54),
                ('GMR-mIoU@5', 30.42),
                ('GMR-mIoU+@1', 0.0),
                ('GMR-mIoU+@3', 8.94),
                ('GMR-mIoU+@5', 8.64)])
2026-07-23 14:45:14,599 - __main__ - INFO - metrics_nms OrderedDict([   ('MR-full-R1@0.3', 49.41),
                ('MR-full-R1@0.5', 39.22),
                ('MR-full-R1@0.7', 24.71),
                ('MR-full-mAP', 27.65),
                ('MR-full-mAP@0.5', 48.7),
                ('MR-full-mAP@0.75', 31.12),
                ('MR-full-mIoU', 34.58),
                ('GMR-AUROC', 73.73),
                ('GMR-Rej-F1@0.4', 57.51),
                ('GMR-Acc@0.4', 64.73),
                ('GMR-Rej-F1@0.6', 69.52),
                ('GMR-Acc@0.6', 64.73),
                ('GMR-Rej-F1@0.8', 70.67),
                ('GMR-Acc@0.8', 63.23),
                ('GMR-G-mIoU@1', 36.22),
                ('GMR-G-mIoU@3', 30.21),
                ('GMR-G-mIoU@5', 27.74),
                ('GMR-mAP', 27.65),
                ('GMR-mR@1', 16.92),
                ('GMR-mR@3', 30.59),
                ('GMR-mR@5', 38.52),
                ('GMR-mR+@1', 0.0),
                ('GMR-mR+@3', 7.54),
                ('GMR-mR+@5', 15.81),
                ('GMR-mIoU@1', 34.58),
                ('GMR-mIoU@3', 31.74),
                ('GMR-mIoU@5', 31.71),
                ('GMR-mIoU+@1', 0.0),
                ('GMR-mIoU+@3', 11.52),
                ('GMR-mIoU+@5', 11.62)])
2026-07-23 14:45:14,603 - __main__ - INFO - 
>>>>> Early stop at epoch 39  0.9330975537872089

2026-07-23 14:45:14,662 - __main__ - INFO - 


FINISHED TRAINING!!!
2026-07-23 14:45:14,663 - __main__ - INFO - Evaluating model at /home/guoxiangyu/generalized-moment-retrieval/artifacts/flash_vtg_supplement/seed2023_bsz128/flash_vtg_gmr_zero/model_best.ckpt
2026-07-23 14:45:14,664 - __main__ - INFO - Input args ['/home/guoxiangyu/generalized-moment-retrieval/configs/flash_vtg_gmr/model.py', '--resume', '/home/guoxiangyu/generalized-moment-retrieval/artifacts/flash_vtg_supplement/seed2023_bsz128/flash_vtg_gmr_zero/model_best.ckpt', '--eval_split_name', 'val', '--eval_path', '/home/guoxiangyu/generalized-moment-retrieval/data/label/Standard/val.jsonl']
