{
  "initialization_audit": {
    "missing_keys": [
      "quality_embed.layers.0.weight",
      "quality_embed.layers.0.bias",
      "quality_embed.layers.1.weight",
      "quality_embed.layers.1.bias",
      "quality_embed.layers.2.weight",
      "quality_embed.layers.2.bias",
      "phrase_grounding.phrase_eos_token",
      "phrase_grounding.phrase_gate_logit",
      "phrase_grounding.rpg.position.weight",
      "phrase_grounding.rpg.guides.0.0.weight",
      "phrase_grounding.rpg.guides.0.0.bias",
      "phrase_grounding.rpg.guides.0.2.weight",
      "phrase_grounding.rpg.guides.0.2.bias",
      "phrase_grounding.rpg.guides.1.0.weight",
      "phrase_grounding.rpg.guides.1.0.bias",
      "phrase_grounding.rpg.guides.1.2.weight",
      "phrase_grounding.rpg.guides.1.2.bias",
      "phrase_grounding.rpg.guides.2.0.weight",
      "phrase_grounding.rpg.guides.2.0.bias",
      "phrase_grounding.rpg.guides.2.2.weight",
      "phrase_grounding.rpg.guides.2.2.bias",
      "phrase_grounding.rpg.query.weight",
      "phrase_grounding.rpg.query.bias",
      "phrase_grounding.rpg.key.weight",
      "phrase_grounding.rpg.key.bias",
      "phrase_grounding.rpg.value.weight",
      "phrase_grounding.rpg.value.bias",
      "phrase_grounding.slot_refine.norm_words.weight",
      "phrase_grounding.slot_refine.norm_words.bias",
      "phrase_grounding.slot_refine.norm_slots.weight",
      "phrase_grounding.slot_refine.norm_slots.bias",
      "phrase_grounding.slot_refine.norm_mlp.weight",
      "phrase_grounding.slot_refine.norm_mlp.bias",
      "phrase_grounding.slot_refine.to_q.weight",
      "phrase_grounding.slot_refine.to_k.weight",
      "phrase_grounding.slot_refine.to_v.weight",
      "phrase_grounding.slot_refine.gru.weight_ih",
      "phrase_grounding.slot_refine.gru.weight_hh",
      "phrase_grounding.slot_refine.gru.bias_ih",
      "phrase_grounding.slot_refine.gru.bias_hh",
      "phrase_grounding.slot_refine.mlp.0.weight",
      "phrase_grounding.slot_refine.mlp.0.bias",
      "phrase_grounding.slot_refine.mlp.2.weight",
      "phrase_grounding.slot_refine.mlp.2.bias",
      "phrase_grounding.phrase_set_encoder.layers.0.self_attn.in_proj_weight",
      "phrase_grounding.phrase_set_encoder.layers.0.self_attn.in_proj_bias",
      "phrase_grounding.phrase_set_encoder.layers.0.self_attn.out_proj.weight",
      "phrase_grounding.phrase_set_encoder.layers.0.self_attn.out_proj.bias",
      "phrase_grounding.phrase_set_encoder.layers.0.linear1.weight",
      "phrase_grounding.phrase_set_encoder.layers.0.linear1.bias",
      "phrase_grounding.phrase_set_encoder.layers.0.linear2.weight",
      "phrase_grounding.phrase_set_encoder.layers.0.linear2.bias",
      "phrase_grounding.phrase_set_encoder.layers.0.norm1.weight",
      "phrase_grounding.phrase_set_encoder.layers.0.norm1.bias",
      "phrase_grounding.phrase_set_encoder.layers.0.norm2.weight",
      "phrase_grounding.phrase_set_encoder.layers.0.norm2.bias",
      "phrase_grounding.phrase_proj.0.weight",
      "phrase_grounding.phrase_proj.0.bias",
      "phrase_grounding.video_proj.0.weight",
      "phrase_grounding.video_proj.0.bias",
      "phrase_grounding.context_proj.0.weight",
      "phrase_grounding.context_proj.0.bias",
      "phrase_grounding.context_proj.2.weight",
      "phrase_grounding.context_proj.2.bias",
      "phrase_grounding.phrase_temporal.layers.0.self_attn.in_proj_weight",
      "phrase_grounding.phrase_temporal.layers.0.self_attn.in_proj_bias",
      "phrase_grounding.phrase_temporal.layers.0.self_attn.out_proj.weight",
      "phrase_grounding.phrase_temporal.layers.0.self_attn.out_proj.bias",
      "phrase_grounding.phrase_temporal.layers.0.linear1.weight",
      "phrase_grounding.phrase_temporal.layers.0.linear1.bias",
      "phrase_grounding.phrase_temporal.layers.0.linear2.weight",
      "phrase_grounding.phrase_temporal.layers.0.linear2.bias",
      "phrase_grounding.phrase_temporal.layers.0.norm1.weight",
      "phrase_grounding.phrase_temporal.layers.0.norm1.bias",
      "phrase_grounding.phrase_temporal.layers.0.norm2.weight",
      "phrase_grounding.phrase_temporal.layers.0.norm2.bias",
      "phrase_grounding.phrase_weight_q.weight",
      "phrase_grounding.phrase_weight_q.bias",
      "phrase_grounding.phrase_weight_k.weight",
      "phrase_grounding.phrase_weight_k.bias",
      "hierarchical_counter.project.0.weight",
      "hierarchical_counter.project.0.bias",
      "hierarchical_counter.project.1.weight",
      "hierarchical_counter.project.1.bias",
      "hierarchical_counter.project.4.weight",
      "hierarchical_counter.project.4.bias",
      "hierarchical_counter.project.5.weight",
      "hierarchical_counter.project.5.bias",
      "hierarchical_counter.exist_head.weight",
      "hierarchical_counter.exist_head.bias",
      "hierarchical_counter.count_head.weight",
      "hierarchical_counter.count_head.bias",
      "hierarchical_counter.ordinal_head.weight",
      "hierarchical_counter.ordinal_head.bias"
    ],
    "unexpected_keys": []
  }
}
/home/guoxiangyu/miniconda3/lib/python3.13/site-packages/torch/nn/modules/transformer.py:531: UserWarning: The PyTorch API of nested tensors is in prototype stage and will change in the near future. We recommend specifying layout=torch.jagged when constructing a nested tensor, as this layout receives active development, has better operator coverage, and works with torch.compile. (Triggered internally at /pytorch/aten/src/ATen/NestedTensorImpl.cpp:178.)
  output = torch._nested_tensor_from_mask(
{"epoch": 1, "train": {"loss_span": 0.026351802412073008, "loss_giou": 0.6827275476460298, "loss_label": 0.14851293891106554, "class_error": 4.356842026265708, "loss_ms_align": 5.923020787605518, "loss_distill": 0.013058868134659866, "loss_orthogonal_dummy": 0.0030543612719793906, "loss_quality": 0.6334232636383041, "loss_dual_dqa": 0.21999361619187646, "loss_dual_eos": 2.6719646435996194, "loss_exist": 0.6550617500052123, "loss_count": 0.9665816639747639, "loss_count_ordinal": 0.38263580787867496, "loss_count_contrastive": 2.8042139219972695, "loss_count_consistency": 3.9083943493761493, "loss_span_0": 0.026305047888803907, "loss_giou_0": 0.6830914439701008, "loss_label_0": 0.14875771046952385, "class_error_0": 1.6181637085019938, "loss_span_1": 0.02620105956644612, "loss_giou_1": 0.6832727691642094, "loss_label_1": 0.14852422995086798, "class_error_1": 2.0547911034165054, "loss_overall": 13.524536521380623}, "val": {"AUROC": 59.68, "Rej-F1@0.4": 0.0, "Acc@0.4": 54.84, "Rej-F1@0.6": 54.47, "Acc@0.6": 53.98, "Rej-F1@0.8": 62.22, "Acc@0.8": 45.16, "G-mIoU@1": 3.52, "G-mIoU@3": 1.86, "G-mIoU@5": 1.13, "Count-Acc": 36.34, "Count-MacroAcc": 27.53, "Positive-Count-Acc": 66.27, "mAP": 4.65, "mR@1": 2.42, "mR@3": 4.44, "mR@5": 6.81, "mR+@1": 0.0, "mR+@3": 0.06, "mR+@5": 0.39, "mIoU@1": 8.25, "mIoU@3": 7.34, "mIoU@5": 7.29, "mIoU+@1": 0.0, "mIoU+@3": 0.58, "mIoU+@5": 0.5}, "selection": {"mAP": 4.65, "G-mIoU@3": 1.86, "joint": 0.9607438016528926}}
{"epoch": 2, "train": {"loss_span": 0.026171395349878515, "loss_giou": 0.6794182644079364, "loss_label": 0.14854100474762766, "class_error": 4.873285812591804, "loss_ms_align": 5.9220932900127785, "loss_distill": 0.012843644952265578, "loss_orthogonal_dummy": 0.0029655739808173327, "loss_quality": 0.5367635037658179, "loss_dual_dqa": 0.2199811722746559, "loss_dual_eos": 2.012237524398575, "loss_exist": 0.6495032095574941, "loss_count": 0.9120326392053694, "loss_count_ordinal": 0.288375024189979, "loss_count_contrastive": 2.826768829086197, "loss_count_consistency": 3.99289904405899, "loss_span_0": 0.02623566728555217, "loss_giou_0": 0.6823075694009957, "loss_label_0": 0.1489063347521008, "class_error_0": 1.737543872152912, "loss_span_1": 0.026152825940881103, "loss_giou_1": 0.6804754111489102, "loss_label_1": 0.14871140031090907, "class_error_1": 2.051758096435901, "loss_overall": 13.273937182935786}, "val": {"AUROC": 59.68, "Rej-F1@0.4": 0.0, "Acc@0.4": 54.84, "Rej-F1@0.6": 53.59, "Acc@0.6": 54.19, "Rej-F1@0.8": 62.22, "Acc@0.8": 45.16, "G-mIoU@1": 2.77, "G-mIoU@3": 1.59, "G-mIoU@5": 0.97, "Count-Acc": 33.33, "Count-MacroAcc": 26.3, "Positive-Count-Acc": 60.78, "mAP": 4.4, "mR@1": 1.62, "mR@3": 4.57, "mR@5": 6.84, "mR+@1": 0.0, "mR+@3": 0.28, "mR+@5": 0.89, "mIoU@1": 6.54, "mIoU@3": 5.91, "mIoU@5": 5.87, "mIoU+@1": 0.0, "mIoU+@3": 0.73, "mIoU+@5": 0.67}, "selection": {"mAP": 4.4, "G-mIoU@3": 1.59, "joint": 0.8502673796791443}}
{"epoch": 3, "train": {"loss_span": 0.026284189062051693, "loss_giou": 0.6809667539861595, "loss_label": 0.1485715150228153, "class_error": 5.980161184732207, "loss_ms_align": 5.9160981726796225, "loss_distill": 0.01335662389205613, "loss_orthogonal_dummy": 0.00302718399232546, "loss_quality": 0.5345254939152112, "loss_dual_dqa": 0.2192521221600851, "loss_dual_eos": 1.8426999306263931, "loss_exist": 0.6466075678906503, "loss_count": 0.8901884434821238, "loss_count_ordinal": 0.2735167277671681, "loss_count_contrastive": 2.8172231727662784, "loss_count_consistency": 3.976804709307752, "loss_span_0": 0.02616464618796914, "loss_giou_0": 0.6830984996447188, "loss_label_0": 0.14873461507408442, "class_error_0": 2.2059283692114247, "loss_span_1": 0.026298000705471183, "loss_giou_1": 0.6828883593067447, "loss_label_1": 0.148621170754995, "class_error_1": 2.0137376006298333, "loss_overall": 13.225247785974782}, "val": {"AUROC": 59.63, "Rej-F1@0.4": 0.0, "Acc@0.4": 54.84, "Rej-F1@0.6": 46.0, "Acc@0.6": 52.04, "Rej-F1@0.8": 70.0, "Acc@0.8": 61.29, "G-mIoU@1": 2.38, "G-mIoU@3": 1.44, "G-mIoU@5": 0.88, "Count-Acc": 36.56, "Count-MacroAcc": 34.87, "Positive-Count-Acc": 66.67, "mAP": 4.08, "mR@1": 0.95, "mR@3": 4.95, "mR@5": 6.95, "mR+@1": 0.0, "mR+@3": 0.17, "mR+@5": 0.5, "mIoU@1": 5.73, "mIoU@3": 4.91, "mIoU@5": 4.87, "mIoU+@1": 0.0, "mIoU+@3": 0.53, "mIoU+@5": 0.47}, "selection": {"mAP": 4.08, "G-mIoU@3": 1.44, "joint": 0.7700534759358288}}
{"epoch": 4, "train": {"loss_span": 0.026191062805746533, "loss_giou": 0.6786059883552338, "loss_label": 0.14875958276549764, "class_error": 5.640867134636298, "loss_ms_align": 5.924204558782269, "loss_distill": 0.012929775812444824, "loss_orthogonal_dummy": 0.0029735477462747625, "loss_quality": 0.5360947018259674, "loss_dual_dqa": 0.2174600408511095, "loss_dual_eos": 1.7729348807360252, "loss_exist": 0.6446267376492253, "loss_count": 0.9097530801495588, "loss_count_ordinal": 0.2689338996250195, "loss_count_contrastive": 2.8060878497958472, "loss_count_consistency": 3.9918768932532434, "loss_span_0": 0.026145117518520403, "loss_giou_0": 0.6807758664958081, "loss_label_0": 0.14907264811742588, "class_error_0": 1.5683836238634303, "loss_span_1": 0.026141242222719113, "loss_giou_1": 0.6784468920925725, "loss_label_1": 0.1489324700924554, "class_error_1": 1.925644547769907, "loss_overall": 13.235542517690165}, "val": {"AUROC": 59.62, "Rej-F1@0.4": 0.0, "Acc@0.4": 54.84, "Rej-F1@0.6": 54.62, "Acc@0.6": 53.55, "Rej-F1@0.8": 70.23, "Acc@0.8": 61.72, "G-mIoU@1": 2.13, "G-mIoU@3": 1.46, "G-mIoU@5": 0.89, "Count-Acc": 33.76, "Count-MacroAcc": 27.95, "Positive-Count-Acc": 61.57, "mAP": 4.07, "mR@1": 0.93, "mR@3": 4.85, "mR@5": 6.97, "mR+@1": 0.0, "mR+@3": 0.28, "mR+@5": 0.56, "mIoU@1": 5.62, "mIoU@3": 4.82, "mIoU@5": 4.79, "mIoU+@1": 0.0, "mIoU+@3": 0.97, "mIoU+@5": 0.95}, "selection": {"mAP": 4.07, "G-mIoU@3": 1.46, "joint": 0.7807486631016042}}
{"epoch": 5, "train": {"loss_span": 0.026364367093338142, "loss_giou": 0.6810433862288832, "loss_label": 0.14840950519062576, "class_error": 4.259244174874307, "loss_ms_align": 5.932811446786791, "loss_distill": 0.013141549009615497, "loss_orthogonal_dummy": 0.0029668603037290883, "loss_quality": 0.5339828348493968, "loss_dual_dqa": 0.21272147862792534, "loss_dual_eos": 1.7212955120567426, "loss_exist": 0.6387881364091806, "loss_count": 0.8780078337410328, "loss_count_ordinal": 0.26129607135342653, "loss_count_contrastive": 2.7773895702712372, "loss_count_consistency": 3.9835724362778513, "loss_span_0": 0.026227015895708684, "loss_giou_0": 0.6814624245412226, "loss_label_0": 0.1487809769870464, "class_error_0": 1.1842865240982963, "loss_span_1": 0.026370630331729965, "loss_giou_1": 0.6832620050666297, "loss_label_1": 0.14846159565298958, "class_error_1": 1.361518044930371, "loss_overall": 13.20383251894494}, "val": {"AUROC": 59.61, "Rej-F1@0.4": 0.0, "Acc@0.4": 54.84, "Rej-F1@0.6": 54.32, "Acc@0.6": 53.33, "Rej-F1@0.8": 70.47, "Acc@0.8": 62.15, "G-mIoU@1": 2.12, "G-mIoU@3": 1.45, "G-mIoU@5": 0.89, "Count-Acc": 33.76, "Count-MacroAcc": 28.27, "Positive-Count-Acc": 61.57, "mAP": 3.89, "mR@1": 0.75, "mR@3": 4.57, "mR@5": 7.3, "mR+@1": 0.0, "mR+@3": 0.0, "mR+@5": 0.22, "mIoU@1": 5.32, "mIoU@3": 4.8, "mIoU@5": 4.77, "mIoU+@1": 0.0, "mIoU+@3": 0.76, "mIoU+@5": 0.72}, "selection": {"mAP": 3.89, "G-mIoU@3": 1.45, "joint": 0.7754010695187165}}
{"epoch": 6, "train": {"loss_span": 0.0261561346036432, "loss_giou": 0.6821110945153548, "loss_label": 0.14837445945282268, "class_error": 3.623753683644254, "loss_ms_align": 5.922584472617531, "loss_distill": 0.013222366242380088, "loss_orthogonal_dummy": 0.0029515575612150224, "loss_quality": 0.5336833119450012, "loss_dual_dqa": 0.20464099715331027, "loss_dual_eos": 1.7090861998415616, "loss_exist": 0.6374822884668412, "loss_count": 0.8763388789984959, "loss_count_ordinal": 0.2582283932886704, "loss_count_contrastive": 2.7910300089346145, "loss_count_consistency": 3.975337119307594, "loss_span_0": 0.02607169757075446, "loss_giou_0": 0.6816806071273597, "loss_label_0": 0.1486816681514563, "class_error_0": 0.952312272202283, "loss_span_1": 0.026117245541095964, "loss_giou_1": 0.6830187269372604, "loss_label_1": 0.14853218941800314, "class_error_1": 1.470952398596091, "loss_overall": 13.182893572365275}, "val": {"AUROC": 59.61, "Rej-F1@0.4": 0.0, "Acc@0.4": 54.84, "Rej-F1@0.6": 52.63, "Acc@0.6": 53.55, "Rej-F1@0.8": 70.59, "Acc@0.8": 62.37, "G-mIoU@1": 2.55, "G-mIoU@3": 1.67, "G-mIoU@5": 1.02, "Count-Acc": 36.13, "Count-MacroAcc": 26.0, "Positive-Count-Acc": 65.88, "mAP": 3.77, "mR@1": 1.1, "mR@3": 3.57, "mR@5": 6.92, "mR+@1": 0.0, "mR+@3": 0.06, "mR+@5": 0.39, "mIoU@1": 6.19, "mIoU@3": 5.88, "mIoU@5": 5.83, "mIoU+@1": 0.0, "mIoU+@3": 0.8, "mIoU+@5": 0.72}, "selection": {"mAP": 3.77, "G-mIoU@3": 1.67, "joint": 0.7789256198347108}}
{"epoch": 7, "train": {"loss_span": 0.02605336984379128, "loss_giou": 0.6769665853017306, "loss_label": 0.14847254527686818, "class_error": 4.801776574394333, "loss_ms_align": 5.926674137834537, "loss_distill": 0.013439758236705898, "loss_orthogonal_dummy": 0.002945024462316839, "loss_quality": 0.5367993939435672, "loss_dual_dqa": 0.1957388617613282, "loss_dual_eos": 1.6272154387038016, "loss_exist": 0.632356541810144, "loss_count": 0.8786957217276874, "loss_count_ordinal": 0.254393707660156, "loss_count_contrastive": 2.7872019230080665, "loss_count_consistency": 3.985687727741483, "loss_span_0": 0.026114912546987463, "loss_giou_0": 0.6802281625550861, "loss_label_0": 0.14893389788873534, "class_error_0": 1.5281218376178105, "loss_span_1": 0.02604284410717379, "loss_giou_1": 0.6789138223480752, "loss_label_1": 0.14859512883318168, "class_error_1": 1.7401138386788606, "loss_overall": 13.167888185953737}, "val": {"AUROC": 59.6, "Rej-F1@0.4": 0.0, "Acc@0.4": 54.84, "Rej-F1@0.6": 51.13, "Acc@0.6": 53.55, "Rej-F1@0.8": 70.59, "Acc@0.8": 62.37, "G-mIoU@1": 2.33, "G-mIoU@3": 1.44, "G-mIoU@5": 0.87, "Count-Acc": 35.91, "Count-MacroAcc": 27.29, "Positive-Count-Acc": 65.49, "mAP": 3.73, "mR@1": 0.76, "mR@3": 4.0, "mR@5": 6.96, "mR+@1": 0.0, "mR+@3": 0.0, "mR+@5": 0.67, "mIoU@1": 5.51, "mIoU@3": 5.03, "mIoU@5": 4.99, "mIoU+@1": 0.0, "mIoU+@3": 0.75, "mIoU+@5": 0.69}, "selection": {"mAP": 3.73, "G-mIoU@3": 1.44, "joint": 0.7700534759358288}}
{"epoch": 8, "train": {"loss_span": 0.02609458417618632, "loss_giou": 0.6832687142910503, "loss_label": 0.14874321773986762, "class_error": 3.2704525888110196, "loss_ms_align": 5.927910562066308, "loss_distill": 0.013530633696784802, "loss_orthogonal_dummy": 0.0029617517985360323, "loss_quality": 0.5327190240982824, "loss_dual_dqa": 0.1913770488951735, "loss_dual_eos": 1.5972173207620886, "loss_exist": 0.6287552628210629, "loss_count": 0.8933315176558183, "loss_count_ordinal": 0.25743645016210215, "loss_count_contrastive": 2.7880607491360014, "loss_count_consistency": 3.9993625984726577, "loss_span_0": 0.02605026190467593, "loss_giou_0": 0.6814750783854835, "loss_label_0": 0.14917326561922956, "class_error_0": 0.9958962781121616, "loss_span_1": 0.02608164789676378, "loss_giou_1": 0.6816646785998817, "loss_label_1": 0.1488512168476811, "class_error_1": 1.5495289230531053, "loss_overall": 13.187973719855448}, "val": {"AUROC": 59.61, "Rej-F1@0.4": 0.0, "Acc@0.4": 54.84, "Rej-F1@0.6": 62.62, "Acc@0.6": 57.63, "Rej-F1@0.8": 70.59, "Acc@0.8": 62.37, "G-mIoU@1": 2.28, "G-mIoU@3": 1.45, "G-mIoU@5": 0.88, "Count-Acc": 31.83, "Count-MacroAcc": 37.85, "Positive-Count-Acc": 58.04, "mAP": 3.64, "mR@1": 0.78, "mR@3": 3.72, "mR@5": 6.94, "mR+@1": 0.0, "mR+@3": 0.61, "mR+@5": 0.83, "mIoU@1": 5.67, "mIoU@3": 5.02, "mIoU@5": 4.98, "mIoU+@1": 0.0, "mIoU+@3": 0.75, "mIoU+@5": 0.69}, "selection": {"mAP": 3.64, "G-mIoU@3": 1.45, "joint": 0.7520661157024794}}
{"epoch": 9, "train": {"loss_span": 0.02620337312566652, "loss_giou": 0.6826603392174188, "loss_label": 0.14850938467082914, "class_error": 2.3803673177712663, "loss_ms_align": 5.91701251853198, "loss_distill": 0.013636022401499167, "loss_orthogonal_dummy": 0.0029817145930422194, "loss_quality": 0.5337122943650241, "loss_dual_dqa": 0.18842155555845633, "loss_dual_eos": 1.5236281823167022, "loss_exist": 0.6271059455475178, "loss_count": 0.8863746705350235, "loss_count_ordinal": 0.2535297469982725, "loss_count_contrastive": 2.782448421474123, "loss_count_consistency": 3.9743915111215404, "loss_span_0": 0.026292130144005988, "loss_giou_0": 0.6824371183823134, "loss_label_0": 0.14896395873078522, "class_error_0": 0.6221752139091953, "loss_span_1": 0.02618717541670586, "loss_giou_1": 0.6827689531691815, "loss_label_1": 0.14879903380222054, "class_error_1": 1.5755738543680522, "loss_overall": 13.163614311789821}, "val": {"AUROC": 59.63, "Rej-F1@0.4": 0.0, "Acc@0.4": 54.84, "Rej-F1@0.6": 70.55, "Acc@0.6": 63.01, "Rej-F1@0.8": 70.59, "Acc@0.8": 62.37, "G-mIoU@1": 2.18, "G-mIoU@3": 1.5, "G-mIoU@5": 0.91, "Count-Acc": 34.84, "Count-MacroAcc": 29.81, "Positive-Count-Acc": 63.53, "mAP": 3.44, "mR@1": 0.69, "mR@3": 2.6, "mR@5": 6.45, "mR+@1": 0.0, "mR+@3": 0.0, "mR+@5": 0.33, "mIoU@1": 5.41, "mIoU@3": 4.96, "mIoU@5": 4.92, "mIoU+@1": 0.0, "mIoU+@3": 0.8, "mIoU+@5": 0.72}, "selection": {"mAP": 3.44, "G-mIoU@3": 1.5, "joint": 0.7107438016528925}}
{"epoch": 10, "train": {"loss_span": 0.026135369807611403, "loss_giou": 0.6807982868016659, "loss_label": 0.14855024142216922, "class_error": 3.126731817246405, "loss_ms_align": 5.927708018281254, "loss_distill": 0.013437974152824566, "loss_orthogonal_dummy": 0.0028770193486862016, "loss_quality": 0.5352235524161189, "loss_dual_dqa": 0.18605179081451725, "loss_dual_eos": 1.4989053941740973, "loss_exist": 0.6242115930291753, "loss_count": 0.8641009866298254, "loss_count_ordinal": 0.25074793918732574, "loss_count_contrastive": 2.7917604553578497, "loss_count_consistency": 3.985039678272157, "loss_span_0": 0.02631759292091823, "loss_giou_0": 0.6808597169215118, "loss_label_0": 0.14886834212781844, "class_error_0": 1.1993605852011842, "loss_span_1": 0.02623379573229576, "loss_giou_1": 0.6823244796333939, "loss_label_1": 0.14863646068597197, "class_error_1": 1.590008713070928, "loss_overall": 13.143349487116627}, "val": {"AUROC": 59.75, "Rej-F1@0.4": 0.0, "Acc@0.4": 54.84, "Rej-F1@0.6": 69.2, "Acc@0.6": 61.72, "Rej-F1@0.8": 70.59, "Acc@0.8": 62.37, "G-mIoU@1": 2.11, "G-mIoU@3": 1.41, "G-mIoU@5": 0.86, "Count-Acc": 33.98, "Count-MacroAcc": 28.39, "Positive-Count-Acc": 61.96, "mAP": 3.46, "mR@1": 0.71, "mR@3": 3.02, "mR@5": 6.75, "mR+@1": 0.0, "mR+@3": 0.0, "mR+@5": 0.67, "mIoU@1": 5.33, "mIoU@3": 4.86, "mIoU@5": 4.82, "mIoU+@1": 0.0, "mIoU+@3": 0.8, "mIoU+@5": 0.72}, "selection": {"mAP": 3.46, "G-mIoU@3": 1.41, "joint": 0.7148760330578513}}
{"epoch": 11, "train": {"loss_span": 0.026308690489001064, "loss_giou": 0.6851741096833986, "loss_label": 0.14874114178988945, "class_error": 2.6379139652685475, "loss_ms_align": 5.916418351200596, "loss_distill": 0.014053095555236341, "loss_orthogonal_dummy": 0.0029355647397322562, "loss_quality": 0.5324502766938991, "loss_dual_dqa": 0.18504492710211703, "loss_dual_eos": 1.4240093183379177, "loss_exist": 0.6204147466488539, "loss_count": 0.868735165916358, "loss_count_ordinal": 0.25232283129330246, "loss_count_contrastive": 2.785983425571816, "loss_count_consistency": 4.0126378250444725, "loss_span_0": 0.026476768608425134, "loss_giou_0": 0.6825282037286957, "loss_label_0": 0.1489649625965914, "class_error_0": 0.7738477246896146, "loss_span_1": 0.02646438436426939, "loss_giou_1": 0.683892248851081, "loss_label_1": 0.1488944118785766, "class_error_1": 1.8332413921844792, "loss_overall": 13.140167083297737}, "val": {"AUROC": 59.89, "Rej-F1@0.4": 0.0, "Acc@0.4": 54.84, "Rej-F1@0.6": 70.77, "Acc@0.6": 63.23, "Rej-F1@0.8": 70.59, "Acc@0.8": 62.37, "G-mIoU@1": 2.09, "G-mIoU@3": 1.38, "G-mIoU@5": 0.84, "Count-Acc": 35.7, "Count-MacroAcc": 27.01, "Positive-Count-Acc": 65.1, "mAP": 3.45, "mR@1": 0.67, "mR@3": 2.92, "mR@5": 6.94, "mR+@1": 0.0, "mR+@3": 0.0, "mR+@5": 0.33, "mIoU@1": 5.28, "mIoU@3": 4.68, "mIoU@5": 4.64, "mIoU+@1": 0.0, "mIoU+@3": 0.8, "mIoU+@5": 0.72}, "selection": {"mAP": 3.45, "G-mIoU@3": 1.38, "joint": 0.7128099173553719}}
{"epoch": 12, "train": {"loss_span": 0.02614356463783141, "loss_giou": 0.6794674463350454, "loss_label": 0.14859127911206546, "class_error": 2.568592128689131, "loss_ms_align": 5.92768987058268, "loss_distill": 0.013898312810082808, "loss_orthogonal_dummy": 0.0029054314418888974, "loss_quality": 0.5356122631707475, "loss_dual_dqa": 0.18342129541169394, "loss_dual_eos": 1.416887344255028, "loss_exist": 0.616193695135195, "loss_count": 0.8738021633802491, "loss_count_ordinal": 0.2520524718699218, "loss_count_contrastive": 2.784676201220236, "loss_count_consistency": 3.9918382338362077, "loss_span_0": 0.026341831787822904, "loss_giou_0": 0.681105973756273, "loss_label_0": 0.14899287473296935, "class_error_0": 0.708636925956833, "loss_span_1": 0.026274933245207677, "loss_giou_1": 0.6812443841535034, "loss_label_1": 0.1487055653575655, "class_error_1": 1.515730373406537, "loss_overall": 13.137380462616985}, "val": {"AUROC": 60.82, "Rej-F1@0.4": 0.0, "Acc@0.4": 54.84, "Rej-F1@0.6": 70.55, "Acc@0.6": 63.01, "Rej-F1@0.8": 70.59, "Acc@0.8": 62.37, "G-mIoU@1": 1.94, "G-mIoU@3": 1.35, "G-mIoU@5": 0.82, "Count-Acc": 32.69, "Count-MacroAcc": 35.97, "Positive-Count-Acc": 59.61, "mAP": 3.35, "mR@1": 0.51, "mR@3": 3.16, "mR@5": 7.02, "mR+@1": 0.0, "mR+@3": 0.06, "mR+@5": 0.83, "mIoU@1": 4.85, "mIoU@3": 4.53, "mIoU@5": 4.49, "mIoU+@1": 0.0, "mIoU+@3": 0.75, "mIoU+@5": 0.69}, "selection": {"mAP": 3.35, "G-mIoU@3": 1.35, "joint": 0.6921487603305786}}
