{
  "initialization_audit": {
    "missing_keys": [
      "dual_grounding.dummy_tokens",
      "dual_grounding.phrase_eos_token",
      "dual_grounding.sentence_gate_logit",
      "dual_grounding.phrase_gate_logit",
      "dual_grounding.dummy_encoder.layers.0.self_attn.in_proj_weight",
      "dual_grounding.dummy_encoder.layers.0.self_attn.in_proj_bias",
      "dual_grounding.dummy_encoder.layers.0.self_attn.out_proj.weight",
      "dual_grounding.dummy_encoder.layers.0.self_attn.out_proj.bias",
      "dual_grounding.dummy_encoder.layers.0.linear1.weight",
      "dual_grounding.dummy_encoder.layers.0.linear1.bias",
      "dual_grounding.dummy_encoder.layers.0.linear2.weight",
      "dual_grounding.dummy_encoder.layers.0.linear2.bias",
      "dual_grounding.dummy_encoder.layers.0.norm1.weight",
      "dual_grounding.dummy_encoder.layers.0.norm1.bias",
      "dual_grounding.dummy_encoder.layers.0.norm2.weight",
      "dual_grounding.dummy_encoder.layers.0.norm2.bias",
      "dual_grounding.sentence_q.weight",
      "dual_grounding.sentence_q.bias",
      "dual_grounding.sentence_k.weight",
      "dual_grounding.sentence_k.bias",
      "dual_grounding.sentence_v.weight",
      "dual_grounding.sentence_v.bias",
      "dual_grounding.sentence_temporal.layers.0.self_attn.in_proj_weight",
      "dual_grounding.sentence_temporal.layers.0.self_attn.in_proj_bias",
      "dual_grounding.sentence_temporal.layers.0.self_attn.out_proj.weight",
      "dual_grounding.sentence_temporal.layers.0.self_attn.out_proj.bias",
      "dual_grounding.sentence_temporal.layers.0.linear1.weight",
      "dual_grounding.sentence_temporal.layers.0.linear1.bias",
      "dual_grounding.sentence_temporal.layers.0.linear2.weight",
      "dual_grounding.sentence_temporal.layers.0.linear2.bias",
      "dual_grounding.sentence_temporal.layers.0.norm1.weight",
      "dual_grounding.sentence_temporal.layers.0.norm1.bias",
      "dual_grounding.sentence_temporal.layers.0.norm2.weight",
      "dual_grounding.sentence_temporal.layers.0.norm2.bias",
      "dual_grounding.rpg.position.weight",
      "dual_grounding.rpg.guides.0.0.weight",
      "dual_grounding.rpg.guides.0.0.bias",
      "dual_grounding.rpg.guides.0.2.weight",
      "dual_grounding.rpg.guides.0.2.bias",
      "dual_grounding.rpg.guides.1.0.weight",
      "dual_grounding.rpg.guides.1.0.bias",
      "dual_grounding.rpg.guides.1.2.weight",
      "dual_grounding.rpg.guides.1.2.bias",
      "dual_grounding.rpg.guides.2.0.weight",
      "dual_grounding.rpg.guides.2.0.bias",
      "dual_grounding.rpg.guides.2.2.weight",
      "dual_grounding.rpg.guides.2.2.bias",
      "dual_grounding.rpg.query.weight",
      "dual_grounding.rpg.query.bias",
      "dual_grounding.rpg.key.weight",
      "dual_grounding.rpg.key.bias",
      "dual_grounding.rpg.value.weight",
      "dual_grounding.rpg.value.bias",
      "dual_grounding.slot_refine.norm_words.weight",
      "dual_grounding.slot_refine.norm_words.bias",
      "dual_grounding.slot_refine.norm_slots.weight",
      "dual_grounding.slot_refine.norm_slots.bias",
      "dual_grounding.slot_refine.norm_mlp.weight",
      "dual_grounding.slot_refine.norm_mlp.bias",
      "dual_grounding.slot_refine.to_q.weight",
      "dual_grounding.slot_refine.to_k.weight",
      "dual_grounding.slot_refine.to_v.weight",
      "dual_grounding.slot_refine.gru.weight_ih",
      "dual_grounding.slot_refine.gru.weight_hh",
      "dual_grounding.slot_refine.gru.bias_ih",
      "dual_grounding.slot_refine.gru.bias_hh",
      "dual_grounding.slot_refine.mlp.0.weight",
      "dual_grounding.slot_refine.mlp.0.bias",
      "dual_grounding.slot_refine.mlp.2.weight",
      "dual_grounding.slot_refine.mlp.2.bias",
      "dual_grounding.phrase_set_encoder.layers.0.self_attn.in_proj_weight",
      "dual_grounding.phrase_set_encoder.layers.0.self_attn.in_proj_bias",
      "dual_grounding.phrase_set_encoder.layers.0.self_attn.out_proj.weight",
      "dual_grounding.phrase_set_encoder.layers.0.self_attn.out_proj.bias",
      "dual_grounding.phrase_set_encoder.layers.0.linear1.weight",
      "dual_grounding.phrase_set_encoder.layers.0.linear1.bias",
      "dual_grounding.phrase_set_encoder.layers.0.linear2.weight",
      "dual_grounding.phrase_set_encoder.layers.0.linear2.bias",
      "dual_grounding.phrase_set_encoder.layers.0.norm1.weight",
      "dual_grounding.phrase_set_encoder.layers.0.norm1.bias",
      "dual_grounding.phrase_set_encoder.layers.0.norm2.weight",
      "dual_grounding.phrase_set_encoder.layers.0.norm2.bias",
      "dual_grounding.phrase_proj.0.weight",
      "dual_grounding.phrase_proj.0.bias",
      "dual_grounding.video_proj.0.weight",
      "dual_grounding.video_proj.0.bias",
      "dual_grounding.context_proj.0.weight",
      "dual_grounding.context_proj.0.bias",
      "dual_grounding.context_proj.2.weight",
      "dual_grounding.context_proj.2.bias",
      "dual_grounding.phrase_temporal.layers.0.self_attn.in_proj_weight",
      "dual_grounding.phrase_temporal.layers.0.self_attn.in_proj_bias",
      "dual_grounding.phrase_temporal.layers.0.self_attn.out_proj.weight",
      "dual_grounding.phrase_temporal.layers.0.self_attn.out_proj.bias",
      "dual_grounding.phrase_temporal.layers.0.linear1.weight",
      "dual_grounding.phrase_temporal.layers.0.linear1.bias",
      "dual_grounding.phrase_temporal.layers.0.linear2.weight",
      "dual_grounding.phrase_temporal.layers.0.linear2.bias",
      "dual_grounding.phrase_temporal.layers.0.norm1.weight",
      "dual_grounding.phrase_temporal.layers.0.norm1.bias",
      "dual_grounding.phrase_temporal.layers.0.norm2.weight",
      "dual_grounding.phrase_temporal.layers.0.norm2.bias",
      "dual_grounding.phrase_weight_q.weight",
      "dual_grounding.phrase_weight_q.bias",
      "dual_grounding.phrase_weight_k.weight",
      "dual_grounding.phrase_weight_k.bias"
    ],
    "unexpected_keys": []
  }
}
/home/guoxiangyu/miniconda3/lib/python3.13/site-packages/torch/nn/modules/transformer.py:531: UserWarning: The PyTorch API of nested tensors is in prototype stage and will change in the near future. We recommend specifying layout=torch.jagged when constructing a nested tensor, as this layout receives active development, has better operator coverage, and works with torch.compile. (Triggered internally at /pytorch/aten/src/ATen/NestedTensorImpl.cpp:178.)
  output = torch._nested_tensor_from_mask(
{"epoch": 1, "train": {"loss_span": 0.033406005200915086, "loss_giou": 0.874098745447936, "loss_label": 0.07308509631137332, "class_error": 1.2679866976989185, "loss_exist": 0.5647906905905298, "loss_dual_dqa": 0.21737618336013806, "loss_dual_eos": 3.468445028989081, "loss_span_0": 0.027809611664353043, "loss_giou_0": 0.7594490649332569, "loss_label_0": 0.09930619673237183, "class_error_0": 8.25105579905374, "loss_overall": 3.8577731411603406}, "val": {"AUROC": 72.59, "Rej-F1@0.4": 68.74, "Acc@0.4": 65.38, "Rej-F1@0.6": 70.71, "Acc@0.6": 62.58, "Rej-F1@0.8": 70.71, "Acc@0.8": 62.58, "G-mIoU@1": 41.8, "G-mIoU@3": 39.55, "G-mIoU@5": 38.96, "mAP": 5.31, "mR@1": 2.86, "mR@3": 5.39, "mR@5": 8.06, "mR+@1": 0.0, "mR+@3": 0.0, "mR+@5": 0.33, "mIoU@1": 9.63, "mIoU@3": 9.23, "mIoU@5": 9.31, "mIoU+@1": 0.0, "mIoU+@3": 0.2, "mIoU+@5": 0.18}, "selection": {"mAP": 5.31, "G-mIoU@3": 39.55, "joint": 0.755334281650071}, "diagnostic_decoders": {"threshold": {"AUROC": 72.59, "Rej-F1@0.4": 68.74, "Acc@0.4": 65.38, "Rej-F1@0.6": 70.71, "Acc@0.6": 62.58, "Rej-F1@0.8": 70.71, "Acc@0.8": 62.58, "G-mIoU@1": 41.8, "G-mIoU@3": 41.78, "G-mIoU@5": 41.63, "mAP": 4.31, "mR@1": 2.86, "mR@3": 4.33, "mR@5": 7.0, "mR+@1": 0.0, "mR+@3": 0.0, "mR+@5": 0.33, "mIoU@1": 9.63, "mIoU@3": 9.23, "mIoU@5": 9.31, "mIoU+@1": 0.0, "mIoU+@3": 0.2, "mIoU+@5": 0.18}}}
{"epoch": 2, "train": {"loss_span": 0.032940752786274057, "loss_giou": 0.8643691275879172, "loss_label": 0.07358513518253232, "class_error": 1.4309639578109896, "loss_exist": 0.5644698562168049, "loss_dual_dqa": 0.2171503920351151, "loss_dual_eos": 3.005712945084459, "loss_span_0": 0.027758707581812658, "loss_giou_0": 0.7596347254506052, "loss_label_0": 0.09962549754506209, "class_error_0": 7.844874349292665, "loss_overall": 3.799739693604327}, "val": {"AUROC": 72.46, "Rej-F1@0.4": 69.6, "Acc@0.4": 65.81, "Rej-F1@0.6": 70.71, "Acc@0.6": 62.58, "Rej-F1@0.8": 70.71, "Acc@0.8": 62.58, "G-mIoU@1": 42.68, "G-mIoU@3": 40.48, "G-mIoU@5": 39.95, "mAP": 6.11, "mR@1": 3.02, "mR@3": 6.97, "mR@5": 9.94, "mR+@1": 0.0, "mR+@3": 0.0, "mR+@5": 1.17, "mIoU@1": 8.84, "mIoU@3": 8.39, "mIoU@5": 8.44, "mIoU+@1": 0.0, "mIoU+@3": 0.16, "mIoU+@5": 0.16}, "selection": {"mAP": 6.11, "G-mIoU@3": 40.48, "joint": 0.8691322901849218}, "diagnostic_decoders": {"threshold": {"AUROC": 72.46, "Rej-F1@0.4": 69.6, "Acc@0.4": 65.81, "Rej-F1@0.6": 70.71, "Acc@0.6": 62.58, "Rej-F1@0.8": 70.71, "Acc@0.8": 62.58, "G-mIoU@1": 42.68, "G-mIoU@3": 42.59, "G-mIoU@5": 42.48, "mAP": 5.13, "mR@1": 3.02, "mR@3": 5.76, "mR@5": 8.72, "mR+@1": 0.0, "mR+@3": 0.0, "mR+@5": 1.17, "mIoU@1": 8.84, "mIoU@3": 8.39, "mIoU@5": 8.44, "mIoU+@1": 0.0, "mIoU+@3": 0.16, "mIoU+@5": 0.16}}}
{"epoch": 3, "train": {"loss_span": 0.03312373525202418, "loss_giou": 0.8676883275811945, "loss_label": 0.07346619626911381, "class_error": 1.2673790601211334, "loss_exist": 0.564600004024584, "loss_dual_dqa": 0.21749657908172754, "loss_dual_eos": 2.7869408708542887, "loss_span_0": 0.027644788091952758, "loss_giou_0": 0.7569778442325196, "loss_label_0": 0.09931821371764017, "class_error_0": 6.648200900270029, "loss_overall": 3.777657962525277}, "val": {"AUROC": 72.22, "Rej-F1@0.4": 70.15, "Acc@0.4": 65.59, "Rej-F1@0.6": 70.71, "Acc@0.6": 62.58, "Rej-F1@0.8": 70.71, "Acc@0.8": 62.58, "G-mIoU@1": 43.51, "G-mIoU@3": 41.62, "G-mIoU@5": 41.14, "mAP": 4.43, "mR@1": 1.47, "mR@3": 5.49, "mR@5": 6.73, "mR+@1": 0.0, "mR+@3": 0.0, "mR+@5": 0.33, "mIoU@1": 7.24, "mIoU@3": 6.73, "mIoU@5": 6.77, "mIoU+@1": 0.0, "mIoU+@3": 0.16, "mIoU+@5": 0.16}, "selection": {"mAP": 4.43, "G-mIoU@3": 41.62, "joint": 0.6301564722617353}, "diagnostic_decoders": {"threshold": {"AUROC": 72.22, "Rej-F1@0.4": 70.15, "Acc@0.4": 65.59, "Rej-F1@0.6": 70.71, "Acc@0.6": 62.58, "Rej-F1@0.8": 70.71, "Acc@0.8": 62.58, "G-mIoU@1": 43.51, "G-mIoU@3": 43.46, "G-mIoU@5": 43.35, "mAP": 3.29, "mR@1": 1.47, "mR@3": 4.04, "mR@5": 5.27, "mR+@1": 0.0, "mR+@3": 0.0, "mR+@5": 0.33, "mIoU@1": 7.24, "mIoU@3": 6.73, "mIoU@5": 6.77, "mIoU+@1": 0.0, "mIoU+@3": 0.16, "mIoU+@5": 0.16}}}
{"epoch": 4, "train": {"loss_span": 0.032932969515107, "loss_giou": 0.8674423609625723, "loss_label": 0.07487779015962372, "class_error": 1.3051199675643428, "loss_exist": 0.5638224060780879, "loss_dual_dqa": 0.21705647867304395, "loss_dual_eos": 2.6282209658634264, "loss_span_0": 0.02798271869341206, "loss_giou_0": 0.7556450952361206, "loss_label_0": 0.09919369965791702, "class_error_0": 8.411608113823103, "loss_overall": 3.7660276312480057}, "val": {"AUROC": 72.72, "Rej-F1@0.4": 68.28, "Acc@0.4": 66.24, "Rej-F1@0.6": 70.71, "Acc@0.6": 62.58, "Rej-F1@0.8": 70.71, "Acc@0.8": 62.58, "G-mIoU@1": 39.6, "G-mIoU@3": 37.67, "G-mIoU@5": 37.15, "mAP": 5.13, "mR@1": 2.29, "mR@3": 6.27, "mR@5": 7.69, "mR+@1": 0.0, "mR+@3": 0.0, "mR+@5": 0.0, "mIoU@1": 8.45, "mIoU@3": 8.12, "mIoU@5": 8.14, "mIoU+@1": 0.0, "mIoU+@3": 0.24, "mIoU+@5": 0.24}, "selection": {"mAP": 5.13, "G-mIoU@3": 37.67, "joint": 0.7297297297297297}, "diagnostic_decoders": {"threshold": {"AUROC": 72.72, "Rej-F1@0.4": 68.28, "Acc@0.4": 66.24, "Rej-F1@0.6": 70.71, "Acc@0.6": 62.58, "Rej-F1@0.8": 70.71, "Acc@0.8": 62.58, "G-mIoU@1": 39.6, "G-mIoU@3": 39.64, "G-mIoU@5": 39.51, "mAP": 4.22, "mR@1": 2.29, "mR@3": 5.1, "mR@5": 6.51, "mR+@1": 0.0, "mR+@3": 0.0, "mR+@5": 0.0, "mIoU@1": 8.45, "mIoU@3": 8.12, "mIoU@5": 8.14, "mIoU+@1": 0.0, "mIoU+@3": 0.24, "mIoU+@5": 0.24}}}
{"epoch": 5, "train": {"loss_span": 0.03288314477376254, "loss_giou": 0.8614535952259689, "loss_label": 0.07452609798019781, "class_error": 1.304688561994019, "loss_exist": 0.5643557323644333, "loss_dual_dqa": 0.21717354681193396, "loss_dual_eos": 2.504433956971314, "loss_span_0": 0.02784571767487118, "loss_giou_0": 0.7532029687465246, "loss_label_0": 0.10050975808260693, "class_error_0": 8.605460254047848, "loss_overall": 3.7477464249538532}, "val": {"AUROC": 72.77, "Rej-F1@0.4": 68.75, "Acc@0.4": 65.59, "Rej-F1@0.6": 70.71, "Acc@0.6": 62.58, "Rej-F1@0.8": 70.71, "Acc@0.8": 62.58, "G-mIoU@1": 41.44, "G-mIoU@3": 39.24, "G-mIoU@5": 38.68, "mAP": 5.86, "mR@1": 3.52, "mR@3": 6.15, "mR@5": 8.95, "mR+@1": 0.0, "mR+@3": 0.0, "mR+@5": 0.67, "mIoU@1": 11.13, "mIoU@3": 9.94, "mIoU@5": 9.99, "mIoU+@1": 0.0, "mIoU+@3": 0.56, "mIoU+@5": 0.56}, "selection": {"mAP": 5.86, "G-mIoU@3": 39.24, "joint": 0.833570412517781}, "diagnostic_decoders": {"threshold": {"AUROC": 72.77, "Rej-F1@0.4": 68.75, "Acc@0.4": 65.59, "Rej-F1@0.6": 70.71, "Acc@0.6": 62.58, "Rej-F1@0.8": 70.71, "Acc@0.8": 62.58, "G-mIoU@1": 41.44, "G-mIoU@3": 41.22, "G-mIoU@5": 41.06, "mAP": 4.98, "mR@1": 3.52, "mR@3": 4.9, "mR@5": 7.7, "mR+@1": 0.0, "mR+@3": 0.0, "mR+@5": 0.67, "mIoU@1": 11.13, "mIoU@3": 9.94, "mIoU@5": 9.99, "mIoU+@1": 0.0, "mIoU+@3": 0.56, "mIoU+@5": 0.56}}}
{"epoch": 6, "train": {"loss_span": 0.03285407392175777, "loss_giou": 0.8671892086856892, "loss_label": 0.07386208136569135, "class_error": 1.186156164568481, "loss_exist": 0.5635097896551499, "loss_dual_dqa": 0.2172511790097192, "loss_dual_eos": 2.4123282099530683, "loss_span_0": 0.02766098694514831, "loss_giou_0": 0.7543515348388354, "loss_label_0": 0.09976016448107591, "class_error_0": 8.369851688995288, "loss_overall": 3.7367855058654373}, "val": {"AUROC": 72.73, "Rej-F1@0.4": 69.6, "Acc@0.4": 62.8, "Rej-F1@0.6": 70.71, "Acc@0.6": 62.58, "Rej-F1@0.8": 70.71, "Acc@0.8": 62.58, "G-mIoU@1": 45.73, "G-mIoU@3": 43.71, "G-mIoU@5": 43.26, "mAP": 5.88, "mR@1": 3.43, "mR@3": 6.23, "mR@5": 8.8, "mR+@1": 0.0, "mR+@3": 0.0, "mR+@5": 0.67, "mIoU@1": 10.54, "mIoU@3": 9.59, "mIoU@5": 9.66, "mIoU+@1": 0.0, "mIoU+@3": 0.49, "mIoU+@5": 0.47}, "selection": {"mAP": 5.88, "G-mIoU@3": 43.71, "joint": 0.8364153627311521}, "diagnostic_decoders": {"threshold": {"AUROC": 72.73, "Rej-F1@0.4": 69.6, "Acc@0.4": 62.8, "Rej-F1@0.6": 70.71, "Acc@0.6": 62.58, "Rej-F1@0.8": 70.71, "Acc@0.8": 62.58, "G-mIoU@1": 45.73, "G-mIoU@3": 45.65, "G-mIoU@5": 45.59, "mAP": 5.0, "mR@1": 3.43, "mR@3": 5.09, "mR@5": 7.66, "mR+@1": 0.0, "mR+@3": 0.0, "mR+@5": 0.67, "mIoU@1": 10.54, "mIoU@3": 9.59, "mIoU@5": 9.66, "mIoU+@1": 0.0, "mIoU+@3": 0.49, "mIoU+@5": 0.47}}}
{"epoch": 7, "train": {"loss_span": 0.0333093737021139, "loss_giou": 0.8719556401927094, "loss_label": 0.07381362816946353, "class_error": 1.0797356909285887, "loss_exist": 0.5643961956790243, "loss_dual_dqa": 0.217250762461406, "loss_dual_eos": 2.2831989530781835, "loss_span_0": 0.027852732923157323, "loss_giou_0": 0.7625345586001901, "loss_label_0": 0.09904796568566097, "class_error_0": 7.991422746307093, "loss_overall": 3.74113625336984}, "val": {"AUROC": 72.75, "Rej-F1@0.4": 70.0, "Acc@0.4": 65.16, "Rej-F1@0.6": 70.71, "Acc@0.6": 62.58, "Rej-F1@0.8": 70.71, "Acc@0.8": 62.58, "G-mIoU@1": 44.03, "G-mIoU@3": 41.92, "G-mIoU@5": 41.41, "mAP": 6.07, "mR@1": 3.2, "mR@3": 6.53, "mR@5": 9.12, "mR+@1": 0.0, "mR+@3": 0.0, "mR+@5": 0.33, "mIoU@1": 10.53, "mIoU@3": 9.58, "mIoU@5": 9.65, "mIoU+@1": 0.0, "mIoU+@3": 0.28, "mIoU+@5": 0.26}, "selection": {"mAP": 6.07, "G-mIoU@3": 41.92, "joint": 0.8634423897581792}, "diagnostic_decoders": {"threshold": {"AUROC": 72.75, "Rej-F1@0.4": 70.0, "Acc@0.4": 65.16, "Rej-F1@0.6": 70.71, "Acc@0.6": 62.58, "Rej-F1@0.8": 70.71, "Acc@0.8": 62.58, "G-mIoU@1": 44.03, "G-mIoU@3": 43.92, "G-mIoU@5": 43.81, "mAP": 4.82, "mR@1": 3.2, "mR@3": 4.76, "mR@5": 7.35, "mR+@1": 0.0, "mR+@3": 0.0, "mR+@5": 0.33, "mIoU@1": 10.53, "mIoU@3": 9.58, "mIoU@5": 9.65, "mIoU+@1": 0.0, "mIoU+@3": 0.28, "mIoU+@5": 0.26}}}
{"epoch": 8, "train": {"loss_span": 0.033030998239040724, "loss_giou": 0.8660393462139607, "loss_label": 0.0728672372115125, "class_error": 0.8151646019929616, "loss_exist": 0.5647610023783393, "loss_dual_dqa": 0.21675175438473454, "loss_dual_eos": 2.2579630022754182, "loss_span_0": 0.027789046395517825, "loss_giou_0": 0.7584203524022589, "loss_label_0": 0.09907890780283783, "class_error_0": 7.011815037457709, "loss_overall": 3.7218396292613174}, "val": {"AUROC": 72.92, "Rej-F1@0.4": 69.62, "Acc@0.4": 66.02, "Rej-F1@0.6": 70.71, "Acc@0.6": 62.58, "Rej-F1@0.8": 70.71, "Acc@0.8": 62.58, "G-mIoU@1": 42.51, "G-mIoU@3": 40.33, "G-mIoU@5": 39.77, "mAP": 6.1, "mR@1": 3.72, "mR@3": 6.19, "mR@5": 8.79, "mR+@1": 0.0, "mR+@3": 0.0, "mR+@5": 0.67, "mIoU@1": 11.24, "mIoU@3": 10.15, "mIoU@5": 10.18, "mIoU+@1": 0.0, "mIoU+@3": 0.24, "mIoU+@5": 0.24}, "selection": {"mAP": 6.1, "G-mIoU@3": 40.33, "joint": 0.8677098150782361}, "diagnostic_decoders": {"threshold": {"AUROC": 72.92, "Rej-F1@0.4": 69.62, "Acc@0.4": 66.02, "Rej-F1@0.6": 70.71, "Acc@0.6": 62.58, "Rej-F1@0.8": 70.71, "Acc@0.8": 62.58, "G-mIoU@1": 42.51, "G-mIoU@3": 42.32, "G-mIoU@5": 42.15, "mAP": 5.2, "mR@1": 3.72, "mR@3": 4.93, "mR@5": 7.54, "mR+@1": 0.0, "mR+@3": 0.0, "mR+@5": 0.67, "mIoU@1": 11.24, "mIoU@3": 10.15, "mIoU@5": 10.18, "mIoU+@1": 0.0, "mIoU+@3": 0.24, "mIoU+@5": 0.24}}}
{"epoch": 9, "train": {"loss_span": 0.03350607465831999, "loss_giou": 0.8730771865690313, "loss_label": 0.0730557389712207, "class_error": 1.040307746986769, "loss_exist": 0.5632662115435833, "loss_dual_dqa": 0.21664005538125497, "loss_dual_eos": 2.156048496487407, "loss_span_0": 0.02810360097680592, "loss_giou_0": 0.7594745497072072, "loss_label_0": 0.098126717862471, "class_error_0": 7.242861512203963, "loss_overall": 3.7230813829376825}, "val": {"AUROC": 72.86, "Rej-F1@0.4": 70.35, "Acc@0.4": 65.38, "Rej-F1@0.6": 70.71, "Acc@0.6": 62.58, "Rej-F1@0.8": 70.71, "Acc@0.8": 62.58, "G-mIoU@1": 44.26, "G-mIoU@3": 42.24, "G-mIoU@5": 41.77, "mAP": 5.12, "mR@1": 2.31, "mR@3": 5.48, "mR@5": 7.86, "mR+@1": 0.0, "mR+@3": 0.0, "mR+@5": 0.5, "mIoU@1": 9.23, "mIoU@3": 8.68, "mIoU@5": 8.74, "mIoU+@1": 0.0, "mIoU+@3": 0.16, "mIoU+@5": 0.16}, "selection": {"mAP": 5.12, "G-mIoU@3": 42.24, "joint": 0.7283072546230441}, "diagnostic_decoders": {"threshold": {"AUROC": 72.86, "Rej-F1@0.4": 70.35, "Acc@0.4": 65.38, "Rej-F1@0.6": 70.71, "Acc@0.6": 62.58, "Rej-F1@0.8": 70.71, "Acc@0.8": 62.58, "G-mIoU@1": 44.26, "G-mIoU@3": 44.21, "G-mIoU@5": 44.14, "mAP": 3.89, "mR@1": 2.31, "mR@3": 4.07, "mR@5": 6.44, "mR+@1": 0.0, "mR+@3": 0.0, "mR+@5": 0.5, "mIoU@1": 9.23, "mIoU@3": 8.68, "mIoU@5": 8.74, "mIoU+@1": 0.0, "mIoU+@3": 0.16, "mIoU+@5": 0.16}}}
{"epoch": 10, "train": {"loss_span": 0.03342371313338006, "loss_giou": 0.8714557543303323, "loss_label": 0.07247386044115252, "class_error": 1.3141630236338508, "loss_exist": 0.563479992936002, "loss_dual_dqa": 0.2170535237850228, "loss_dual_eos": 2.099386051894963, "loss_span_0": 0.027614021874557318, "loss_giou_0": 0.7590144552603731, "loss_label_0": 0.09817079144384606, "class_error_0": 8.268950457271025, "loss_overall": 3.7076974404843432}, "val": {"AUROC": 72.94, "Rej-F1@0.4": 70.67, "Acc@0.4": 65.38, "Rej-F1@0.6": 70.71, "Acc@0.6": 62.58, "Rej-F1@0.8": 70.71, "Acc@0.8": 62.58, "G-mIoU@1": 44.85, "G-mIoU@3": 42.9, "G-mIoU@5": 42.43, "mAP": 5.77, "mR@1": 3.12, "mR@3": 6.55, "mR@5": 9.19, "mR+@1": 0.0, "mR+@3": 0.0, "mR+@5": 0.83, "mIoU@1": 9.34, "mIoU@3": 8.97, "mIoU@5": 9.0, "mIoU+@1": 0.0, "mIoU+@3": 0.22, "mIoU+@5": 0.22}, "selection": {"mAP": 5.77, "G-mIoU@3": 42.9, "joint": 0.8207681365576102}, "diagnostic_decoders": {"threshold": {"AUROC": 72.94, "Rej-F1@0.4": 70.67, "Acc@0.4": 65.38, "Rej-F1@0.6": 70.71, "Acc@0.6": 62.58, "Rej-F1@0.8": 70.71, "Acc@0.8": 62.58, "G-mIoU@1": 44.85, "G-mIoU@3": 44.84, "G-mIoU@5": 44.76, "mAP": 5.15, "mR@1": 3.12, "mR@3": 5.8, "mR@5": 8.44, "mR+@1": 0.0, "mR+@3": 0.0, "mR+@5": 0.83, "mIoU@1": 9.34, "mIoU@3": 8.97, "mIoU@5": 9.0, "mIoU+@1": 0.0, "mIoU+@3": 0.22, "mIoU+@5": 0.22}}}
{"epoch": 11, "train": {"loss_span": 0.0333725121295383, "loss_giou": 0.8696334736251554, "loss_label": 0.07257102682660777, "class_error": 1.6736954347473114, "loss_exist": 0.564671691602529, "loss_dual_dqa": 0.21637000913433316, "loss_dual_eos": 2.055891552485378, "loss_span_0": 0.02787256787664767, "loss_giou_0": 0.7597487061250723, "loss_label_0": 0.09867710705149745, "class_error_0": 8.558785144922064, "loss_overall": 3.707904883431259}, "val": {"AUROC": 72.75, "Rej-F1@0.4": 69.84, "Acc@0.4": 63.23, "Rej-F1@0.6": 70.71, "Acc@0.6": 62.58, "Rej-F1@0.8": 70.71, "Acc@0.8": 62.58, "G-mIoU@1": 46.14, "G-mIoU@3": 43.83, "G-mIoU@5": 43.33, "mAP": 5.58, "mR@1": 2.53, "mR@3": 6.92, "mR@5": 9.31, "mR+@1": 0.0, "mR+@3": 0.0, "mR+@5": 1.33, "mIoU@1": 9.76, "mIoU@3": 8.85, "mIoU@5": 8.86, "mIoU+@1": 0.0, "mIoU+@3": 0.69, "mIoU+@5": 0.69}, "selection": {"mAP": 5.58, "G-mIoU@3": 43.83, "joint": 0.7937411095305832}, "diagnostic_decoders": {"threshold": {"AUROC": 72.75, "Rej-F1@0.4": 69.84, "Acc@0.4": 63.23, "Rej-F1@0.6": 70.71, "Acc@0.6": 62.58, "Rej-F1@0.8": 70.71, "Acc@0.8": 62.58, "G-mIoU@1": 46.14, "G-mIoU@3": 46.0, "G-mIoU@5": 45.93, "mAP": 4.89, "mR@1": 2.53, "mR@3": 6.06, "mR@5": 8.44, "mR+@1": 0.0, "mR+@3": 0.0, "mR+@5": 1.33, "mIoU@1": 9.76, "mIoU@3": 8.85, "mIoU@5": 8.86, "mIoU+@1": 0.0, "mIoU+@3": 0.69, "mIoU+@5": 0.69}}}
{"epoch": 12, "train": {"loss_span": 0.033263940974501034, "loss_giou": 0.8646185974846605, "loss_label": 0.07289287745376438, "class_error": 1.4511603700647957, "loss_exist": 0.5646648646092404, "loss_dual_dqa": 0.2138991086177056, "loss_dual_eos": 1.9897008779948895, "loss_span_0": 0.027700757080263247, "loss_giou_0": 0.7632654299477899, "loss_label_0": 0.09922282647300078, "class_error_0": 7.933940951982058, "loss_overall": 3.7003237247006107}, "val": {"AUROC": 72.81, "Rej-F1@0.4": 70.24, "Acc@0.4": 65.38, "Rej-F1@0.6": 70.71, "Acc@0.6": 62.58, "Rej-F1@0.8": 70.71, "Acc@0.8": 62.58, "G-mIoU@1": 43.99, "G-mIoU@3": 42.05, "G-mIoU@5": 41.57, "mAP": 5.52, "mR@1": 2.49, "mR@3": 6.41, "mR@5": 9.23, "mR+@1": 0.0, "mR+@3": 0.0, "mR+@5": 1.17, "mIoU@1": 9.29, "mIoU@3": 8.45, "mIoU@5": 8.49, "mIoU+@1": 0.0, "mIoU+@3": 0.24, "mIoU+@5": 0.24}, "selection": {"mAP": 5.52, "G-mIoU@3": 42.05, "joint": 0.7852062588904694}, "diagnostic_decoders": {"threshold": {"AUROC": 72.81, "Rej-F1@0.4": 70.24, "Acc@0.4": 65.38, "Rej-F1@0.6": 70.71, "Acc@0.6": 62.58, "Rej-F1@0.8": 70.71, "Acc@0.8": 62.58, "G-mIoU@1": 43.99, "G-mIoU@3": 43.99, "G-mIoU@5": 43.9, "mAP": 4.68, "mR@1": 2.49, "mR@3": 5.31, "mR@5": 8.13, "mR+@1": 0.0, "mR+@3": 0.0, "mR+@5": 1.17, "mIoU@1": 9.29, "mIoU@3": 8.45, "mIoU@5": 8.49, "mIoU+@1": 0.0, "mIoU+@3": 0.24, "mIoU+@5": 0.24}}}
{"epoch": 13, "train": {"loss_span": 0.03343357463759348, "loss_giou": 0.8758407881318687, "loss_label": 0.07258233152880883, "class_error": 1.5135977124176836, "loss_exist": 0.5644083808677216, "loss_dual_dqa": 0.20652736231519037, "loss_dual_eos": 1.9365560086583562, "loss_span_0": 0.027709740837482278, "loss_giou_0": 0.7542191215504074, "loss_label_0": 0.09824179230305582, "class_error_0": 7.7761177959045735, "loss_overall": 3.693179909073252}, "val": {"AUROC": 72.92, "Rej-F1@0.4": 66.38, "Acc@0.4": 65.81, "Rej-F1@0.6": 70.71, "Acc@0.6": 62.58, "Rej-F1@0.8": 70.71, "Acc@0.8": 62.58, "G-mIoU@1": 36.76, "G-mIoU@3": 35.05, "G-mIoU@5": 34.54, "mAP": 5.17, "mR@1": 1.98, "mR@3": 6.21, "mR@5": 9.13, "mR+@1": 0.0, "mR+@3": 0.0, "mR+@5": 0.17, "mIoU@1": 8.0, "mIoU@3": 7.72, "mIoU@5": 7.73, "mIoU+@1": 0.0, "mIoU+@3": 0.28, "mIoU+@5": 0.26}, "selection": {"mAP": 5.17, "G-mIoU@3": 35.05, "joint": 0.7354196301564723}, "diagnostic_decoders": {"threshold": {"AUROC": 72.92, "Rej-F1@0.4": 66.38, "Acc@0.4": 65.81, "Rej-F1@0.6": 70.71, "Acc@0.6": 62.58, "Rej-F1@0.8": 70.71, "Acc@0.8": 62.58, "G-mIoU@1": 36.76, "G-mIoU@3": 36.82, "G-mIoU@5": 36.67, "mAP": 4.16, "mR@1": 1.98, "mR@3": 4.56, "mR@5": 7.48, "mR+@1": 0.0, "mR+@3": 0.0, "mR+@5": 0.17, "mIoU@1": 8.0, "mIoU@3": 7.72, "mIoU@5": 7.73, "mIoU+@1": 0.0, "mIoU+@3": 0.28, "mIoU+@5": 0.26}}}
{"epoch": 14, "train": {"loss_span": 0.032933689441411264, "loss_giou": 0.8719371310635544, "loss_label": 0.07351172065615308, "class_error": 1.1600602575406296, "loss_exist": 0.5639882279427632, "loss_dual_dqa": 0.19667243336697832, "loss_dual_eos": 1.9477708958496271, "loss_span_0": 0.02744896216754639, "loss_giou_0": 0.754295139366904, "loss_label_0": 0.09915518148501982, "class_error_0": 7.714018816646025, "loss_overall": 3.689325309364389}, "val": {"AUROC": 72.66, "Rej-F1@0.4": 69.87, "Acc@0.4": 64.95, "Rej-F1@0.6": 70.71, "Acc@0.6": 62.58, "Rej-F1@0.8": 70.71, "Acc@0.8": 62.58, "G-mIoU@1": 44.37, "G-mIoU@3": 41.97, "G-mIoU@5": 41.44, "mAP": 5.8, "mR@1": 3.14, "mR@3": 6.08, "mR@5": 8.28, "mR+@1": 0.0, "mR+@3": 0.0, "mR+@5": 0.17, "mIoU@1": 9.97, "mIoU@3": 9.06, "mIoU@5": 9.06, "mIoU+@1": 0.0, "mIoU+@3": 0.12, "mIoU+@5": 0.1}, "selection": {"mAP": 5.8, "G-mIoU@3": 41.97, "joint": 0.8250355618776671}, "diagnostic_decoders": {"threshold": {"AUROC": 72.66, "Rej-F1@0.4": 69.87, "Acc@0.4": 64.95, "Rej-F1@0.6": 70.71, "Acc@0.6": 62.58, "Rej-F1@0.8": 70.71, "Acc@0.8": 62.58, "G-mIoU@1": 44.37, "G-mIoU@3": 44.28, "G-mIoU@5": 44.21, "mAP": 4.83, "mR@1": 3.14, "mR@3": 5.06, "mR@5": 7.26, "mR+@1": 0.0, "mR+@3": 0.0, "mR+@5": 0.17, "mIoU@1": 9.97, "mIoU@3": 9.06, "mIoU@5": 9.06, "mIoU+@1": 0.0, "mIoU+@3": 0.12, "mIoU+@5": 0.1}}}
{"epoch": 15, "train": {"loss_span": 0.03313965182580367, "loss_giou": 0.8639913294671411, "loss_label": 0.07337325735043765, "class_error": 1.378110934479217, "loss_exist": 0.5645344187062163, "loss_dual_dqa": 0.19105156592092057, "loss_dual_eos": 1.8848649076127153, "loss_span_0": 0.027537134146959727, "loss_giou_0": 0.7519710231311313, "loss_label_0": 0.0988033127675257, "class_error_0": 8.358337077845578, "loss_overall": 3.6740099626672964}, "val": {"AUROC": 72.85, "Rej-F1@0.4": 70.2, "Acc@0.4": 64.95, "Rej-F1@0.6": 70.71, "Acc@0.6": 62.58, "Rej-F1@0.8": 70.71, "Acc@0.8": 62.58, "G-mIoU@1": 44.35, "G-mIoU@3": 42.4, "G-mIoU@5": 41.95, "mAP": 5.4, "mR@1": 2.39, "mR@3": 5.94, "mR@5": 9.27, "mR+@1": 0.0, "mR+@3": 0.0, "mR+@5": 0.5, "mIoU@1": 8.71, "mIoU@3": 8.01, "mIoU@5": 8.04, "mIoU+@1": 0.0, "mIoU+@3": 0.21, "mIoU+@5": 0.16}, "selection": {"mAP": 5.4, "G-mIoU@3": 42.4, "joint": 0.7681365576102418}, "diagnostic_decoders": {"threshold": {"AUROC": 72.85, "Rej-F1@0.4": 70.2, "Acc@0.4": 64.95, "Rej-F1@0.6": 70.71, "Acc@0.6": 62.58, "Rej-F1@0.8": 70.71, "Acc@0.8": 62.58, "G-mIoU@1": 44.35, "G-mIoU@3": 44.22, "G-mIoU@5": 44.14, "mAP": 4.23, "mR@1": 2.39, "mR@3": 4.29, "mR@5": 7.63, "mR+@1": 0.0, "mR+@3": 0.0, "mR+@5": 0.5, "mIoU@1": 8.71, "mIoU@3": 8.01, "mIoU@5": 8.04, "mIoU+@1": 0.0, "mIoU+@3": 0.21, "mIoU+@5": 0.16}}}
{"epoch": 16, "train": {"loss_span": 0.03301369294761863, "loss_giou": 0.867481455473349, "loss_label": 0.07314347756829395, "class_error": 1.5575290419964354, "loss_exist": 0.564234485829032, "loss_dual_dqa": 0.1835582710265998, "loss_dual_eos": 1.8604750827984744, "loss_span_0": 0.027528661227149916, "loss_giou_0": 0.7566424140093579, "loss_label_0": 0.09807783390096907, "class_error_0": 7.242869359159769, "loss_overall": 3.6738925929689477}, "val": {"AUROC": 72.75, "Rej-F1@0.4": 70.52, "Acc@0.4": 64.95, "Rej-F1@0.6": 70.71, "Acc@0.6": 62.58, "Rej-F1@0.8": 70.71, "Acc@0.8": 62.58, "G-mIoU@1": 45.05, "G-mIoU@3": 43.06, "G-mIoU@5": 42.61, "mAP": 5.3, "mR@1": 2.43, "mR@3": 6.09, "mR@5": 8.79, "mR+@1": 0.0, "mR+@3": 0.0, "mR+@5": 0.33, "mIoU@1": 8.85, "mIoU@3": 8.05, "mIoU@5": 8.09, "mIoU+@1": 0.0, "mIoU+@3": 0.24, "mIoU+@5": 0.24}, "selection": {"mAP": 5.3, "G-mIoU@3": 43.06, "joint": 0.7539118065433854}, "diagnostic_decoders": {"threshold": {"AUROC": 72.75, "Rej-F1@0.4": 70.52, "Acc@0.4": 64.95, "Rej-F1@0.6": 70.71, "Acc@0.6": 62.58, "Rej-F1@0.8": 70.71, "Acc@0.8": 62.58, "G-mIoU@1": 45.05, "G-mIoU@3": 44.97, "G-mIoU@5": 44.9, "mAP": 4.69, "mR@1": 2.43, "mR@3": 5.62, "mR@5": 8.32, "mR+@1": 0.0, "mR+@3": 0.0, "mR+@5": 0.33, "mIoU@1": 8.85, "mIoU@3": 8.05, "mIoU@5": 8.09, "mIoU+@1": 0.0, "mIoU+@3": 0.24, "mIoU+@5": 0.24}}}
{"epoch": 17, "train": {"loss_span": 0.03341617616710022, "loss_giou": 0.87297708049611, "loss_label": 0.07167315251545493, "class_error": 1.3579486240333494, "loss_exist": 0.5647466248391964, "loss_dual_dqa": 0.18315942202316154, "loss_dual_eos": 1.8323594099545375, "loss_span_0": 0.027717523607202577, "loss_giou_0": 0.7576381576527945, "loss_label_0": 0.09806513240036036, "class_error_0": 8.09927903586047, "loss_overall": 3.6780459069583427}, "val": {"AUROC": 73.06, "Rej-F1@0.4": 69.74, "Acc@0.4": 64.73, "Rej-F1@0.6": 70.71, "Acc@0.6": 62.58, "Rej-F1@0.8": 70.71, "Acc@0.8": 62.58, "G-mIoU@1": 44.16, "G-mIoU@3": 41.88, "G-mIoU@5": 41.39, "mAP": 5.46, "mR@1": 2.63, "mR@3": 5.88, "mR@5": 8.65, "mR+@1": 0.0, "mR+@3": 0.0, "mR+@5": 0.83, "mIoU@1": 10.72, "mIoU@3": 9.5, "mIoU@5": 9.49, "mIoU+@1": 0.0, "mIoU+@3": 0.08, "mIoU+@5": 0.08}, "selection": {"mAP": 5.46, "G-mIoU@3": 41.88, "joint": 0.7766714082503556}, "diagnostic_decoders": {"threshold": {"AUROC": 73.06, "Rej-F1@0.4": 69.74, "Acc@0.4": 64.73, "Rej-F1@0.6": 70.71, "Acc@0.6": 62.58, "Rej-F1@0.8": 70.71, "Acc@0.8": 62.58, "G-mIoU@1": 44.16, "G-mIoU@3": 44.11, "G-mIoU@5": 44.06, "mAP": 4.5, "mR@1": 2.63, "mR@3": 5.06, "mR@5": 7.82, "mR+@1": 0.0, "mR+@3": 0.0, "mR+@5": 0.83, "mIoU@1": 10.72, "mIoU@3": 9.5, "mIoU@5": 9.49, "mIoU+@1": 0.0, "mIoU+@3": 0.08, "mIoU+@5": 0.08}}}
{"epoch": 18, "train": {"loss_span": 0.03386452807578964, "loss_giou": 0.8777417665002656, "loss_label": 0.07217440897137027, "class_error": 1.9060854499267461, "loss_exist": 0.5643344462465237, "loss_dual_dqa": 0.17952947738436814, "loss_dual_eos": 1.8154041626535216, "loss_span_0": 0.02741136296650907, "loss_giou_0": 0.755145248610827, "loss_label_0": 0.09866872692724654, "class_error_0": 7.824123937533984, "loss_overall": 3.683869807371026}, "val": {"AUROC": 72.75, "Rej-F1@0.4": 59.18, "Acc@0.4": 65.59, "Rej-F1@0.6": 70.71, "Acc@0.6": 62.58, "Rej-F1@0.8": 70.71, "Acc@0.8": 62.58, "G-mIoU@1": 28.55, "G-mIoU@3": 26.45, "G-mIoU@5": 25.88, "mAP": 5.17, "mR@1": 2.39, "mR@3": 5.58, "mR@5": 8.92, "mR+@1": 0.0, "mR+@3": 0.0, "mR+@5": 0.67, "mIoU@1": 8.79, "mIoU@3": 8.02, "mIoU@5": 8.05, "mIoU+@1": 0.0, "mIoU+@3": 0.28, "mIoU+@5": 0.26}, "selection": {"mAP": 5.17, "G-mIoU@3": 26.45, "joint": 0.7354196301564723}, "diagnostic_decoders": {"threshold": {"AUROC": 72.75, "Rej-F1@0.4": 59.18, "Acc@0.4": 65.59, "Rej-F1@0.6": 70.71, "Acc@0.6": 62.58, "Rej-F1@0.8": 70.71, "Acc@0.8": 62.58, "G-mIoU@1": 28.55, "G-mIoU@3": 28.37, "G-mIoU@5": 28.19, "mAP": 4.59, "mR@1": 2.39, "mR@3": 4.88, "mR@5": 8.21, "mR+@1": 0.0, "mR+@3": 0.0, "mR+@5": 0.67, "mIoU@1": 8.79, "mIoU@3": 8.02, "mIoU@5": 8.05, "mIoU+@1": 0.0, "mIoU+@3": 0.28, "mIoU+@5": 0.26}}}
{"epoch": 19, "train": {"loss_span": 0.0333123648185382, "loss_giou": 0.8715699732217194, "loss_label": 0.07199944493821302, "class_error": 1.6168786367395178, "loss_exist": 0.5641247029463526, "loss_dual_dqa": 0.1774317882468932, "loss_dual_eos": 1.7944510903780215, "loss_span_0": 0.027695608902821627, "loss_giou_0": 0.7579699128419665, "loss_label_0": 0.0973219026893795, "class_error_0": 7.257372141230101, "loss_overall": 3.6693464172468375}, "val": {"AUROC": 72.42, "Rej-F1@0.4": 68.01, "Acc@0.4": 65.81, "Rej-F1@0.6": 70.71, "Acc@0.6": 62.58, "Rej-F1@0.8": 70.71, "Acc@0.8": 62.58, "G-mIoU@1": 40.02, "G-mIoU@3": 37.81, "G-mIoU@5": 37.23, "mAP": 5.76, "mR@1": 2.96, "mR@3": 6.66, "mR@5": 9.29, "mR+@1": 0.0, "mR+@3": 0.0, "mR+@5": 0.33, "mIoU@1": 9.57, "mIoU@3": 8.76, "mIoU@5": 8.83, "mIoU+@1": 0.0, "mIoU+@3": 0.25, "mIoU+@5": 0.25}, "selection": {"mAP": 5.76, "G-mIoU@3": 37.81, "joint": 0.8193456614509246}, "diagnostic_decoders": {"threshold": {"AUROC": 72.42, "Rej-F1@0.4": 68.01, "Acc@0.4": 65.81, "Rej-F1@0.6": 70.71, "Acc@0.6": 62.58, "Rej-F1@0.8": 70.71, "Acc@0.8": 62.58, "G-mIoU@1": 40.02, "G-mIoU@3": 40.04, "G-mIoU@5": 39.91, "mAP": 5.11, "mR@1": 2.96, "mR@3": 5.99, "mR@5": 8.62, "mR+@1": 0.0, "mR+@3": 0.0, "mR+@5": 0.33, "mIoU@1": 9.57, "mIoU@3": 8.76, "mIoU@5": 8.83, "mIoU+@1": 0.0, "mIoU+@3": 0.25, "mIoU+@5": 0.25}}}
{"epoch": 20, "train": {"loss_span": 0.03308678679474314, "loss_giou": 0.8656359650536745, "loss_label": 0.07399430184828999, "class_error": 1.7438817344580715, "loss_exist": 0.5639418948094242, "loss_dual_dqa": 0.1783230936126815, "loss_dual_eos": 1.749591983073342, "loss_span_0": 0.027789139325216, "loss_giou_0": 0.7593480597491884, "loss_label_0": 0.09791281420346791, "class_error_0": 7.187683193968252, "loss_overall": 3.669189037131249}, "val": {"AUROC": 72.53, "Rej-F1@0.4": 69.7, "Acc@0.4": 65.59, "Rej-F1@0.6": 70.71, "Acc@0.6": 62.58, "Rej-F1@0.8": 70.71, "Acc@0.8": 62.58, "G-mIoU@1": 42.97, "G-mIoU@3": 40.92, "G-mIoU@5": 40.38, "mAP": 5.7, "mR@1": 2.98, "mR@3": 6.74, "mR@5": 8.93, "mR+@1": 0.0, "mR+@3": 0.0, "mR+@5": 0.0, "mIoU@1": 8.98, "mIoU@3": 8.37, "mIoU@5": 8.37, "mIoU+@1": 0.0, "mIoU+@3": 0.16, "mIoU+@5": 0.16}, "selection": {"mAP": 5.7, "G-mIoU@3": 40.92, "joint": 0.8108108108108109}, "diagnostic_decoders": {"threshold": {"AUROC": 72.53, "Rej-F1@0.4": 69.7, "Acc@0.4": 65.59, "Rej-F1@0.6": 70.71, "Acc@0.6": 62.58, "Rej-F1@0.8": 70.71, "Acc@0.8": 62.58, "G-mIoU@1": 42.97, "G-mIoU@3": 42.89, "G-mIoU@5": 42.75, "mAP": 5.02, "mR@1": 2.98, "mR@3": 5.99, "mR@5": 8.19, "mR+@1": 0.0, "mR+@3": 0.0, "mR+@5": 0.0, "mIoU@1": 8.98, "mIoU@3": 8.37, "mIoU@5": 8.37, "mIoU+@1": 0.0, "mIoU+@3": 0.16, "mIoU+@5": 0.16}}}
{"epoch": 21, "train": {"loss_span": 0.033121347288727586, "loss_giou": 0.8663842861291693, "loss_label": 0.07268728273157742, "class_error": 1.2552653073457891, "loss_exist": 0.564163736268021, "loss_dual_dqa": 0.1746132307550422, "loss_dual_eos": 1.7118325580312987, "loss_span_0": 0.02759373414164986, "loss_giou_0": 0.7500726944470302, "loss_label_0": 0.09821729686465916, "class_error_0": 7.94612415842874, "loss_overall": 3.651303773573944}, "val": {"AUROC": 72.41, "Rej-F1@0.4": 68.13, "Acc@0.4": 65.59, "Rej-F1@0.6": 70.71, "Acc@0.6": 62.58, "Rej-F1@0.8": 70.71, "Acc@0.8": 62.58, "G-mIoU@1": 40.32, "G-mIoU@3": 38.22, "G-mIoU@5": 37.65, "mAP": 5.84, "mR@1": 2.67, "mR@3": 7.27, "mR@5": 9.93, "mR+@1": 0.0, "mR+@3": 0.0, "mR+@5": 0.67, "mIoU@1": 9.68, "mIoU@3": 8.53, "mIoU@5": 8.56, "mIoU+@1": 0.0, "mIoU+@3": 0.43, "mIoU+@5": 0.43}, "selection": {"mAP": 5.84, "G-mIoU@3": 38.22, "joint": 0.8307254623044096}, "diagnostic_decoders": {"threshold": {"AUROC": 72.41, "Rej-F1@0.4": 68.13, "Acc@0.4": 65.59, "Rej-F1@0.6": 70.71, "Acc@0.6": 62.58, "Rej-F1@0.8": 70.71, "Acc@0.8": 62.58, "G-mIoU@1": 40.32, "G-mIoU@3": 40.3, "G-mIoU@5": 40.15, "mAP": 4.99, "mR@1": 2.67, "mR@3": 6.17, "mR@5": 8.83, "mR+@1": 0.0, "mR+@3": 0.0, "mR+@5": 0.67, "mIoU@1": 9.68, "mIoU@3": 8.53, "mIoU@5": 8.56, "mIoU+@1": 0.0, "mIoU+@3": 0.43, "mIoU+@5": 0.43}}}
{"epoch": 22, "train": {"loss_span": 0.03314983378870727, "loss_giou": 0.8691168923548537, "loss_label": 0.07326583582646838, "class_error": 1.5164794921875, "loss_exist": 0.5637002834494763, "loss_dual_dqa": 0.1710218145845592, "loss_dual_eos": 1.6949035497089697, "loss_span_0": 0.027537161929090857, "loss_giou_0": 0.7531961922256079, "loss_label_0": 0.0987547467286717, "class_error_0": 8.454684597216348, "loss_overall": 3.659007107479783}, "val": {"AUROC": 72.54, "Rej-F1@0.4": 69.58, "Acc@0.4": 65.59, "Rej-F1@0.6": 70.71, "Acc@0.6": 62.58, "Rej-F1@0.8": 70.71, "Acc@0.8": 62.58, "G-mIoU@1": 42.77, "G-mIoU@3": 40.69, "G-mIoU@5": 40.17, "mAP": 5.38, "mR@1": 2.27, "mR@3": 6.88, "mR@5": 9.54, "mR+@1": 0.0, "mR+@3": 0.0, "mR+@5": 0.0, "mIoU@1": 9.08, "mIoU@3": 8.03, "mIoU@5": 8.04, "mIoU+@1": 0.0, "mIoU+@3": 0.49, "mIoU+@5": 0.49}, "selection": {"mAP": 5.38, "G-mIoU@3": 40.69, "joint": 0.7652916073968705}, "diagnostic_decoders": {"threshold": {"AUROC": 72.54, "Rej-F1@0.4": 69.58, "Acc@0.4": 65.59, "Rej-F1@0.6": 70.71, "Acc@0.6": 62.58, "Rej-F1@0.8": 70.71, "Acc@0.8": 62.58, "G-mIoU@1": 42.77, "G-mIoU@3": 42.7, "G-mIoU@5": 42.57, "mAP": 4.61, "mR@1": 2.27, "mR@3": 5.82, "mR@5": 8.48, "mR+@1": 0.0, "mR+@3": 0.0, "mR+@5": 0.0, "mIoU@1": 9.08, "mIoU@3": 8.03, "mIoU@5": 8.04, "mIoU+@1": 0.0, "mIoU+@3": 0.49, "mIoU+@5": 0.49}}}
{"epoch": 23, "train": {"loss_span": 0.032943366289880614, "loss_giou": 0.870352288903448, "loss_label": 0.07297656735528663, "class_error": 1.048227036385331, "loss_exist": 0.5647001907467093, "loss_dual_dqa": 0.1681994002559094, "loss_dual_eos": 1.6963157233493578, "loss_span_0": 0.02748075959715162, "loss_giou_0": 0.7541952960556864, "loss_label_0": 0.0973727245004411, "class_error_0": 8.077703447374184, "loss_overall": 3.6529277591327354}, "val": {"AUROC": 72.43, "Rej-F1@0.4": 69.32, "Acc@0.4": 66.88, "Rej-F1@0.6": 70.71, "Acc@0.6": 62.58, "Rej-F1@0.8": 70.71, "Acc@0.8": 62.58, "G-mIoU@1": 41.07, "G-mIoU@3": 38.86, "G-mIoU@5": 38.29, "mAP": 5.42, "mR@1": 3.22, "mR@3": 5.68, "mR@5": 8.14, "mR+@1": 0.0, "mR+@3": 0.0, "mR+@5": 0.0, "mIoU@1": 9.96, "mIoU@3": 8.96, "mIoU@5": 8.96, "mIoU+@1": 0.0, "mIoU+@3": 0.24, "mIoU+@5": 0.2}, "selection": {"mAP": 5.42, "G-mIoU@3": 38.86, "joint": 0.7709815078236131}, "diagnostic_decoders": {"threshold": {"AUROC": 72.43, "Rej-F1@0.4": 69.32, "Acc@0.4": 66.88, "Rej-F1@0.6": 70.71, "Acc@0.6": 62.58, "Rej-F1@0.8": 70.71, "Acc@0.8": 62.58, "G-mIoU@1": 41.07, "G-mIoU@3": 41.07, "G-mIoU@5": 40.94, "mAP": 4.89, "mR@1": 3.22, "mR@3": 5.25, "mR@5": 7.71, "mR+@1": 0.0, "mR+@3": 0.0, "mR+@5": 0.0, "mIoU@1": 9.96, "mIoU@3": 8.96, "mIoU@5": 8.96, "mIoU+@1": 0.0, "mIoU+@3": 0.24, "mIoU+@5": 0.2}}}
{"epoch": 24, "train": {"loss_span": 0.03300397508224466, "loss_giou": 0.870988407303251, "loss_label": 0.07277728620792369, "class_error": 1.443105558429495, "loss_exist": 0.5637226986850501, "loss_dual_dqa": 0.16830808329749303, "loss_dual_eos": 1.6603022559418548, "loss_span_0": 0.027784803824624386, "loss_giou_0": 0.75671323279703, "loss_label_0": 0.09724468986313374, "class_error_0": 8.132852914772384, "loss_overall": 3.653845660752176}, "val": {"AUROC": 72.54, "Rej-F1@0.4": 68.37, "Acc@0.4": 65.38, "Rej-F1@0.6": 70.71, "Acc@0.6": 62.58, "Rej-F1@0.8": 70.71, "Acc@0.8": 62.58, "G-mIoU@1": 40.66, "G-mIoU@3": 38.73, "G-mIoU@5": 38.22, "mAP": 4.9, "mR@1": 2.73, "mR@3": 4.82, "mR@5": 7.35, "mR+@1": 0.0, "mR+@3": 0.0, "mR+@5": 0.67, "mIoU@1": 10.33, "mIoU@3": 8.97, "mIoU@5": 9.0, "mIoU+@1": 0.0, "mIoU+@3": 0.68, "mIoU+@5": 0.64}, "selection": {"mAP": 4.9, "G-mIoU@3": 38.73, "joint": 0.6970128022759602}, "diagnostic_decoders": {"threshold": {"AUROC": 72.54, "Rej-F1@0.4": 68.37, "Acc@0.4": 65.38, "Rej-F1@0.6": 70.71, "Acc@0.6": 62.58, "Rej-F1@0.8": 70.71, "Acc@0.8": 62.58, "G-mIoU@1": 40.66, "G-mIoU@3": 40.59, "G-mIoU@5": 40.44, "mAP": 4.3, "mR@1": 2.73, "mR@3": 4.35, "mR@5": 6.88, "mR+@1": 0.0, "mR+@3": 0.0, "mR+@5": 0.67, "mIoU@1": 10.33, "mIoU@3": 8.97, "mIoU@5": 9.0, "mIoU+@1": 0.0, "mIoU+@3": 0.68, "mIoU+@5": 0.64}}}
{"epoch": 25, "train": {"loss_span": 0.032441295325979336, "loss_giou": 0.8594384049666337, "loss_label": 0.07317862549680566, "class_error": 1.742615955586938, "loss_exist": 0.5637068554881461, "loss_dual_dqa": 0.16712135641888295, "loss_dual_eos": 1.655840414281396, "loss_span_0": 0.027377800914243317, "loss_giou_0": 0.7552037095896802, "loss_label_0": 0.09826711197228406, "class_error_0": 7.549683148184509, "loss_overall": 3.63626299704141}, "val": {"AUROC": 72.59, "Rej-F1@0.4": 68.49, "Acc@0.4": 65.38, "Rej-F1@0.6": 70.71, "Acc@0.6": 62.58, "Rej-F1@0.8": 70.71, "Acc@0.8": 62.58, "G-mIoU@1": 40.86, "G-mIoU@3": 38.97, "G-mIoU@5": 38.45, "mAP": 5.05, "mR@1": 3.06, "mR@3": 4.92, "mR@5": 7.17, "mR+@1": 0.0, "mR+@3": 0.0, "mR+@5": 0.56, "mIoU@1": 10.6, "mIoU@3": 9.01, "mIoU@5": 9.08, "mIoU+@1": 0.0, "mIoU+@3": 0.21, "mIoU+@5": 0.16}, "selection": {"mAP": 5.05, "G-mIoU@3": 38.97, "joint": 0.7183499288762446}, "diagnostic_decoders": {"threshold": {"AUROC": 72.59, "Rej-F1@0.4": 68.49, "Acc@0.4": 65.38, "Rej-F1@0.6": 70.71, "Acc@0.6": 62.58, "Rej-F1@0.8": 70.71, "Acc@0.8": 62.58, "G-mIoU@1": 40.86, "G-mIoU@3": 40.84, "G-mIoU@5": 40.69, "mAP": 4.41, "mR@1": 3.06, "mR@3": 4.44, "mR@5": 6.7, "mR+@1": 0.0, "mR+@3": 0.0, "mR+@5": 0.56, "mIoU@1": 10.6, "mIoU@3": 9.01, "mIoU@5": 9.08, "mIoU+@1": 0.0, "mIoU+@3": 0.21, "mIoU+@5": 0.16}}}
{"epoch": 26, "train": {"loss_span": 0.03306219452940767, "loss_giou": 0.8646423217177449, "loss_label": 0.07276973957281403, "class_error": 1.2815158525027186, "loss_exist": 0.5640823647790395, "loss_dual_dqa": 0.16623255729300784, "loss_dual_eos": 1.6225509036272951, "loss_span_0": 0.02728528869165033, "loss_giou_0": 0.745486387629161, "loss_label_0": 0.09768070032439294, "class_error_0": 8.402298866002786, "loss_overall": 3.630054401625407}, "val": {"AUROC": 72.41, "Rej-F1@0.4": 68.74, "Acc@0.4": 65.38, "Rej-F1@0.6": 70.71, "Acc@0.6": 62.58, "Rej-F1@0.8": 70.71, "Acc@0.8": 62.58, "G-mIoU@1": 41.13, "G-mIoU@3": 39.26, "G-mIoU@5": 38.79, "mAP": 5.76, "mR@1": 3.35, "mR@3": 6.11, "mR@5": 9.36, "mR+@1": 0.0, "mR+@3": 0.0, "mR+@5": 0.83, "mIoU@1": 9.8, "mIoU@3": 8.92, "mIoU@5": 8.95, "mIoU+@1": 0.0, "mIoU+@3": 0.12, "mIoU+@5": 0.1}, "selection": {"mAP": 5.76, "G-mIoU@3": 39.26, "joint": 0.8193456614509246}, "diagnostic_decoders": {"threshold": {"AUROC": 72.41, "Rej-F1@0.4": 68.74, "Acc@0.4": 65.38, "Rej-F1@0.6": 70.71, "Acc@0.6": 62.58, "Rej-F1@0.8": 70.71, "Acc@0.8": 62.58, "G-mIoU@1": 41.13, "G-mIoU@3": 41.12, "G-mIoU@5": 41.02, "mAP": 5.12, "mR@1": 3.35, "mR@3": 5.25, "mR@5": 8.5, "mR+@1": 0.0, "mR+@3": 0.0, "mR+@5": 0.83, "mIoU@1": 9.8, "mIoU@3": 8.92, "mIoU@5": 8.95, "mIoU+@1": 0.0, "mIoU+@3": 0.12, "mIoU+@5": 0.1}}}
{"epoch": 27, "train": {"loss_span": 0.03269205469801957, "loss_giou": 0.862986729910202, "loss_label": 0.07288908800348791, "class_error": 1.1018888271621254, "loss_exist": 0.5645596004730841, "loss_dual_dqa": 0.1654575650835452, "loss_dual_eos": 1.6247711336629986, "loss_span_0": 0.027150273575132857, "loss_giou_0": 0.7488647601407412, "loss_label_0": 0.09813255330915899, "class_error_0": 6.446085395647052, "loss_overall": 3.62967094688268}, "val": {"AUROC": 72.08, "Rej-F1@0.4": 65.52, "Acc@0.4": 65.38, "Rej-F1@0.6": 70.71, "Acc@0.6": 62.58, "Rej-F1@0.8": 70.71, "Acc@0.8": 62.58, "G-mIoU@1": 36.63, "G-mIoU@3": 34.42, "G-mIoU@5": 33.83, "mAP": 5.49, "mR@1": 3.39, "mR@3": 5.66, "mR@5": 8.22, "mR+@1": 0.0, "mR+@3": 0.0, "mR+@5": 0.0, "mIoU@1": 11.1, "mIoU@3": 9.86, "mIoU@5": 9.82, "mIoU+@1": 0.0, "mIoU+@3": 0.33, "mIoU+@5": 0.25}, "selection": {"mAP": 5.49, "G-mIoU@3": 34.42, "joint": 0.7809388335704125}, "diagnostic_decoders": {"threshold": {"AUROC": 72.08, "Rej-F1@0.4": 65.52, "Acc@0.4": 65.38, "Rej-F1@0.6": 70.71, "Acc@0.6": 62.58, "Rej-F1@0.8": 70.71, "Acc@0.8": 62.58, "G-mIoU@1": 36.63, "G-mIoU@3": 36.23, "G-mIoU@5": 36.0, "mAP": 4.95, "mR@1": 3.39, "mR@3": 5.19, "mR@5": 7.75, "mR+@1": 0.0, "mR+@3": 0.0, "mR+@5": 0.0, "mIoU@1": 11.1, "mIoU@3": 9.86, "mIoU@5": 9.82, "mIoU+@1": 0.0, "mIoU+@3": 0.33, "mIoU+@5": 0.25}}}
{"epoch": 28, "train": {"loss_span": 0.03280525938857575, "loss_giou": 0.8653802187215769, "loss_label": 0.07336802901983722, "class_error": 0.9638532635784195, "loss_exist": 0.5639156295286394, "loss_dual_dqa": 0.1622210247338596, "loss_dual_eos": 1.6012468028033973, "loss_span_0": 0.027421813986658935, "loss_giou_0": 0.7534156172041618, "loss_label_0": 0.09801292974356006, "class_error_0": 6.800431971967134, "loss_overall": 3.638741777391466}, "val": {"AUROC": 72.45, "Rej-F1@0.4": 68.6, "Acc@0.4": 65.16, "Rej-F1@0.6": 70.71, "Acc@0.6": 62.58, "Rej-F1@0.8": 70.71, "Acc@0.8": 62.58, "G-mIoU@1": 41.22, "G-mIoU@3": 39.28, "G-mIoU@5": 38.8, "mAP": 5.27, "mR@1": 2.61, "mR@3": 5.9, "mR@5": 9.08, "mR+@1": 0.0, "mR+@3": 0.0, "mR+@5": 0.17, "mIoU@1": 10.41, "mIoU@3": 8.91, "mIoU@5": 8.94, "mIoU+@1": 0.0, "mIoU+@3": 0.08, "mIoU+@5": 0.08}, "selection": {"mAP": 5.27, "G-mIoU@3": 39.28, "joint": 0.7496443812233285}, "diagnostic_decoders": {"threshold": {"AUROC": 72.45, "Rej-F1@0.4": 68.6, "Acc@0.4": 65.16, "Rej-F1@0.6": 70.71, "Acc@0.6": 62.58, "Rej-F1@0.8": 70.71, "Acc@0.8": 62.58, "G-mIoU@1": 41.22, "G-mIoU@3": 41.1, "G-mIoU@5": 40.99, "mAP": 4.51, "mR@1": 2.61, "mR@3": 5.16, "mR@5": 8.33, "mR+@1": 0.0, "mR+@3": 0.0, "mR+@5": 0.17, "mIoU@1": 10.41, "mIoU@3": 8.91, "mIoU@5": 8.94, "mIoU+@1": 0.0, "mIoU+@3": 0.08, "mIoU+@5": 0.08}}}
{"epoch": 29, "train": {"loss_span": 0.032739629701622565, "loss_giou": 0.8622430683392266, "loss_label": 0.07314992041015118, "class_error": 1.0607090060868778, "loss_exist": 0.563082090851303, "loss_dual_dqa": 0.16198360657795666, "loss_dual_eos": 1.5747630373759798, "loss_span_0": 0.027363288259955636, "loss_giou_0": 0.7527680089359643, "loss_label_0": 0.09795068053878869, "class_error_0": 7.415428460306911, "loss_overall": 3.6291002575010998}, "val": {"AUROC": 72.54, "Rej-F1@0.4": 70.1, "Acc@0.4": 66.24, "Rej-F1@0.6": 70.71, "Acc@0.6": 62.58, "Rej-F1@0.8": 70.71, "Acc@0.8": 62.58, "G-mIoU@1": 42.78, "G-mIoU@3": 40.81, "G-mIoU@5": 40.32, "mAP": 4.61, "mR@1": 2.16, "mR@3": 5.08, "mR@5": 7.54, "mR+@1": 0.0, "mR+@3": 0.0, "mR+@5": 0.33, "mIoU@1": 10.2, "mIoU@3": 8.77, "mIoU@5": 8.8, "mIoU+@1": 0.0, "mIoU+@3": 0.08, "mIoU+@5": 0.08}, "selection": {"mAP": 4.61, "G-mIoU@3": 40.81, "joint": 0.6557610241820768}, "diagnostic_decoders": {"threshold": {"AUROC": 72.54, "Rej-F1@0.4": 70.1, "Acc@0.4": 66.24, "Rej-F1@0.6": 70.71, "Acc@0.6": 62.58, "Rej-F1@0.8": 70.71, "Acc@0.8": 62.58, "G-mIoU@1": 42.78, "G-mIoU@3": 42.7, "G-mIoU@5": 42.59, "mAP": 3.82, "mR@1": 2.16, "mR@3": 4.37, "mR@5": 6.83, "mR+@1": 0.0, "mR+@3": 0.0, "mR+@5": 0.33, "mIoU@1": 10.2, "mIoU@3": 8.77, "mIoU@5": 8.8, "mIoU+@1": 0.0, "mIoU+@3": 0.08, "mIoU+@5": 0.08}}}
{"epoch": 30, "train": {"loss_span": 0.03248843023487771, "loss_giou": 0.862632260367512, "loss_label": 0.072403935021453, "class_error": 1.2800312438640347, "loss_exist": 0.5643111339740099, "loss_dual_dqa": 0.16194766046143547, "loss_dual_eos": 1.588011042515168, "loss_span_0": 0.027551781571591286, "loss_giou_0": 0.7555820106480535, "loss_label_0": 0.09728851764601978, "class_error_0": 7.499609717198073, "loss_overall": 3.6285957896000753}, "val": {"AUROC": 72.48, "Rej-F1@0.4": 67.75, "Acc@0.4": 65.81, "Rej-F1@0.6": 70.71, "Acc@0.6": 62.58, "Rej-F1@0.8": 70.71, "Acc@0.8": 62.58, "G-mIoU@1": 39.68, "G-mIoU@3": 37.42, "G-mIoU@5": 36.83, "mAP": 5.85, "mR@1": 3.22, "mR@3": 6.58, "mR@5": 9.35, "mR+@1": 0.0, "mR+@3": 0.0, "mR+@5": 0.33, "mIoU@1": 10.17, "mIoU@3": 9.03, "mIoU@5": 9.06, "mIoU+@1": 0.0, "mIoU+@3": 0.12, "mIoU+@5": 0.1}, "selection": {"mAP": 5.85, "G-mIoU@3": 37.42, "joint": 0.8321479374110953}, "diagnostic_decoders": {"threshold": {"AUROC": 72.48, "Rej-F1@0.4": 67.75, "Acc@0.4": 65.81, "Rej-F1@0.6": 70.71, "Acc@0.6": 62.58, "Rej-F1@0.8": 70.71, "Acc@0.8": 62.58, "G-mIoU@1": 39.68, "G-mIoU@3": 39.66, "G-mIoU@5": 39.52, "mAP": 5.34, "mR@1": 3.22, "mR@3": 5.99, "mR@5": 8.76, "mR+@1": 0.0, "mR+@3": 0.0, "mR+@5": 0.33, "mIoU@1": 10.17, "mIoU@3": 9.03, "mIoU@5": 9.06, "mIoU+@1": 0.0, "mIoU+@3": 0.12, "mIoU+@5": 0.1}}}
{"epoch": 31, "train": {"loss_span": 0.03282121660204945, "loss_giou": 0.8633552422092524, "loss_label": 0.07247331018621303, "class_error": 1.6439610772112132, "loss_exist": 0.564435122812814, "loss_dual_dqa": 0.15932605207801845, "loss_dual_eos": 1.5729145677899785, "loss_span_0": 0.027468976984678286, "loss_giou_0": 0.7501966335480774, "loss_label_0": 0.09766732883689598, "class_error_0": 7.9331898382748305, "loss_overall": 3.626709288476803}, "val": {"AUROC": 72.43, "Rej-F1@0.4": 68.26, "Acc@0.4": 65.81, "Rej-F1@0.6": 70.71, "Acc@0.6": 62.58, "Rej-F1@0.8": 70.71, "Acc@0.8": 62.58, "G-mIoU@1": 39.92, "G-mIoU@3": 38.04, "G-mIoU@5": 37.54, "mAP": 5.13, "mR@1": 2.1, "mR@3": 6.37, "mR@5": 9.46, "mR+@1": 0.0, "mR+@3": 0.0, "mR+@5": 0.67, "mIoU@1": 8.83, "mIoU@3": 7.83, "mIoU@5": 7.87, "mIoU+@1": 0.0, "mIoU+@3": 0.11, "mIoU+@5": 0.1}, "selection": {"mAP": 5.13, "G-mIoU@3": 38.04, "joint": 0.7297297297297297}, "diagnostic_decoders": {"threshold": {"AUROC": 72.43, "Rej-F1@0.4": 68.26, "Acc@0.4": 65.81, "Rej-F1@0.6": 70.71, "Acc@0.6": 62.58, "Rej-F1@0.8": 70.71, "Acc@0.8": 62.58, "G-mIoU@1": 39.92, "G-mIoU@3": 39.92, "G-mIoU@5": 39.8, "mAP": 4.6, "mR@1": 2.1, "mR@3": 5.58, "mR@5": 8.67, "mR+@1": 0.0, "mR+@3": 0.0, "mR+@5": 0.67, "mIoU@1": 8.83, "mIoU@3": 7.83, "mIoU@5": 7.87, "mIoU+@1": 0.0, "mIoU+@3": 0.11, "mIoU+@5": 0.1}}}
{"epoch": 32, "train": {"loss_span": 0.03243707894645145, "loss_giou": 0.8625677709362828, "loss_label": 0.07371684677679219, "class_error": 1.191546492210156, "loss_exist": 0.5642916834573345, "loss_dual_dqa": 0.15694969866574243, "loss_dual_eos": 1.5657155643977538, "loss_span_0": 0.027210894934274886, "loss_giou_0": 0.7481461687615784, "loss_label_0": 0.09797283497523317, "class_error_0": 6.872391329692031, "loss_overall": 3.6226631204191184}, "val": {"AUROC": 72.39, "Rej-F1@0.4": 70.3, "Acc@0.4": 66.02, "Rej-F1@0.6": 70.71, "Acc@0.6": 62.58, "Rej-F1@0.8": 70.71, "Acc@0.8": 62.58, "G-mIoU@1": 43.51, "G-mIoU@3": 41.5, "G-mIoU@5": 41.0, "mAP": 5.82, "mR@1": 3.22, "mR@3": 6.48, "mR@5": 9.63, "mR+@1": 0.0, "mR+@3": 0.0, "mR+@5": 0.39, "mIoU@1": 10.57, "mIoU@3": 9.18, "mIoU@5": 9.21, "mIoU+@1": 0.0, "mIoU+@3": 0.15, "mIoU+@5": 0.14}, "selection": {"mAP": 5.82, "G-mIoU@3": 41.5, "joint": 0.8278805120910384}, "diagnostic_decoders": {"threshold": {"AUROC": 72.39, "Rej-F1@0.4": 70.3, "Acc@0.4": 66.02, "Rej-F1@0.6": 70.71, "Acc@0.6": 62.58, "Rej-F1@0.8": 70.71, "Acc@0.8": 62.58, "G-mIoU@1": 43.51, "G-mIoU@3": 43.49, "G-mIoU@5": 43.38, "mAP": 5.17, "mR@1": 3.22, "mR@3": 5.7, "mR@5": 8.85, "mR+@1": 0.0, "mR+@3": 0.0, "mR+@5": 0.39, "mIoU@1": 10.57, "mIoU@3": 9.18, "mIoU@5": 9.21, "mIoU+@1": 0.0, "mIoU+@3": 0.15, "mIoU+@5": 0.14}}}
{"epoch": 33, "train": {"loss_span": 0.032866258096758326, "loss_giou": 0.8648602494644969, "loss_label": 0.07301642742852418, "class_error": 0.9292467724821774, "loss_exist": 0.564040234550985, "loss_dual_dqa": 0.1574806918724543, "loss_dual_eos": 1.5181803157100244, "loss_span_0": 0.02729488504306022, "loss_giou_0": 0.7507714725681525, "loss_label_0": 0.09794388303813178, "class_error_0": 7.518293186222775, "loss_overall": 3.624816685958206}, "val": {"AUROC": 72.23, "Rej-F1@0.4": 69.87, "Acc@0.4": 64.95, "Rej-F1@0.6": 70.71, "Acc@0.6": 62.58, "Rej-F1@0.8": 70.71, "Acc@0.8": 62.58, "G-mIoU@1": 44.23, "G-mIoU@3": 41.96, "G-mIoU@5": 41.44, "mAP": 6.19, "mR@1": 3.75, "mR@3": 6.88, "mR@5": 9.85, "mR+@1": 0.0, "mR+@3": 0.0, "mR+@5": 0.67, "mIoU@1": 11.2, "mIoU@3": 9.95, "mIoU@5": 9.97, "mIoU+@1": 0.0, "mIoU+@3": 0.15, "mIoU+@5": 0.14}, "selection": {"mAP": 6.19, "G-mIoU@3": 41.96, "joint": 0.8805120910384069}, "diagnostic_decoders": {"threshold": {"AUROC": 72.23, "Rej-F1@0.4": 69.87, "Acc@0.4": 64.95, "Rej-F1@0.6": 70.71, "Acc@0.6": 62.58, "Rej-F1@0.8": 70.71, "Acc@0.8": 62.58, "G-mIoU@1": 44.23, "G-mIoU@3": 44.17, "G-mIoU@5": 44.08, "mAP": 5.68, "mR@1": 3.75, "mR@3": 6.29, "mR@5": 9.26, "mR+@1": 0.0, "mR+@3": 0.0, "mR+@5": 0.67, "mIoU@1": 11.2, "mIoU@3": 9.95, "mIoU@5": 9.97, "mIoU+@1": 0.0, "mIoU+@3": 0.15, "mIoU+@5": 0.14}}}
{"epoch": 34, "train": {"loss_span": 0.032620989783712494, "loss_giou": 0.8589276081701014, "loss_label": 0.0735764547411862, "class_error": 1.3433583602057153, "loss_exist": 0.5642273058172238, "loss_dual_dqa": 0.1568414232418582, "loss_dual_eos": 1.538788894917897, "loss_span_0": 0.027457782080412316, "loss_giou_0": 0.7525242689210128, "loss_label_0": 0.0977497716646312, "class_error_0": 7.396201821903839, "loss_overall": 3.623492740098263}, "val": {"AUROC": 72.43, "Rej-F1@0.4": 66.94, "Acc@0.4": 65.59, "Rej-F1@0.6": 70.71, "Acc@0.6": 62.58, "Rej-F1@0.8": 70.71, "Acc@0.8": 62.58, "G-mIoU@1": 37.87, "G-mIoU@3": 36.08, "G-mIoU@5": 35.59, "mAP": 5.08, "mR@1": 2.31, "mR@3": 6.18, "mR@5": 8.72, "mR+@1": 0.0, "mR+@3": 0.0, "mR+@5": 0.0, "mIoU@1": 8.1, "mIoU@3": 7.59, "mIoU@5": 7.61, "mIoU+@1": 0.0, "mIoU+@3": 0.24, "mIoU+@5": 0.2}, "selection": {"mAP": 5.08, "G-mIoU@3": 36.08, "joint": 0.7226173541963016}, "diagnostic_decoders": {"threshold": {"AUROC": 72.43, "Rej-F1@0.4": 66.94, "Acc@0.4": 65.59, "Rej-F1@0.6": 70.71, "Acc@0.6": 62.58, "Rej-F1@0.8": 70.71, "Acc@0.8": 62.58, "G-mIoU@1": 37.87, "G-mIoU@3": 37.88, "G-mIoU@5": 37.76, "mAP": 4.5, "mR@1": 2.31, "mR@3": 5.35, "mR@5": 7.89, "mR+@1": 0.0, "mR+@3": 0.0, "mR+@5": 0.0, "mIoU@1": 8.1, "mIoU@3": 7.59, "mIoU@5": 7.61, "mIoU+@1": 0.0, "mIoU+@3": 0.24, "mIoU+@5": 0.2}}}
{"epoch": 35, "train": {"loss_span": 0.03209760210734741, "loss_giou": 0.8523215770490968, "loss_label": 0.07318708955982332, "class_error": 0.9499686947763111, "loss_exist": 0.5637739755324893, "loss_dual_dqa": 0.15868658206928404, "loss_dual_eos": 1.5343646090522718, "loss_span_0": 0.027295532691710638, "loss_giou_0": 0.7460448680262798, "loss_label_0": 0.09793603800168758, "class_error_0": 8.269328822140073, "loss_overall": 3.6019350615833736}, "val": {"AUROC": 72.3, "Rej-F1@0.4": 68.4, "Acc@0.4": 66.02, "Rej-F1@0.6": 70.71, "Acc@0.6": 62.58, "Rej-F1@0.8": 70.71, "Acc@0.8": 62.58, "G-mIoU@1": 40.33, "G-mIoU@3": 38.17, "G-mIoU@5": 37.62, "mAP": 4.98, "mR@1": 2.51, "mR@3": 5.37, "mR@5": 7.4, "mR+@1": 0.0, "mR+@3": 0.0, "mR+@5": 0.0, "mIoU@1": 8.99, "mIoU@3": 8.26, "mIoU@5": 8.26, "mIoU+@1": 0.0, "mIoU+@3": 0.21, "mIoU+@5": 0.16}, "selection": {"mAP": 4.98, "G-mIoU@3": 38.17, "joint": 0.7083926031294453}, "diagnostic_decoders": {"threshold": {"AUROC": 72.3, "Rej-F1@0.4": 68.4, "Acc@0.4": 66.02, "Rej-F1@0.6": 70.71, "Acc@0.6": 62.58, "Rej-F1@0.8": 70.71, "Acc@0.8": 62.58, "G-mIoU@1": 40.33, "G-mIoU@3": 40.28, "G-mIoU@5": 40.16, "mAP": 4.08, "mR@1": 2.51, "mR@3": 4.51, "mR@5": 6.54, "mR+@1": 0.0, "mR+@3": 0.0, "mR+@5": 0.0, "mIoU@1": 8.99, "mIoU@3": 8.26, "mIoU@5": 8.26, "mIoU+@1": 0.0, "mIoU+@3": 0.21, "mIoU+@5": 0.16}}}
{"epoch": 36, "train": {"loss_span": 0.03218734048310543, "loss_giou": 0.8590888759547124, "loss_label": 0.07316265675815883, "class_error": 1.0360699778538847, "loss_exist": 0.5644630984501772, "loss_dual_dqa": 0.15629626617534198, "loss_dual_eos": 1.5161932139306784, "loss_span_0": 0.027000045260696263, "loss_giou_0": 0.7441515695535946, "loss_label_0": 0.09768291818470469, "class_error_0": 7.32778020594188, "loss_overall": 3.6023938344722213}, "val": {"AUROC": 72.5, "Rej-F1@0.4": 68.24, "Acc@0.4": 65.38, "Rej-F1@0.6": 70.71, "Acc@0.6": 62.58, "Rej-F1@0.8": 70.71, "Acc@0.8": 62.58, "G-mIoU@1": 40.58, "G-mIoU@3": 38.54, "G-mIoU@5": 38.01, "mAP": 4.83, "mR@1": 2.39, "mR@3": 5.31, "mR@5": 6.92, "mR+@1": 0.0, "mR+@3": 0.0, "mR+@5": 0.0, "mIoU@1": 8.44, "mIoU@3": 7.88, "mIoU@5": 7.88, "mIoU+@1": 0.0, "mIoU+@3": 0.21, "mIoU+@5": 0.16}, "selection": {"mAP": 4.83, "G-mIoU@3": 38.54, "joint": 0.6870554765291608}, "diagnostic_decoders": {"threshold": {"AUROC": 72.5, "Rej-F1@0.4": 68.24, "Acc@0.4": 65.38, "Rej-F1@0.6": 70.71, "Acc@0.6": 62.58, "Rej-F1@0.8": 70.71, "Acc@0.8": 62.58, "G-mIoU@1": 40.58, "G-mIoU@3": 40.57, "G-mIoU@5": 40.46, "mAP": 3.92, "mR@1": 2.39, "mR@3": 4.33, "mR@5": 5.94, "mR+@1": 0.0, "mR+@3": 0.0, "mR+@5": 0.0, "mIoU@1": 8.44, "mIoU@3": 7.88, "mIoU@5": 7.88, "mIoU+@1": 0.0, "mIoU+@3": 0.21, "mIoU+@5": 0.16}}}
{"epoch": 37, "train": {"loss_span": 0.03259661094744232, "loss_giou": 0.8657815413753902, "loss_label": 0.07335743691939671, "class_error": 1.0540267627212723, "loss_exist": 0.563918679448474, "loss_dual_dqa": 0.15378261795073905, "loss_dual_eos": 1.4821552858080709, "loss_span_0": 0.027270464416559104, "loss_giou_0": 0.7535785621004211, "loss_label_0": 0.09737352554408636, "class_error_0": 7.027271888404725, "loss_overall": 3.620778045197971}, "val": {"AUROC": 72.69, "Rej-F1@0.4": 69.62, "Acc@0.4": 66.02, "Rej-F1@0.6": 70.71, "Acc@0.6": 62.58, "Rej-F1@0.8": 70.71, "Acc@0.8": 62.58, "G-mIoU@1": 41.92, "G-mIoU@3": 40.17, "G-mIoU@5": 39.68, "mAP": 4.8, "mR@1": 1.88, "mR@3": 6.17, "mR@5": 8.52, "mR+@1": 0.0, "mR+@3": 0.0, "mR+@5": 0.33, "mIoU@1": 8.87, "mIoU@3": 7.86, "mIoU@5": 7.93, "mIoU+@1": 0.0, "mIoU+@3": 0.12, "mIoU+@5": 0.1}, "selection": {"mAP": 4.8, "G-mIoU@3": 40.17, "joint": 0.6827880512091038}, "diagnostic_decoders": {"threshold": {"AUROC": 72.69, "Rej-F1@0.4": 69.62, "Acc@0.4": 66.02, "Rej-F1@0.6": 70.71, "Acc@0.6": 62.58, "Rej-F1@0.8": 70.71, "Acc@0.8": 62.58, "G-mIoU@1": 41.92, "G-mIoU@3": 41.85, "G-mIoU@5": 41.7, "mAP": 4.02, "mR@1": 1.88, "mR@3": 5.19, "mR@5": 7.54, "mR+@1": 0.0, "mR+@3": 0.0, "mR+@5": 0.33, "mIoU@1": 8.87, "mIoU@3": 7.86, "mIoU@5": 7.93, "mIoU+@1": 0.0, "mIoU+@3": 0.12, "mIoU+@5": 0.1}}}
{"epoch": 38, "train": {"loss_span": 0.03248100674681009, "loss_giou": 0.8602530353019755, "loss_label": 0.07306229338453207, "class_error": 1.1918938822536551, "loss_exist": 0.5644608101820588, "loss_dual_dqa": 0.1524765434877028, "loss_dual_eos": 1.4678257029375747, "loss_span_0": 0.0271805083534895, "loss_giou_0": 0.7533842061613423, "loss_label_0": 0.09754887675536088, "class_error_0": 6.842575375615485, "loss_overall": 3.6115642953691074}, "val": {"AUROC": 72.68, "Rej-F1@0.4": 69.62, "Acc@0.4": 66.02, "Rej-F1@0.6": 70.71, "Acc@0.6": 62.58, "Rej-F1@0.8": 70.71, "Acc@0.8": 62.58, "G-mIoU@1": 42.32, "G-mIoU@3": 40.29, "G-mIoU@5": 39.75, "mAP": 4.3, "mR@1": 1.57, "mR@3": 5.2, "mR@5": 7.59, "mR+@1": 0.0, "mR+@3": 0.0, "mR+@5": 0.17, "mIoU@1": 9.29, "mIoU@3": 8.26, "mIoU@5": 8.26, "mIoU+@1": 0.0, "mIoU+@3": 0.08, "mIoU+@5": 0.08}, "selection": {"mAP": 4.3, "G-mIoU@3": 40.29, "joint": 0.6116642958748222}, "diagnostic_decoders": {"threshold": {"AUROC": 72.68, "Rej-F1@0.4": 69.62, "Acc@0.4": 66.02, "Rej-F1@0.6": 70.71, "Acc@0.6": 62.58, "Rej-F1@0.8": 70.71, "Acc@0.8": 62.58, "G-mIoU@1": 42.32, "G-mIoU@3": 42.26, "G-mIoU@5": 42.12, "mAP": 3.66, "mR@1": 1.57, "mR@3": 4.53, "mR@5": 6.92, "mR+@1": 0.0, "mR+@3": 0.0, "mR+@5": 0.17, "mIoU@1": 9.29, "mIoU@3": 8.26, "mIoU@5": 8.26, "mIoU+@1": 0.0, "mIoU+@3": 0.08, "mIoU+@5": 0.08}}}
{"epoch": 39, "train": {"loss_span": 0.03294421657343715, "loss_giou": 0.8662784600269396, "loss_label": 0.07266997379948979, "class_error": 1.3519399208743657, "loss_exist": 0.5640103453711762, "loss_dual_dqa": 0.15320050100619922, "loss_dual_eos": 1.475165607619251, "loss_span_0": 0.027427665658795702, "loss_giou_0": 0.7535033952273742, "loss_label_0": 0.0977750451179332, "class_error_0": 7.872351327917321, "loss_overall": 3.62446767883983}, "val": {"AUROC": 72.91, "Rej-F1@0.4": 69.41, "Acc@0.4": 66.45, "Rej-F1@0.6": 70.71, "Acc@0.6": 62.58, "Rej-F1@0.8": 70.71, "Acc@0.8": 62.58, "G-mIoU@1": 41.36, "G-mIoU@3": 39.36, "G-mIoU@5": 38.85, "mAP": 5.51, "mR@1": 2.51, "mR@3": 6.43, "mR@5": 9.92, "mR+@1": 0.0, "mR+@3": 0.0, "mR+@5": 1.0, "mIoU@1": 9.02, "mIoU@3": 8.23, "mIoU@5": 8.26, "mIoU+@1": 0.0, "mIoU+@3": 0.12, "mIoU+@5": 0.1}, "selection": {"mAP": 5.51, "G-mIoU@3": 39.36, "joint": 0.7837837837837838}, "diagnostic_decoders": {"threshold": {"AUROC": 72.91, "Rej-F1@0.4": 69.41, "Acc@0.4": 66.45, "Rej-F1@0.6": 70.71, "Acc@0.6": 62.58, "Rej-F1@0.8": 70.71, "Acc@0.8": 62.58, "G-mIoU@1": 41.36, "G-mIoU@3": 41.34, "G-mIoU@5": 41.23, "mAP": 5.02, "mR@1": 2.51, "mR@3": 5.92, "mR@5": 9.37, "mR+@1": 0.0, "mR+@3": 0.0, "mR+@5": 1.0, "mIoU@1": 9.02, "mIoU@3": 8.23, "mIoU@5": 8.26, "mIoU+@1": 0.0, "mIoU+@3": 0.12, "mIoU+@5": 0.1}}}
{"epoch": 40, "train": {"loss_span": 0.03291237548375372, "loss_giou": 0.8649402468201042, "loss_label": 0.07277538081106211, "class_error": 1.7374828074968283, "loss_exist": 0.5639246352459856, "loss_dual_dqa": 0.15161185238083646, "loss_dual_eos": 1.488191091478476, "loss_span_0": 0.02724023146573733, "loss_giou_0": 0.748029201084891, "loss_label_0": 0.09875245434814976, "class_error_0": 7.23860126419768, "loss_overall": 3.6209311905893626}, "val": {"AUROC": 72.85, "Rej-F1@0.4": 69.96, "Acc@0.4": 66.02, "Rej-F1@0.6": 70.71, "Acc@0.6": 62.58, "Rej-F1@0.8": 70.71, "Acc@0.8": 62.58, "G-mIoU@1": 42.94, "G-mIoU@3": 40.87, "G-mIoU@5": 40.36, "mAP": 5.16, "mR@1": 2.55, "mR@3": 5.78, "mR@5": 8.71, "mR+@1": 0.0, "mR+@3": 0.0, "mR+@5": 1.0, "mIoU@1": 10.54, "mIoU@3": 8.95, "mIoU@5": 8.96, "mIoU+@1": 0.0, "mIoU+@3": 0.08, "mIoU+@5": 0.08}, "selection": {"mAP": 5.16, "G-mIoU@3": 40.87, "joint": 0.7339971550497866}, "diagnostic_decoders": {"threshold": {"AUROC": 72.85, "Rej-F1@0.4": 69.96, "Acc@0.4": 66.02, "Rej-F1@0.6": 70.71, "Acc@0.6": 62.58, "Rej-F1@0.8": 70.71, "Acc@0.8": 62.58, "G-mIoU@1": 42.94, "G-mIoU@3": 42.88, "G-mIoU@5": 42.78, "mAP": 4.43, "mR@1": 2.55, "mR@3": 4.84, "mR@5": 7.73, "mR+@1": 0.0, "mR+@3": 0.0, "mR+@5": 1.0, "mIoU@1": 10.54, "mIoU@3": 8.95, "mIoU@5": 8.96, "mIoU+@1": 0.0, "mIoU+@3": 0.08, "mIoU+@5": 0.08}}}
{"epoch": 41, "train": {"loss_span": 0.03291099986134375, "loss_giou": 0.8687251099300246, "loss_label": 0.07261790289985148, "class_error": 1.5502133781982539, "loss_exist": 0.5640694685694444, "loss_dual_dqa": 0.14900293761172, "loss_dual_eos": 1.4722678525946808, "loss_span_0": 0.02720084306574663, "loss_giou_0": 0.7571119389250521, "loss_label_0": 0.09707666265541025, "class_error_0": 7.185089922573556, "loss_overall": 3.6244801193576555}, "val": {"AUROC": 72.7, "Rej-F1@0.4": 69.73, "Acc@0.4": 66.02, "Rej-F1@0.6": 70.71, "Acc@0.6": 62.58, "Rej-F1@0.8": 70.71, "Acc@0.8": 62.58, "G-mIoU@1": 42.69, "G-mIoU@3": 40.5, "G-mIoU@5": 39.97, "mAP": 5.61, "mR@1": 3.56, "mR@3": 5.9, "mR@5": 8.14, "mR+@1": 0.0, "mR+@3": 0.0, "mR+@5": 0.89, "mIoU@1": 11.33, "mIoU@3": 9.78, "mIoU@5": 9.78, "mIoU+@1": 0.0, "mIoU+@3": 0.19, "mIoU+@5": 0.19}, "selection": {"mAP": 5.61, "G-mIoU@3": 40.5, "joint": 0.7980085348506402}, "diagnostic_decoders": {"threshold": {"AUROC": 72.7, "Rej-F1@0.4": 69.73, "Acc@0.4": 66.02, "Rej-F1@0.6": 70.71, "Acc@0.6": 62.58, "Rej-F1@0.8": 70.71, "Acc@0.8": 62.58, "G-mIoU@1": 42.69, "G-mIoU@3": 42.52, "G-mIoU@5": 42.38, "mAP": 5.08, "mR@1": 3.56, "mR@3": 5.23, "mR@5": 7.48, "mR+@1": 0.0, "mR+@3": 0.0, "mR+@5": 0.89, "mIoU@1": 11.33, "mIoU@3": 9.78, "mIoU@5": 9.78, "mIoU+@1": 0.0, "mIoU+@3": 0.19, "mIoU+@5": 0.19}}}
{"epoch": 42, "train": {"loss_span": 0.03247265030128936, "loss_giou": 0.8631663782807466, "loss_label": 0.07179205519127074, "class_error": 1.3160599219505196, "loss_exist": 0.5634684535747222, "loss_dual_dqa": 0.14856899841906887, "loss_dual_eos": 1.4347068854954694, "loss_span_0": 0.027186163911328564, "loss_giou_0": 0.7510529179225053, "loss_label_0": 0.09660976648016947, "class_error_0": 6.880555526711274, "loss_overall": 3.598782310052561}, "val": {"AUROC": 72.67, "Rej-F1@0.4": 68.26, "Acc@0.4": 65.81, "Rej-F1@0.6": 70.71, "Acc@0.6": 62.58, "Rej-F1@0.8": 70.71, "Acc@0.8": 62.58, "G-mIoU@1": 40.94, "G-mIoU@3": 38.35, "G-mIoU@5": 37.73, "mAP": 5.66, "mR@1": 3.29, "mR@3": 5.51, "mR@5": 8.75, "mR+@1": 0.0, "mR+@3": 0.0, "mR+@5": 0.39, "mIoU@1": 12.14, "mIoU@3": 10.48, "mIoU@5": 10.48, "mIoU+@1": 0.0, "mIoU+@3": 0.08, "mIoU+@5": 0.08}, "selection": {"mAP": 5.66, "G-mIoU@3": 38.35, "joint": 0.8051209103840683}, "diagnostic_decoders": {"threshold": {"AUROC": 72.67, "Rej-F1@0.4": 68.26, "Acc@0.4": 65.81, "Rej-F1@0.6": 70.71, "Acc@0.6": 62.58, "Rej-F1@0.8": 70.71, "Acc@0.8": 62.58, "G-mIoU@1": 40.94, "G-mIoU@3": 40.78, "G-mIoU@5": 40.65, "mAP": 4.98, "mR@1": 3.29, "mR@3": 5.08, "mR@5": 8.05, "mR+@1": 0.0, "mR+@3": 0.0, "mR+@5": 0.39, "mIoU@1": 12.14, "mIoU@3": 10.48, "mIoU@5": 10.48, "mIoU+@1": 0.0, "mIoU+@3": 0.08, "mIoU+@5": 0.08}}}
{"epoch": 43, "train": {"loss_span": 0.03165537857848011, "loss_giou": 0.8478471087107283, "loss_label": 0.07372273113659582, "class_error": 1.6018484713894092, "loss_exist": 0.5642294902741593, "loss_dual_dqa": 0.15000772273096846, "loss_dual_eos": 1.448650769849743, "loss_span_0": 0.0271229251108275, "loss_giou_0": 0.7531558382390143, "loss_label_0": 0.0974830993819836, "class_error_0": 6.641115095489782, "loss_overall": 3.59020425122161}, "val": {"AUROC": 72.65, "Rej-F1@0.4": 67.34, "Acc@0.4": 65.38, "Rej-F1@0.6": 70.71, "Acc@0.6": 62.58, "Rej-F1@0.8": 70.71, "Acc@0.8": 62.58, "G-mIoU@1": 39.15, "G-mIoU@3": 37.13, "G-mIoU@5": 36.57, "mAP": 5.85, "mR@1": 3.22, "mR@3": 5.98, "mR@5": 9.11, "mR+@1": 0.0, "mR+@3": 0.0, "mR+@5": 0.0, "mIoU@1": 9.32, "mIoU@3": 8.45, "mIoU@5": 8.42, "mIoU+@1": 0.0, "mIoU+@3": 0.31, "mIoU+@5": 0.27}, "selection": {"mAP": 5.85, "G-mIoU@3": 37.13, "joint": 0.8321479374110953}, "diagnostic_decoders": {"threshold": {"AUROC": 72.65, "Rej-F1@0.4": 67.34, "Acc@0.4": 65.38, "Rej-F1@0.6": 70.71, "Acc@0.6": 62.58, "Rej-F1@0.8": 70.71, "Acc@0.8": 62.58, "G-mIoU@1": 39.15, "G-mIoU@3": 39.17, "G-mIoU@5": 39.01, "mAP": 5.29, "mR@1": 3.22, "mR@3": 5.31, "mR@5": 8.44, "mR+@1": 0.0, "mR+@3": 0.0, "mR+@5": 0.0, "mIoU@1": 9.32, "mIoU@3": 8.45, "mIoU@5": 8.42, "mIoU+@1": 0.0, "mIoU+@3": 0.31, "mIoU+@5": 0.27}}}
{"epoch": 44, "train": {"loss_span": 0.032164919489446386, "loss_giou": 0.8632118235238224, "loss_label": 0.07408136236150521, "class_error": 1.064749244332256, "loss_exist": 0.5643311807820047, "loss_dual_dqa": 0.14872999853734062, "loss_dual_eos": 1.4477530275928392, "loss_span_0": 0.02732528562114226, "loss_giou_0": 0.7453137830929689, "loss_label_0": 0.09696676991177734, "class_error_0": 6.623272253730667, "loss_overall": 3.6041631869154314}, "val": {"AUROC": 72.66, "Rej-F1@0.4": 68.49, "Acc@0.4": 65.38, "Rej-F1@0.6": 70.71, "Acc@0.6": 62.58, "Rej-F1@0.8": 70.71, "Acc@0.8": 62.58, "G-mIoU@1": 41.38, "G-mIoU@3": 39.09, "G-mIoU@5": 38.52, "mAP": 5.01, "mR@1": 2.39, "mR@3": 5.69, "mR@5": 7.78, "mR+@1": 0.0, "mR+@3": 0.0, "mR+@5": 0.0, "mIoU@1": 9.22, "mIoU@3": 8.5, "mIoU@5": 8.48, "mIoU+@1": 0.0, "mIoU+@3": 0.21, "mIoU+@5": 0.16}, "selection": {"mAP": 5.01, "G-mIoU@3": 39.09, "joint": 0.712660028449502}, "diagnostic_decoders": {"threshold": {"AUROC": 72.66, "Rej-F1@0.4": 68.49, "Acc@0.4": 65.38, "Rej-F1@0.6": 70.71, "Acc@0.6": 62.58, "Rej-F1@0.8": 70.71, "Acc@0.8": 62.58, "G-mIoU@1": 41.38, "G-mIoU@3": 41.36, "G-mIoU@5": 41.24, "mAP": 4.19, "mR@1": 2.39, "mR@3": 4.71, "mR@5": 6.8, "mR+@1": 0.0, "mR+@3": 0.0, "mR+@5": 0.0, "mIoU@1": 9.22, "mIoU@3": 8.5, "mIoU@5": 8.48, "mIoU+@1": 0.0, "mIoU+@3": 0.21, "mIoU+@5": 0.16}}}
{"epoch": 45, "train": {"loss_span": 0.03208038059264465, "loss_giou": 0.855703771690518, "loss_label": 0.07386552290194215, "class_error": 1.3023301092768245, "loss_exist": 0.563766694100598, "loss_dual_dqa": 0.14831284610415035, "loss_dual_eos": 1.4334678413097037, "loss_span_0": 0.027168286578984523, "loss_giou_0": 0.7546460060983421, "loss_label_0": 0.09688978336135681, "class_error_0": 7.204292013427381, "loss_overall": 3.6003868105101553}, "val": {"AUROC": 72.35, "Rej-F1@0.4": 68.49, "Acc@0.4": 65.38, "Rej-F1@0.6": 70.71, "Acc@0.6": 62.58, "Rej-F1@0.8": 70.71, "Acc@0.8": 62.58, "G-mIoU@1": 40.99, "G-mIoU@3": 39.0, "G-mIoU@5": 38.46, "mAP": 5.1, "mR@1": 2.24, "mR@3": 6.25, "mR@5": 7.88, "mR+@1": 0.0, "mR+@3": 0.0, "mR+@5": 0.0, "mIoU@1": 8.49, "mIoU@3": 7.61, "mIoU@5": 7.59, "mIoU+@1": 0.0, "mIoU+@3": 0.31, "mIoU+@5": 0.27}, "selection": {"mAP": 5.1, "G-mIoU@3": 39.0, "joint": 0.7254623044096727}, "diagnostic_decoders": {"threshold": {"AUROC": 72.35, "Rej-F1@0.4": 68.49, "Acc@0.4": 65.38, "Rej-F1@0.6": 70.71, "Acc@0.6": 62.58, "Rej-F1@0.8": 70.71, "Acc@0.8": 62.58, "G-mIoU@1": 40.99, "G-mIoU@3": 40.98, "G-mIoU@5": 40.84, "mAP": 4.29, "mR@1": 2.24, "mR@3": 5.35, "mR@5": 6.74, "mR+@1": 0.0, "mR+@3": 0.0, "mR+@5": 0.0, "mIoU@1": 8.49, "mIoU@3": 7.61, "mIoU@5": 7.59, "mIoU+@1": 0.0, "mIoU+@3": 0.31, "mIoU+@5": 0.27}}}
{"epoch": 46, "train": {"loss_span": 0.03227540509979641, "loss_giou": 0.8559240135609556, "loss_label": 0.07335881626349593, "class_error": 1.2872660191177803, "loss_exist": 0.5642598859638105, "loss_dual_dqa": 0.14396621775892174, "loss_dual_eos": 1.4329229077029886, "loss_span_0": 0.027119841205146128, "loss_giou_0": 0.7488525229528251, "loss_label_0": 0.09710597326468591, "class_error_0": 6.87527151647082, "loss_overall": 3.595338643144559}, "val": {"AUROC": 72.33, "Rej-F1@0.4": 69.22, "Acc@0.4": 65.38, "Rej-F1@0.6": 70.71, "Acc@0.6": 62.58, "Rej-F1@0.8": 70.71, "Acc@0.8": 62.58, "G-mIoU@1": 42.56, "G-mIoU@3": 40.34, "G-mIoU@5": 39.78, "mAP": 5.22, "mR@1": 2.69, "mR@3": 5.86, "mR@5": 8.47, "mR+@1": 0.0, "mR+@3": 0.0, "mR+@5": 0.67, "mIoU@1": 10.28, "mIoU@3": 8.73, "mIoU@5": 8.8, "mIoU+@1": 0.0, "mIoU+@3": 0.08, "mIoU+@5": 0.08}, "selection": {"mAP": 5.22, "G-mIoU@3": 40.34, "joint": 0.7425320056899004}, "diagnostic_decoders": {"threshold": {"AUROC": 72.33, "Rej-F1@0.4": 69.22, "Acc@0.4": 65.38, "Rej-F1@0.6": 70.71, "Acc@0.6": 62.58, "Rej-F1@0.8": 70.71, "Acc@0.8": 62.58, "G-mIoU@1": 42.56, "G-mIoU@3": 42.5, "G-mIoU@5": 42.37, "mAP": 4.49, "mR@1": 2.69, "mR@3": 5.0, "mR@5": 7.61, "mR+@1": 0.0, "mR+@3": 0.0, "mR+@5": 0.67, "mIoU@1": 10.28, "mIoU@3": 8.73, "mIoU@5": 8.8, "mIoU+@1": 0.0, "mIoU+@3": 0.08, "mIoU+@5": 0.08}}}
{"epoch": 47, "train": {"loss_span": 0.03281755823463763, "loss_giou": 0.8609500759865939, "loss_label": 0.0724294501378837, "class_error": 1.4837918472843161, "loss_exist": 0.5639053643354763, "loss_dual_dqa": 0.1462667547472437, "loss_dual_eos": 1.4138108973286474, "loss_span_0": 0.02714950697601864, "loss_giou_0": 0.7488648900955757, "loss_label_0": 0.09570404188594937, "class_error_0": 6.885830819750823, "loss_overall": 3.5946193792325625}, "val": {"AUROC": 72.37, "Rej-F1@0.4": 64.25, "Acc@0.4": 66.02, "Rej-F1@0.6": 70.71, "Acc@0.6": 62.58, "Rej-F1@0.8": 70.71, "Acc@0.8": 62.58, "G-mIoU@1": 34.74, "G-mIoU@3": 32.2, "G-mIoU@5": 31.57, "mAP": 6.17, "mR@1": 3.29, "mR@3": 7.21, "mR@5": 10.14, "mR+@1": 0.0, "mR+@3": 0.0, "mR+@5": 0.33, "mIoU@1": 10.42, "mIoU@3": 9.3, "mIoU@5": 9.33, "mIoU+@1": 0.0, "mIoU+@3": 0.15, "mIoU+@5": 0.14}, "selection": {"mAP": 6.17, "G-mIoU@3": 32.2, "joint": 0.8776671408250355}, "diagnostic_decoders": {"threshold": {"AUROC": 72.37, "Rej-F1@0.4": 64.25, "Acc@0.4": 66.02, "Rej-F1@0.6": 70.71, "Acc@0.6": 62.58, "Rej-F1@0.8": 70.71, "Acc@0.8": 62.58, "G-mIoU@1": 34.74, "G-mIoU@3": 34.39, "G-mIoU@5": 34.2, "mAP": 5.55, "mR@1": 3.29, "mR@3": 6.46, "mR@5": 9.39, "mR+@1": 0.0, "mR+@3": 0.0, "mR+@5": 0.33, "mIoU@1": 10.42, "mIoU@3": 9.3, "mIoU@5": 9.33, "mIoU+@1": 0.0, "mIoU+@3": 0.15, "mIoU+@5": 0.14}}}
{"epoch": 48, "train": {"loss_span": 0.03206358742330776, "loss_giou": 0.8582943595510107, "loss_label": 0.0728280103584025, "class_error": 1.11788405007703, "loss_exist": 0.5645952646486883, "loss_dual_dqa": 0.14675084204417949, "loss_dual_eos": 1.407204031022405, "loss_span_0": 0.02721025731005837, "loss_giou_0": 0.7516912239481712, "loss_label_0": 0.09660187001718652, "class_error_0": 7.07281325991572, "loss_overall": 3.593096749802152}, "val": {"AUROC": 72.38, "Rej-F1@0.4": 67.98, "Acc@0.4": 64.95, "Rej-F1@0.6": 70.71, "Acc@0.6": 62.58, "Rej-F1@0.8": 70.71, "Acc@0.8": 62.58, "G-mIoU@1": 40.6, "G-mIoU@3": 38.54, "G-mIoU@5": 38.01, "mAP": 6.61, "mR@1": 4.02, "mR@3": 7.41, "mR@5": 10.36, "mR+@1": 0.0, "mR+@3": 0.0, "mR+@5": 0.17, "mIoU@1": 11.14, "mIoU@3": 9.71, "mIoU@5": 9.72, "mIoU+@1": 0.0, "mIoU+@3": 0.12, "mIoU+@5": 0.1}, "selection": {"mAP": 6.61, "G-mIoU@3": 38.54, "joint": 0.9402560455192034}, "diagnostic_decoders": {"threshold": {"AUROC": 72.38, "Rej-F1@0.4": 67.98, "Acc@0.4": 64.95, "Rej-F1@0.6": 70.71, "Acc@0.6": 62.58, "Rej-F1@0.8": 70.71, "Acc@0.8": 62.58, "G-mIoU@1": 40.6, "G-mIoU@3": 40.59, "G-mIoU@5": 40.48, "mAP": 6.05, "mR@1": 4.02, "mR@3": 6.66, "mR@5": 9.61, "mR+@1": 0.0, "mR+@3": 0.0, "mR+@5": 0.17, "mIoU@1": 11.14, "mIoU@3": 9.71, "mIoU@5": 9.72, "mIoU+@1": 0.0, "mIoU+@3": 0.12, "mIoU+@5": 0.1}}}
{"epoch": 49, "train": {"loss_span": 0.032155200070217646, "loss_giou": 0.8587148826787182, "loss_label": 0.0728170549260239, "class_error": 1.309799172211062, "loss_exist": 0.5641778385137924, "loss_dual_dqa": 0.14530026677900493, "loss_dual_eos": 1.3685211525440446, "loss_span_0": 0.02678933422499345, "loss_giou_0": 0.7416327588220563, "loss_label_0": 0.09711993864880143, "class_error_0": 7.73685924000876, "loss_overall": 3.5778359448408494}, "val": {"AUROC": 72.29, "Rej-F1@0.4": 66.53, "Acc@0.4": 65.16, "Rej-F1@0.6": 70.71, "Acc@0.6": 62.58, "Rej-F1@0.8": 70.71, "Acc@0.8": 62.58, "G-mIoU@1": 38.41, "G-mIoU@3": 36.09, "G-mIoU@5": 35.51, "mAP": 6.11, "mR@1": 3.75, "mR@3": 6.27, "mR@5": 9.3, "mR+@1": 0.0, "mR+@3": 0.0, "mR+@5": 0.67, "mIoU@1": 10.89, "mIoU@3": 9.78, "mIoU@5": 9.81, "mIoU+@1": 0.0, "mIoU+@3": 0.24, "mIoU+@5": 0.2}, "selection": {"mAP": 6.11, "G-mIoU@3": 36.09, "joint": 0.8691322901849218}, "diagnostic_decoders": {"threshold": {"AUROC": 72.29, "Rej-F1@0.4": 66.53, "Acc@0.4": 65.16, "Rej-F1@0.6": 70.71, "Acc@0.6": 62.58, "Rej-F1@0.8": 70.71, "Acc@0.8": 62.58, "G-mIoU@1": 38.41, "G-mIoU@3": 38.24, "G-mIoU@5": 38.09, "mAP": 5.61, "mR@1": 3.75, "mR@3": 5.72, "mR@5": 8.75, "mR+@1": 0.0, "mR+@3": 0.0, "mR+@5": 0.67, "mIoU@1": 10.89, "mIoU@3": 9.78, "mIoU@5": 9.81, "mIoU+@1": 0.0, "mIoU+@3": 0.24, "mIoU+@5": 0.2}}}
{"epoch": 50, "train": {"loss_span": 0.031972446311004155, "loss_giou": 0.8516944388711781, "loss_label": 0.0738191077131877, "class_error": 1.5054128655147414, "loss_exist": 0.564742997223885, "loss_dual_dqa": 0.14148759348574555, "loss_dual_eos": 1.3844002163773172, "loss_span_0": 0.02753119840821879, "loss_giou_0": 0.7554784182363689, "loss_label_0": 0.09630754309512383, "class_error_0": 7.608265570248308, "loss_overall": 3.592973318118413}, "val": {"AUROC": 72.47, "Rej-F1@0.4": 66.67, "Acc@0.4": 64.52, "Rej-F1@0.6": 70.71, "Acc@0.6": 62.58, "Rej-F1@0.8": 70.71, "Acc@0.8": 62.58, "G-mIoU@1": 39.13, "G-mIoU@3": 36.89, "G-mIoU@5": 36.33, "mAP": 6.38, "mR@1": 3.71, "mR@3": 6.8, "mR@5": 10.43, "mR+@1": 0.0, "mR+@3": 0.0, "mR+@5": 1.0, "mIoU@1": 10.69, "mIoU@3": 9.55, "mIoU@5": 9.57, "mIoU+@1": 0.0, "mIoU+@3": 0.19, "mIoU+@5": 0.18}, "selection": {"mAP": 6.38, "G-mIoU@3": 36.89, "joint": 0.9075391180654339}, "diagnostic_decoders": {"threshold": {"AUROC": 72.47, "Rej-F1@0.4": 66.67, "Acc@0.4": 64.52, "Rej-F1@0.6": 70.71, "Acc@0.6": 62.58, "Rej-F1@0.8": 70.71, "Acc@0.8": 62.58, "G-mIoU@1": 39.13, "G-mIoU@3": 39.02, "G-mIoU@5": 38.89, "mAP": 5.69, "mR@1": 3.71, "mR@3": 5.86, "mR@5": 9.49, "mR+@1": 0.0, "mR+@3": 0.0, "mR+@5": 1.0, "mIoU@1": 10.69, "mIoU@3": 9.55, "mIoU@5": 9.57, "mIoU+@1": 0.0, "mIoU+@3": 0.19, "mIoU+@5": 0.18}}}
{"epoch": 51, "train": {"loss_span": 0.03213255470749144, "loss_giou": 0.8570580245965688, "loss_label": 0.07338767178237812, "class_error": 1.3071350422154422, "loss_exist": 0.5641077129434076, "loss_dual_dqa": 0.14212468875785447, "loss_dual_eos": 1.3630309246080747, "loss_span_0": 0.026827026842771492, "loss_giou_0": 0.7441051126736382, "loss_label_0": 0.09695888113333097, "class_error_0": 6.597982105164784, "loss_overall": 3.579662206842451}, "val": {"AUROC": 72.23, "Rej-F1@0.4": 67.21, "Acc@0.4": 65.16, "Rej-F1@0.6": 70.71, "Acc@0.6": 62.58, "Rej-F1@0.8": 70.71, "Acc@0.8": 62.58, "G-mIoU@1": 39.43, "G-mIoU@3": 37.16, "G-mIoU@5": 36.59, "mAP": 6.6, "mR@1": 4.12, "mR@3": 6.93, "mR@5": 10.05, "mR+@1": 0.0, "mR+@3": 0.0, "mR+@5": 0.67, "mIoU@1": 11.46, "mIoU@3": 9.96, "mIoU@5": 9.99, "mIoU+@1": 0.0, "mIoU+@3": 0.12, "mIoU+@5": 0.1}, "selection": {"mAP": 6.6, "G-mIoU@3": 37.16, "joint": 0.9388335704125177}, "diagnostic_decoders": {"threshold": {"AUROC": 72.23, "Rej-F1@0.4": 67.21, "Acc@0.4": 65.16, "Rej-F1@0.6": 70.71, "Acc@0.6": 62.58, "Rej-F1@0.8": 70.71, "Acc@0.8": 62.58, "G-mIoU@1": 39.43, "G-mIoU@3": 39.26, "G-mIoU@5": 39.1, "mAP": 6.03, "mR@1": 4.12, "mR@3": 6.39, "mR@5": 9.5, "mR+@1": 0.0, "mR+@3": 0.0, "mR+@5": 0.67, "mIoU@1": 11.46, "mIoU@3": 9.96, "mIoU@5": 9.99, "mIoU+@1": 0.0, "mIoU+@3": 0.12, "mIoU+@5": 0.1}}}
{"epoch": 52, "train": {"loss_span": 0.03242512464833006, "loss_giou": 0.8637174680764229, "loss_label": 0.07287005554396729, "class_error": 0.7612597325851861, "loss_exist": 0.5641219394687526, "loss_dual_dqa": 0.1439097036250609, "loss_dual_eos": 1.3891355379184356, "loss_span_0": 0.02746225992706503, "loss_giou_0": 0.7543827529515893, "loss_label_0": 0.09634189410319705, "class_error_0": 6.922211452980097, "loss_overall": 3.6040528394451115}, "val": {"AUROC": 72.42, "Rej-F1@0.4": 64.66, "Acc@0.4": 64.73, "Rej-F1@0.6": 70.71, "Acc@0.6": 62.58, "Rej-F1@0.8": 70.71, "Acc@0.8": 62.58, "G-mIoU@1": 35.98, "G-mIoU@3": 33.74, "G-mIoU@5": 33.16, "mAP": 5.53, "mR@1": 3.22, "mR@3": 5.78, "mR@5": 7.66, "mR+@1": 0.0, "mR+@3": 0.0, "mR+@5": 0.0, "mIoU@1": 10.16, "mIoU@3": 9.05, "mIoU@5": 9.03, "mIoU+@1": 0.0, "mIoU+@3": 0.21, "mIoU+@5": 0.16}, "selection": {"mAP": 5.53, "G-mIoU@3": 33.74, "joint": 0.786628733997155}, "diagnostic_decoders": {"threshold": {"AUROC": 72.42, "Rej-F1@0.4": 64.66, "Acc@0.4": 64.73, "Rej-F1@0.6": 70.71, "Acc@0.6": 62.58, "Rej-F1@0.8": 70.71, "Acc@0.8": 62.58, "G-mIoU@1": 35.98, "G-mIoU@3": 35.77, "G-mIoU@5": 35.6, "mAP": 4.72, "mR@1": 3.22, "mR@3": 4.84, "mR@5": 6.72, "mR+@1": 0.0, "mR+@3": 0.0, "mR+@5": 0.0, "mIoU@1": 10.16, "mIoU@3": 9.05, "mIoU@5": 9.03, "mIoU+@1": 0.0, "mIoU+@3": 0.21, "mIoU+@5": 0.16}}}
{"epoch": 53, "train": {"loss_span": 0.03218075511693493, "loss_giou": 0.8562456012751642, "loss_label": 0.07331366538497318, "class_error": 0.7573619195376692, "loss_exist": 0.5640410189757663, "loss_dual_dqa": 0.141252847956453, "loss_dual_eos": 1.3476066847479016, "loss_span_0": 0.027144436080345443, "loss_giou_0": 0.7531322734317899, "loss_label_0": 0.09693261322017567, "class_error_0": 6.6768573449394335, "loss_overall": 3.5894792392208936}, "val": {"AUROC": 72.28, "Rej-F1@0.4": 63.45, "Acc@0.4": 65.81, "Rej-F1@0.6": 70.71, "Acc@0.6": 62.58, "Rej-F1@0.8": 70.71, "Acc@0.8": 62.58, "G-mIoU@1": 34.11, "G-mIoU@3": 31.37, "G-mIoU@5": 30.71, "mAP": 5.84, "mR@1": 3.76, "mR@3": 5.74, "mR@5": 7.86, "mR+@1": 0.0, "mR+@3": 0.0, "mR+@5": 0.0, "mIoU@1": 10.48, "mIoU@3": 9.61, "mIoU@5": 9.59, "mIoU+@1": 0.0, "mIoU+@3": 0.24, "mIoU+@5": 0.2}, "selection": {"mAP": 5.84, "G-mIoU@3": 31.37, "joint": 0.8307254623044096}, "diagnostic_decoders": {"threshold": {"AUROC": 72.28, "Rej-F1@0.4": 63.45, "Acc@0.4": 65.81, "Rej-F1@0.6": 70.71, "Acc@0.6": 62.58, "Rej-F1@0.8": 70.71, "Acc@0.8": 62.58, "G-mIoU@1": 34.11, "G-mIoU@3": 33.52, "G-mIoU@5": 33.29, "mAP": 5.2, "mR@1": 3.76, "mR@3": 5.15, "mR@5": 7.12, "mR+@1": 0.0, "mR+@3": 0.0, "mR+@5": 0.0, "mIoU@1": 10.48, "mIoU@3": 9.61, "mIoU@5": 9.59, "mIoU+@1": 0.0, "mIoU+@3": 0.24, "mIoU+@5": 0.2}}}
