{
  "initialization_audit": {
    "missing_keys": [
      "phrase_grounding.phrase_eos_token",
      "phrase_grounding.phrase_gate_logit",
      "phrase_grounding.rpg.position.weight",
      "phrase_grounding.rpg.guides.0.0.weight",
      "phrase_grounding.rpg.guides.0.0.bias",
      "phrase_grounding.rpg.guides.0.2.weight",
      "phrase_grounding.rpg.guides.0.2.bias",
      "phrase_grounding.rpg.guides.1.0.weight",
      "phrase_grounding.rpg.guides.1.0.bias",
      "phrase_grounding.rpg.guides.1.2.weight",
      "phrase_grounding.rpg.guides.1.2.bias",
      "phrase_grounding.rpg.guides.2.0.weight",
      "phrase_grounding.rpg.guides.2.0.bias",
      "phrase_grounding.rpg.guides.2.2.weight",
      "phrase_grounding.rpg.guides.2.2.bias",
      "phrase_grounding.rpg.query.weight",
      "phrase_grounding.rpg.query.bias",
      "phrase_grounding.rpg.key.weight",
      "phrase_grounding.rpg.key.bias",
      "phrase_grounding.rpg.value.weight",
      "phrase_grounding.rpg.value.bias",
      "phrase_grounding.slot_refine.norm_words.weight",
      "phrase_grounding.slot_refine.norm_words.bias",
      "phrase_grounding.slot_refine.norm_slots.weight",
      "phrase_grounding.slot_refine.norm_slots.bias",
      "phrase_grounding.slot_refine.norm_mlp.weight",
      "phrase_grounding.slot_refine.norm_mlp.bias",
      "phrase_grounding.slot_refine.to_q.weight",
      "phrase_grounding.slot_refine.to_k.weight",
      "phrase_grounding.slot_refine.to_v.weight",
      "phrase_grounding.slot_refine.gru.weight_ih",
      "phrase_grounding.slot_refine.gru.weight_hh",
      "phrase_grounding.slot_refine.gru.bias_ih",
      "phrase_grounding.slot_refine.gru.bias_hh",
      "phrase_grounding.slot_refine.mlp.0.weight",
      "phrase_grounding.slot_refine.mlp.0.bias",
      "phrase_grounding.slot_refine.mlp.2.weight",
      "phrase_grounding.slot_refine.mlp.2.bias",
      "phrase_grounding.phrase_set_encoder.layers.0.self_attn.in_proj_weight",
      "phrase_grounding.phrase_set_encoder.layers.0.self_attn.in_proj_bias",
      "phrase_grounding.phrase_set_encoder.layers.0.self_attn.out_proj.weight",
      "phrase_grounding.phrase_set_encoder.layers.0.self_attn.out_proj.bias",
      "phrase_grounding.phrase_set_encoder.layers.0.linear1.weight",
      "phrase_grounding.phrase_set_encoder.layers.0.linear1.bias",
      "phrase_grounding.phrase_set_encoder.layers.0.linear2.weight",
      "phrase_grounding.phrase_set_encoder.layers.0.linear2.bias",
      "phrase_grounding.phrase_set_encoder.layers.0.norm1.weight",
      "phrase_grounding.phrase_set_encoder.layers.0.norm1.bias",
      "phrase_grounding.phrase_set_encoder.layers.0.norm2.weight",
      "phrase_grounding.phrase_set_encoder.layers.0.norm2.bias",
      "phrase_grounding.phrase_proj.0.weight",
      "phrase_grounding.phrase_proj.0.bias",
      "phrase_grounding.video_proj.0.weight",
      "phrase_grounding.video_proj.0.bias",
      "phrase_grounding.context_proj.0.weight",
      "phrase_grounding.context_proj.0.bias",
      "phrase_grounding.context_proj.2.weight",
      "phrase_grounding.context_proj.2.bias",
      "phrase_grounding.phrase_temporal.layers.0.self_attn.in_proj_weight",
      "phrase_grounding.phrase_temporal.layers.0.self_attn.in_proj_bias",
      "phrase_grounding.phrase_temporal.layers.0.self_attn.out_proj.weight",
      "phrase_grounding.phrase_temporal.layers.0.self_attn.out_proj.bias",
      "phrase_grounding.phrase_temporal.layers.0.linear1.weight",
      "phrase_grounding.phrase_temporal.layers.0.linear1.bias",
      "phrase_grounding.phrase_temporal.layers.0.linear2.weight",
      "phrase_grounding.phrase_temporal.layers.0.linear2.bias",
      "phrase_grounding.phrase_temporal.layers.0.norm1.weight",
      "phrase_grounding.phrase_temporal.layers.0.norm1.bias",
      "phrase_grounding.phrase_temporal.layers.0.norm2.weight",
      "phrase_grounding.phrase_temporal.layers.0.norm2.bias",
      "phrase_grounding.phrase_weight_q.weight",
      "phrase_grounding.phrase_weight_q.bias",
      "phrase_grounding.phrase_weight_k.weight",
      "phrase_grounding.phrase_weight_k.bias"
    ],
    "unexpected_keys": []
  }
}
/home/guoxiangyu/miniconda3/lib/python3.13/site-packages/torch/nn/modules/transformer.py:531: UserWarning: The PyTorch API of nested tensors is in prototype stage and will change in the near future. We recommend specifying layout=torch.jagged when constructing a nested tensor, as this layout receives active development, has better operator coverage, and works with torch.compile. (Triggered internally at /pytorch/aten/src/ATen/NestedTensorImpl.cpp:178.)
  output = torch._nested_tensor_from_mask(
{"epoch": 1, "train": {"loss_span": 0.02628072198262504, "loss_giou": 0.6814341529836512, "loss_label": 0.1486790554355803, "class_error": 4.332686854307637, "loss_ms_align": 5.937369621220621, "loss_distill": 0.012992268261657699, "loss_orthogonal_dummy": 0.003015049613261422, "loss_exist": 0.6427712516256897, "loss_dual_dqa": 0.21999572820280877, "loss_dual_eos": 3.09464351574311, "loss_span_0": 0.026402837509058016, "loss_giou_0": 0.6860051613432477, "loss_label_0": 0.1489109650808812, "class_error_0": 1.5492464916437592, "loss_span_1": 0.02625079525192617, "loss_giou_1": 0.6824423637350957, "loss_label_1": 0.1486797090412742, "class_error_1": 1.910264691389258, "loss_overall": 11.540916282465748}, "val": {"AUROC": 59.72, "Rej-F1@0.4": 0.0, "Acc@0.4": 54.62, "Rej-F1@0.6": 70.59, "Acc@0.6": 62.37, "Rej-F1@0.8": 62.22, "Acc@0.8": 45.16, "G-mIoU@1": 3.52, "G-mIoU@3": 1.86, "G-mIoU@5": 1.13, "mAP": 4.76, "mR@1": 2.2, "mR@3": 5.1, "mR@5": 7.19, "mR+@1": 0.0, "mR+@3": 0.0, "mR+@5": 0.22, "mIoU@1": 8.14, "mIoU@3": 7.39, "mIoU@5": 7.34, "mIoU+@1": 0.0, "mIoU+@3": 0.53, "mIoU+@5": 0.47}, "selection": {"mAP": 4.76, "G-mIoU@3": 1.86, "joint": 0.9834710743801652}}
{"epoch": 2, "train": {"loss_span": 0.026416521224136107, "loss_giou": 0.6846204334955506, "loss_label": 0.14888391160141046, "class_error": 7.520332812110603, "loss_ms_align": 5.914299991408543, "loss_distill": 0.012815034228528739, "loss_orthogonal_dummy": 0.002989502420555305, "loss_exist": 0.6312256648437938, "loss_dual_dqa": 0.2199862669953521, "loss_dual_eos": 2.1532779054229185, "loss_span_0": 0.026250952720613282, "loss_giou_0": 0.6841588437182711, "loss_label_0": 0.14924211228971265, "class_error_0": 2.9133025842798452, "loss_span_1": 0.026346846158202573, "loss_giou_1": 0.6873565243314924, "loss_label_1": 0.14899578119401716, "class_error_1": 2.7675326362561927, "loss_overall": 11.422423578449468}, "val": {"AUROC": 59.78, "Rej-F1@0.4": 0.0, "Acc@0.4": 54.62, "Rej-F1@0.6": 70.59, "Acc@0.6": 62.37, "Rej-F1@0.8": 62.22, "Acc@0.8": 45.16, "G-mIoU@1": 3.25, "G-mIoU@3": 1.72, "G-mIoU@5": 1.05, "mAP": 4.28, "mR@1": 1.81, "mR@3": 4.29, "mR@5": 6.37, "mR+@1": 0.0, "mR+@3": 0.22, "mR+@5": 0.78, "mIoU@1": 7.65, "mIoU@3": 6.8, "mIoU@5": 6.76, "mIoU+@1": 0.0, "mIoU+@3": 0.97, "mIoU+@5": 0.92}, "selection": {"mAP": 4.28, "G-mIoU@3": 1.72, "joint": 0.8842975206611571}}
{"epoch": 3, "train": {"loss_span": 0.026350479531599278, "loss_giou": 0.6799671898261541, "loss_label": 0.14870775459670052, "class_error": 8.470348094499531, "loss_ms_align": 5.928543222532461, "loss_distill": 0.012834429344789828, "loss_orthogonal_dummy": 0.002973420934597685, "loss_exist": 0.6238718463522965, "loss_dual_dqa": 0.21987786927247405, "loss_dual_eos": 1.8766280373494484, "loss_span_0": 0.026274873248948286, "loss_giou_0": 0.6814046318027465, "loss_label_0": 0.14905034856931088, "class_error_0": 3.051199203646085, "loss_span_1": 0.02622533925579849, "loss_giou_1": 0.6795792783038406, "loss_label_1": 0.14890625668845353, "class_error_1": 3.992639496454356, "loss_overall": 11.382995083229504}, "val": {"AUROC": 59.76, "Rej-F1@0.4": 0.0, "Acc@0.4": 54.62, "Rej-F1@0.6": 70.59, "Acc@0.6": 62.37, "Rej-F1@0.8": 64.12, "Acc@0.8": 49.46, "G-mIoU@1": 3.33, "G-mIoU@3": 1.78, "G-mIoU@5": 1.08, "mAP": 4.25, "mR@1": 1.89, "mR@3": 4.08, "mR@5": 6.18, "mR+@1": 0.0, "mR+@3": 0.22, "mR+@5": 0.78, "mIoU@1": 7.78, "mIoU@3": 7.04, "mIoU@5": 7.0, "mIoU+@1": 0.0, "mIoU+@3": 0.69, "mIoU+@5": 0.64}, "selection": {"mAP": 4.25, "G-mIoU@3": 1.78, "joint": 0.878099173553719}}
{"epoch": 4, "train": {"loss_span": 0.026271596612159383, "loss_giou": 0.6863243847206746, "loss_label": 0.14856844866056843, "class_error": 8.82390723175447, "loss_ms_align": 5.9236843636670855, "loss_distill": 0.013038636688025981, "loss_orthogonal_dummy": 0.003020464501412538, "loss_exist": 0.6187522544729473, "loss_dual_dqa": 0.2185600379517022, "loss_dual_eos": 1.779503584369016, "loss_span_0": 0.02625664698438059, "loss_giou_0": 0.6875039581056377, "loss_label_0": 0.14899197274097906, "class_error_0": 2.647017141999456, "loss_span_1": 0.02621397654421955, "loss_giou_1": 0.6858452177669991, "loss_label_1": 0.14878663705160447, "class_error_1": 4.479448999743234, "loss_overall": 11.379857966725869}, "val": {"AUROC": 59.76, "Rej-F1@0.4": 1.87, "Acc@0.4": 54.84, "Rej-F1@0.6": 70.59, "Acc@0.6": 62.37, "Rej-F1@0.8": 70.0, "Acc@0.8": 61.29, "G-mIoU@1": 4.16, "G-mIoU@3": 2.29, "G-mIoU@5": 1.56, "mAP": 4.62, "mR@1": 2.28, "mR@3": 4.78, "mR@5": 6.71, "mR+@1": 0.0, "mR+@3": 0.0, "mR+@5": 0.33, "mIoU@1": 8.44, "mIoU@3": 7.29, "mIoU@5": 7.24, "mIoU+@1": 0.0, "mIoU+@3": 0.53, "mIoU+@5": 0.47}, "selection": {"mAP": 4.62, "G-mIoU@3": 2.29, "joint": 0.9545454545454546}}
{"epoch": 5, "train": {"loss_span": 0.026127747869062332, "loss_giou": 0.676975951614214, "loss_label": 0.14845297769713137, "class_error": 7.294072840281763, "loss_ms_align": 5.946213002479151, "loss_distill": 0.013798110106480098, "loss_orthogonal_dummy": 0.0029780953443294535, "loss_exist": 0.6140404956648464, "loss_dual_dqa": 0.21255581193986636, "loss_dual_eos": 1.765578620787575, "loss_span_0": 0.026274307421644914, "loss_giou_0": 0.6788370008339566, "loss_label_0": 0.14891905306963138, "class_error_0": 1.9103959656499214, "loss_span_1": 0.02621083327966534, "loss_giou_1": 0.6799918608483397, "loss_label_1": 0.14863467154553572, "class_error_1": 3.7268381464475593, "loss_overall": 11.37017581841979}, "val": {"AUROC": 59.8, "Rej-F1@0.4": 6.33, "Acc@0.4": 55.48, "Rej-F1@0.6": 70.59, "Acc@0.6": 62.37, "Rej-F1@0.8": 70.47, "Acc@0.8": 62.15, "G-mIoU@1": 4.48, "G-mIoU@3": 3.14, "G-mIoU@5": 2.5, "mAP": 4.05, "mR@1": 1.61, "mR@3": 4.24, "mR@5": 6.24, "mR+@1": 0.0, "mR+@3": 0.06, "mR+@5": 0.28, "mIoU@1": 7.5, "mIoU@3": 6.69, "mIoU@5": 6.64, "mIoU+@1": 0.0, "mIoU+@3": 0.76, "mIoU+@5": 0.69}, "selection": {"mAP": 4.05, "G-mIoU@3": 3.14, "joint": 0.8367768595041322}}
{"epoch": 6, "train": {"loss_span": 0.026418795461648038, "loss_giou": 0.6854798258532068, "loss_label": 0.14866443642416458, "class_error": 6.550991218754956, "loss_ms_align": 5.923072401482798, "loss_distill": 0.013227760766796253, "loss_orthogonal_dummy": 0.0029676037802509043, "loss_exist": 0.6075198161192941, "loss_dual_dqa": 0.2062200509649132, "loss_dual_eos": 1.7029091468348256, "loss_span_0": 0.026313804622979022, "loss_giou_0": 0.6828335671968769, "loss_label_0": 0.1489984971088969, "class_error_0": 1.716015365401462, "loss_span_1": 0.026322950460034734, "loss_giou_1": 0.684856629446545, "loss_label_1": 0.14882732140608834, "class_error_1": 3.0708989456346383, "loss_overall": 11.35707596916689}, "val": {"AUROC": 59.82, "Rej-F1@0.4": 1.87, "Acc@0.4": 54.84, "Rej-F1@0.6": 70.71, "Acc@0.6": 62.58, "Rej-F1@0.8": 70.47, "Acc@0.8": 62.15, "G-mIoU@1": 3.28, "G-mIoU@3": 1.96, "G-mIoU@5": 1.37, "mAP": 3.72, "mR@1": 1.32, "mR@3": 3.54, "mR@5": 6.07, "mR+@1": 0.0, "mR+@3": 0.06, "mR+@5": 0.39, "mIoU@1": 6.91, "mIoU@3": 5.93, "mIoU@5": 5.89, "mIoU+@1": 0.0, "mIoU+@3": 0.58, "mIoU+@5": 0.5}, "selection": {"mAP": 3.72, "G-mIoU@3": 1.96, "joint": 0.7685950413223142}}
{"epoch": 7, "train": {"loss_span": 0.026181811256151433, "loss_giou": 0.6837525669649178, "loss_label": 0.14851472761937534, "class_error": 5.232262214524208, "loss_ms_align": 5.927139682202825, "loss_distill": 0.014716487205931678, "loss_orthogonal_dummy": 0.002920067966355253, "loss_exist": 0.6047887876449777, "loss_dual_dqa": 0.19968895712816065, "loss_dual_eos": 1.6722661735586293, "loss_span_0": 0.02626102473433753, "loss_giou_0": 0.6826434436197036, "loss_label_0": 0.14899450899927785, "class_error_0": 2.0810927422856755, "loss_span_1": 0.026304982215482983, "loss_giou_1": 0.683490944173729, "loss_label_1": 0.14860793498761993, "class_error_1": 2.7594834885889923, "loss_overall": 11.348609964417744}, "val": {"AUROC": 59.83, "Rej-F1@0.4": 0.0, "Acc@0.4": 54.62, "Rej-F1@0.6": 70.71, "Acc@0.6": 62.58, "Rej-F1@0.8": 70.59, "Acc@0.8": 62.37, "G-mIoU@1": 2.6, "G-mIoU@3": 1.43, "G-mIoU@5": 0.87, "mAP": 3.81, "mR@1": 0.99, "mR@3": 4.22, "mR@5": 6.8, "mR+@1": 0.0, "mR+@3": 0.0, "mR+@5": 0.33, "mIoU@1": 6.35, "mIoU@3": 5.46, "mIoU@5": 5.42, "mIoU+@1": 0.0, "mIoU+@3": 0.58, "mIoU+@5": 0.5}, "selection": {"mAP": 3.81, "G-mIoU@3": 1.43, "joint": 0.7647058823529411}}
{"epoch": 8, "train": {"loss_span": 0.025887619473540652, "loss_giou": 0.6814501966584299, "loss_label": 0.14840232947127377, "class_error": 4.036416659901372, "loss_ms_align": 5.924000444822464, "loss_distill": 0.014304343563738135, "loss_orthogonal_dummy": 0.0029118796636081723, "loss_exist": 0.6034514511939464, "loss_dual_dqa": 0.19808584114616767, "loss_dual_eos": 1.6197279910064077, "loss_span_0": 0.02610026272945556, "loss_giou_0": 0.682337035413754, "loss_label_0": 0.14869872589022598, "class_error_0": 1.5550901137324795, "loss_span_1": 0.02605718249115695, "loss_giou_1": 0.6799876381660671, "loss_label_1": 0.1485785624006049, "class_error_1": 2.3561424672056246, "loss_overall": 11.323489288248954}, "val": {"AUROC": 59.84, "Rej-F1@0.4": 0.0, "Acc@0.4": 54.84, "Rej-F1@0.6": 70.71, "Acc@0.6": 62.58, "Rej-F1@0.8": 70.59, "Acc@0.8": 62.37, "G-mIoU@1": 2.51, "G-mIoU@3": 1.44, "G-mIoU@5": 0.88, "mAP": 3.46, "mR@1": 0.79, "mR@3": 3.6, "mR@5": 6.65, "mR+@1": 0.0, "mR+@3": 0.0, "mR+@5": 0.33, "mIoU@1": 6.05, "mIoU@3": 5.27, "mIoU@5": 5.23, "mIoU+@1": 0.0, "mIoU+@3": 0.76, "mIoU+@5": 0.69}, "selection": {"mAP": 3.46, "G-mIoU@3": 1.44, "joint": 0.7148760330578513}}
{"epoch": 9, "train": {"loss_span": 0.026227592912386903, "loss_giou": 0.6813083875000678, "loss_label": 0.14865464997671837, "class_error": 4.669698081885403, "loss_ms_align": 5.9266644019674946, "loss_distill": 0.013846491981133883, "loss_orthogonal_dummy": 0.002891598498235367, "loss_exist": 0.5999901618226938, "loss_dual_dqa": 0.19552846380395553, "loss_dual_eos": 1.5622391380682954, "loss_span_0": 0.026059412683277904, "loss_giou_0": 0.6809380908931956, "loss_label_0": 0.14915692213510418, "class_error_0": 2.377523651786793, "loss_span_1": 0.026180446006577335, "loss_giou_1": 0.6803401860135255, "loss_label_1": 0.14881938533860165, "class_error_1": 3.4958386354368054, "loss_overall": 11.323178200516624}, "val": {"AUROC": 59.88, "Rej-F1@0.4": 1.87, "Acc@0.4": 54.84, "Rej-F1@0.6": 70.71, "Acc@0.6": 62.58, "Rej-F1@0.8": 70.59, "Acc@0.8": 62.37, "G-mIoU@1": 3.06, "G-mIoU@3": 1.99, "G-mIoU@5": 1.38, "mAP": 3.99, "mR@1": 1.38, "mR@3": 4.14, "mR@5": 6.99, "mR+@1": 0.0, "mR+@3": 0.0, "mR+@5": 0.44, "mIoU@1": 6.61, "mIoU@3": 5.98, "mIoU@5": 5.93, "mIoU+@1": 0.0, "mIoU+@3": 0.74, "mIoU+@5": 0.68}, "selection": {"mAP": 3.99, "G-mIoU@3": 1.99, "joint": 0.8243801652892563}}
{"epoch": 10, "train": {"loss_span": 0.026120427353132053, "loss_giou": 0.6817093961995947, "loss_label": 0.14860437698068107, "class_error": 3.9973005292034194, "loss_ms_align": 5.934151972475232, "loss_distill": 0.013731823040828749, "loss_orthogonal_dummy": 0.002863419104687988, "loss_exist": 0.5956510615095302, "loss_dual_dqa": 0.18958102804759439, "loss_dual_eos": 1.4683072958780752, "loss_span_0": 0.026284695672723853, "loss_giou_0": 0.6819638013839722, "loss_label_0": 0.14898187040908145, "class_error_0": 2.69521184656688, "loss_span_1": 0.026203092963670176, "loss_giou_1": 0.6827073728997907, "loss_label_1": 0.14879792854513968, "class_error_1": 2.9321159853227705, "loss_overall": 11.320707578829603}, "val": {"AUROC": 59.89, "Rej-F1@0.4": 0.0, "Acc@0.4": 54.62, "Rej-F1@0.6": 70.71, "Acc@0.6": 62.58, "Rej-F1@0.8": 70.59, "Acc@0.8": 62.37, "G-mIoU@1": 2.85, "G-mIoU@3": 1.67, "G-mIoU@5": 1.02, "mAP": 3.84, "mR@1": 1.18, "mR@3": 3.81, "mR@5": 6.77, "mR+@1": 0.0, "mR+@3": 0.04, "mR+@5": 0.48, "mIoU@1": 6.68, "mIoU@3": 6.17, "mIoU@5": 6.12, "mIoU+@1": 0.0, "mIoU+@3": 0.83, "mIoU+@5": 0.74}, "selection": {"mAP": 3.84, "G-mIoU@3": 1.67, "joint": 0.7933884297520661}}
{"epoch": 11, "train": {"loss_span": 0.026027959967261642, "loss_giou": 0.6784493607158762, "loss_label": 0.14838180208102467, "class_error": 4.280341287117871, "loss_ms_align": 5.915635633261207, "loss_distill": 0.014295144307973118, "loss_orthogonal_dummy": 0.002889864389442984, "loss_exist": 0.5937131860222777, "loss_dual_dqa": 0.18264644936901064, "loss_dual_eos": 1.4013068985397428, "loss_span_0": 0.026278002957334953, "loss_giou_0": 0.6820267924886789, "loss_label_0": 0.1487931649845657, "class_error_0": 2.686780204053891, "loss_span_1": 0.026215215632669472, "loss_giou_1": 0.6817914097997058, "loss_label_1": 0.14862587891695522, "class_error_1": 3.662854422803891, "loss_overall": 11.286479499617771}, "val": {"AUROC": 59.87, "Rej-F1@0.4": 5.45, "Acc@0.4": 55.27, "Rej-F1@0.6": 70.71, "Acc@0.6": 62.58, "Rej-F1@0.8": 70.59, "Acc@0.8": 62.37, "G-mIoU@1": 3.64, "G-mIoU@3": 2.75, "G-mIoU@5": 2.18, "mAP": 3.55, "mR@1": 0.91, "mR@3": 3.45, "mR@5": 6.5, "mR+@1": 0.0, "mR+@3": 0.04, "mR+@5": 0.48, "mIoU@1": 6.24, "mIoU@3": 5.73, "mIoU@5": 5.68, "mIoU+@1": 0.0, "mIoU+@3": 0.83, "mIoU+@5": 0.74}, "selection": {"mAP": 3.55, "G-mIoU@3": 2.75, "joint": 0.7334710743801652}}
{"epoch": 12, "train": {"loss_span": 0.026144198856351167, "loss_giou": 0.6813830414101835, "loss_label": 0.14854341149762265, "class_error": 3.308547140262506, "loss_ms_align": 5.925803443324226, "loss_distill": 0.014369273763068954, "loss_orthogonal_dummy": 0.0029075405274150076, "loss_exist": 0.5886341159962525, "loss_dual_dqa": 0.1792509245405801, "loss_dual_eos": 1.3444571513349506, "loss_span_0": 0.026148938651769676, "loss_giou_0": 0.6800684814236485, "loss_label_0": 0.14901433102228379, "class_error_0": 2.438250357773985, "loss_span_1": 0.026167076374523417, "loss_giou_1": 0.6805162111476403, "loss_label_1": 0.1487835084847519, "class_error_1": 3.0397337392195807, "loss_overall": 11.28705748986253}, "val": {"AUROC": 59.89, "Rej-F1@0.4": 8.0, "Acc@0.4": 55.48, "Rej-F1@0.6": 70.71, "Acc@0.6": 62.58, "Rej-F1@0.8": 70.59, "Acc@0.8": 62.37, "G-mIoU@1": 4.4, "G-mIoU@3": 3.36, "G-mIoU@5": 2.8, "mAP": 3.91, "mR@1": 1.07, "mR@3": 3.57, "mR@5": 7.23, "mR+@1": 0.0, "mR+@3": 0.04, "mR+@5": 0.65, "mIoU@1": 6.5, "mIoU@3": 5.8, "mIoU@5": 5.75, "mIoU+@1": 0.0, "mIoU+@3": 0.61, "mIoU+@5": 0.52}, "selection": {"mAP": 3.91, "G-mIoU@3": 3.36, "joint": 0.8078512396694215}}
{"epoch": 13, "train": {"loss_span": 0.02611058739762539, "loss_giou": 0.6766691826978936, "loss_label": 0.1486619365077021, "class_error": 3.7997528857917473, "loss_ms_align": 5.9277690653065775, "loss_distill": 0.014540240027680238, "loss_orthogonal_dummy": 0.002909611971011775, "loss_exist": 0.5874443297054296, "loss_dual_dqa": 0.17501533894996357, "loss_dual_eos": 1.2970010303338984, "loss_span_0": 0.026329445284906074, "loss_giou_0": 0.6792301493834159, "loss_label_0": 0.14900791837346328, "class_error_0": 2.032575663533863, "loss_span_1": 0.02615522522409075, "loss_giou_1": 0.6779326781839378, "loss_label_1": 0.14874736628364169, "class_error_1": 3.343572484749766, "loss_overall": 11.276567570191757}, "val": {"AUROC": 59.88, "Rej-F1@0.4": 11.06, "Acc@0.4": 55.05, "Rej-F1@0.6": 70.71, "Acc@0.6": 62.58, "Rej-F1@0.8": 70.59, "Acc@0.8": 62.37, "G-mIoU@1": 5.11, "G-mIoU@3": 4.17, "G-mIoU@5": 3.63, "mAP": 3.87, "mR@1": 1.03, "mR@3": 3.62, "mR@5": 7.23, "mR+@1": 0.0, "mR+@3": 0.04, "mR+@5": 0.59, "mIoU@1": 6.31, "mIoU@3": 5.73, "mIoU@5": 5.67, "mIoU+@1": 0.0, "mIoU+@3": 0.83, "mIoU+@5": 0.74}, "selection": {"mAP": 3.87, "G-mIoU@3": 4.17, "joint": 0.7995867768595042}}
{"epoch": 14, "train": {"loss_span": 0.026177456286461703, "loss_giou": 0.6796394581665677, "loss_label": 0.14881219351533648, "class_error": 3.625272991462512, "loss_ms_align": 5.9161017461927, "loss_distill": 0.013821014647411228, "loss_orthogonal_dummy": 0.0029148629960167836, "loss_exist": 0.5872838890973124, "loss_dual_dqa": 0.17284257322506608, "loss_dual_eos": 1.2546444778398593, "loss_span_0": 0.026400029133517366, "loss_giou_0": 0.6781614961515826, "loss_label_0": 0.14910826253366677, "class_error_0": 1.8080258781982539, "loss_span_1": 0.026251674384426067, "loss_giou_1": 0.680638802806325, "loss_label_1": 0.1489511120140754, "class_error_1": 2.51091664951743, "loss_overall": 11.268445870448796}, "val": {"AUROC": 59.9, "Rej-F1@0.4": 5.45, "Acc@0.4": 55.27, "Rej-F1@0.6": 70.71, "Acc@0.6": 62.58, "Rej-F1@0.8": 70.59, "Acc@0.8": 62.37, "G-mIoU@1": 3.65, "G-mIoU@3": 2.69, "G-mIoU@5": 2.15, "mAP": 3.86, "mR@1": 1.07, "mR@3": 3.09, "mR@5": 7.02, "mR+@1": 0.0, "mR+@3": 0.04, "mR+@5": 0.65, "mIoU@1": 6.27, "mIoU@3": 5.44, "mIoU@5": 5.39, "mIoU+@1": 0.0, "mIoU+@3": 0.61, "mIoU+@5": 0.52}, "selection": {"mAP": 3.86, "G-mIoU@3": 2.69, "joint": 0.7975206611570248}}
{"epoch": 15, "train": {"loss_span": 0.026110758670052508, "loss_giou": 0.6831435415985619, "loss_label": 0.148520473849952, "class_error": 4.0164772502001265, "loss_ms_align": 5.92927432440513, "loss_distill": 0.01473375686717572, "loss_orthogonal_dummy": 0.0028711244419582617, "loss_exist": 0.5869548205248454, "loss_dual_dqa": 0.17014327697877207, "loss_dual_eos": 1.221468626559789, "loss_span_0": 0.026172253195648323, "loss_giou_0": 0.6833326200346488, "loss_label_0": 0.14881553171394296, "class_error_0": 1.2783532343145843, "loss_span_1": 0.026214616068892284, "loss_giou_1": 0.6830826190256623, "loss_label_1": 0.14862220757044473, "class_error_1": 2.524776615458102, "loss_overall": 11.282855890752499}, "val": {"AUROC": 59.92, "Rej-F1@0.4": 0.0, "Acc@0.4": 54.62, "Rej-F1@0.6": 70.71, "Acc@0.6": 62.58, "Rej-F1@0.8": 70.71, "Acc@0.8": 62.58, "G-mIoU@1": 2.27, "G-mIoU@3": 1.44, "G-mIoU@5": 0.88, "mAP": 4.02, "mR@1": 0.79, "mR@3": 3.73, "mR@5": 7.93, "mR+@1": 0.0, "mR+@3": 0.04, "mR+@5": 0.43, "mIoU@1": 5.64, "mIoU@3": 4.81, "mIoU@5": 4.76, "mIoU+@1": 0.0, "mIoU+@3": 0.61, "mIoU+@5": 0.52}, "selection": {"mAP": 4.02, "G-mIoU@3": 1.44, "joint": 0.7700534759358288}}
{"epoch": 16, "train": {"loss_span": 0.026087973632346956, "loss_giou": 0.682149461008259, "loss_label": 0.14852147135629695, "class_error": 3.869974526303468, "loss_ms_align": 5.904130919766691, "loss_distill": 0.014132296201966994, "loss_orthogonal_dummy": 0.0029093732747013886, "loss_exist": 0.585023981295328, "loss_dual_dqa": 0.16805077087424009, "loss_dual_eos": 1.1828197658551725, "loss_span_0": 0.026117172476611834, "loss_giou_0": 0.6801185726600893, "loss_label_0": 0.14866859872396468, "class_error_0": 2.1198156401983144, "loss_span_1": 0.026138122782737753, "loss_giou_1": 0.6805081391115589, "loss_label_1": 0.14855791537614188, "class_error_1": 3.4413179864971, "loss_overall": 11.24208185556374}, "val": {"AUROC": 59.96, "Rej-F1@0.4": 2.79, "Acc@0.4": 55.05, "Rej-F1@0.6": 70.71, "Acc@0.6": 62.58, "Rej-F1@0.8": 70.71, "Acc@0.8": 62.58, "G-mIoU@1": 2.55, "G-mIoU@3": 1.98, "G-mIoU@5": 1.46, "mAP": 3.87, "mR@1": 0.83, "mR@3": 3.26, "mR@5": 7.3, "mR+@1": 0.0, "mR+@3": 0.04, "mR+@5": 0.43, "mIoU@1": 5.39, "mIoU@3": 4.8, "mIoU@5": 4.74, "mIoU+@1": 0.0, "mIoU+@3": 0.61, "mIoU+@5": 0.52}, "selection": {"mAP": 3.87, "G-mIoU@3": 1.98, "joint": 0.7995867768595042}}
{"epoch": 17, "train": {"loss_span": 0.02617506694936303, "loss_giou": 0.6827555908679732, "loss_label": 0.14838697533350512, "class_error": 3.932070909576637, "loss_ms_align": 5.9179589648129225, "loss_distill": 0.014424881798837743, "loss_orthogonal_dummy": 0.002902912311327953, "loss_exist": 0.5847053879006812, "loss_dual_dqa": 0.16606443755260236, "loss_dual_eos": 1.161718923438281, "loss_span_0": 0.026245115990149566, "loss_giou_0": 0.6812549897182846, "loss_label_0": 0.14882516953869104, "class_error_0": 2.2472720913635813, "loss_span_1": 0.026262155070958533, "loss_giou_1": 0.6819667244890912, "loss_label_1": 0.14862848553264585, "class_error_1": 2.3282293114125183, "loss_overall": 11.260630373450049}, "val": {"AUROC": 59.96, "Rej-F1@0.4": 9.61, "Acc@0.4": 55.48, "Rej-F1@0.6": 70.71, "Acc@0.6": 62.58, "Rej-F1@0.8": 70.59, "Acc@0.8": 62.37, "G-mIoU@1": 4.21, "G-mIoU@3": 3.64, "G-mIoU@5": 3.14, "mAP": 3.88, "mR@1": 0.91, "mR@3": 3.15, "mR@5": 7.17, "mR+@1": 0.0, "mR+@3": 0.04, "mR+@5": 0.7, "mIoU@1": 5.14, "mIoU@3": 4.7, "mIoU@5": 4.65, "mIoU+@1": 0.0, "mIoU+@3": 0.52, "mIoU+@5": 0.43}, "selection": {"mAP": 3.88, "G-mIoU@3": 3.64, "joint": 0.8016528925619835}}
{"epoch": 18, "train": {"loss_span": 0.026174651836970108, "loss_giou": 0.680912637145926, "loss_label": 0.14853946606049276, "class_error": 4.202616186865636, "loss_ms_align": 5.91746291773166, "loss_distill": 0.014674136824743824, "loss_orthogonal_dummy": 0.0028903770746430044, "loss_exist": 0.5840849117877808, "loss_dual_dqa": 0.16392784428487026, "loss_dual_eos": 1.1755993292779954, "loss_span_0": 0.026243813821137555, "loss_giou_0": 0.6765033106345264, "loss_label_0": 0.1487637577482097, "class_error_0": 1.6046973293446412, "loss_span_1": 0.02622284963294871, "loss_giou_1": 0.6785063057086386, "loss_label_1": 0.14857442700067772, "class_error_1": 2.55884408559011, "loss_overall": 11.250714674959326}, "val": {"AUROC": 59.94, "Rej-F1@0.4": 0.0, "Acc@0.4": 54.62, "Rej-F1@0.6": 70.71, "Acc@0.6": 62.58, "Rej-F1@0.8": 70.71, "Acc@0.8": 62.58, "G-mIoU@1": 2.12, "G-mIoU@3": 1.42, "G-mIoU@5": 0.87, "mAP": 3.83, "mR@1": 0.91, "mR@3": 3.06, "mR@5": 6.79, "mR+@1": 0.0, "mR+@3": 0.04, "mR+@5": 0.43, "mIoU@1": 5.5, "mIoU@3": 4.93, "mIoU@5": 4.87, "mIoU+@1": 0.0, "mIoU+@3": 0.61, "mIoU+@5": 0.52}, "selection": {"mAP": 3.83, "G-mIoU@3": 1.42, "joint": 0.7593582887700534}}
{"epoch": 19, "train": {"loss_span": 0.026150790718822967, "loss_giou": 0.6827576009186643, "loss_label": 0.14851253021304997, "class_error": 4.201666056216771, "loss_ms_align": 5.9110548750912875, "loss_distill": 0.013926662206685791, "loss_orthogonal_dummy": 0.00287662315285468, "loss_exist": 0.5832514293300984, "loss_dual_dqa": 0.16233377973200216, "loss_dual_eos": 1.1330268093501386, "loss_span_0": 0.026291222840461138, "loss_giou_0": 0.6812839435747478, "loss_label_0": 0.1490631709645024, "class_error_0": 1.7343132273479036, "loss_span_1": 0.02629707631852645, "loss_giou_1": 0.6841713968770639, "loss_label_1": 0.1487792597884657, "class_error_1": 3.493533931416898, "loss_overall": 11.253552678358503}, "val": {"AUROC": 59.95, "Rej-F1@0.4": 0.0, "Acc@0.4": 54.62, "Rej-F1@0.6": 70.71, "Acc@0.6": 62.58, "Rej-F1@0.8": 70.71, "Acc@0.8": 62.58, "G-mIoU@1": 2.15, "G-mIoU@3": 1.41, "G-mIoU@5": 0.86, "mAP": 3.89, "mR@1": 0.9, "mR@3": 3.58, "mR@5": 6.61, "mR+@1": 0.0, "mR+@3": 0.04, "mR+@5": 0.7, "mIoU@1": 5.58, "mIoU@3": 4.89, "mIoU@5": 4.83, "mIoU+@1": 0.0, "mIoU+@3": 0.52, "mIoU+@5": 0.43}, "selection": {"mAP": 3.89, "G-mIoU@3": 1.41, "joint": 0.7540106951871657}}
