2026-07-23 13:01:34,464 - __main__ - INFO - Setup data and model...
2026-07-23 13:01:39,559 - __main__ - INFO - Model FlashVTG(
  (transformer): Transformer(
    (t2v_encoder): TransformerCATEEncoder(
      (layers): ModuleList(
        (0-5): 6 x T2V_TransformerEncoderLayer(
          (self_attn): MultiheadAttention(
            (out_proj): Linear(in_features=256, out_features=256, bias=True)
          )
          (linear1): Linear(in_features=256, out_features=1024, bias=True)
          (dropout): Dropout(p=0.1, inplace=False)
          (linear2): Linear(in_features=1024, out_features=256, bias=True)
          (norm1): LayerNorm((256,), eps=1e-05, elementwise_affine=True)
          (norm2): LayerNorm((256,), eps=1e-05, elementwise_affine=True)
          (dropout1): DropPath()
          (dropout2): DropPath()
          (activation): PReLU(num_parameters=1)
        )
      )
    )
    (encoder): TransformerEncoder(
      (layers): ModuleList(
        (0-2): 3 x TransformerEncoderLayer(
          (self_attn): MultiheadAttention(
            (out_proj): NonDynamicallyQuantizableLinear(in_features=256, out_features=256, bias=True)
          )
          (linear1): Linear(in_features=256, out_features=1024, bias=True)
          (dropout): Dropout(p=0.1, inplace=False)
          (linear2): Linear(in_features=1024, out_features=256, bias=True)
          (norm1): LayerNorm((256,), eps=1e-05, elementwise_affine=True)
          (norm2): LayerNorm((256,), eps=1e-05, elementwise_affine=True)
          (dropout1): DropPath()
          (dropout2): DropPath()
          (activation): PReLU(num_parameters=1)
        )
      )
    )
  )
  (position_embed): PositionEmbeddingSine()
  (txt_position_embed): TrainablePositionalEncoding(
    (position_embeddings): Embedding(40, 256)
    (LayerNorm): LayerNorm((256,), eps=1e-05, elementwise_affine=True)
    (dropout): Dropout(p=0.5, inplace=False)
  )
  (saliency_proj1): Linear(in_features=256, out_features=256, bias=True)
  (saliency_proj2): Linear(in_features=256, out_features=256, bias=True)
  (PositionEmbeddingSine): PositionEmbeddingSine()
  (input_txt_proj): Sequential(
    (0): LinearLayer(
      (LayerNorm): LayerNorm((512,), eps=1e-05, elementwise_affine=True)
      (net): Sequential(
        (0): Dropout(p=0.5, inplace=False)
        (1): Linear(in_features=512, out_features=256, bias=True)
      )
    )
    (1): LinearLayer(
      (LayerNorm): LayerNorm((256,), eps=1e-05, elementwise_affine=True)
      (net): Sequential(
        (0): Dropout(p=0.5, inplace=False)
        (1): Linear(in_features=256, out_features=256, bias=True)
      )
    )
  )
  (input_vid_proj): Sequential(
    (0): LinearLayer(
      (LayerNorm): LayerNorm((2818,), eps=1e-05, elementwise_affine=True)
      (net): Sequential(
        (0): Dropout(p=0.5, inplace=False)
        (1): Linear(in_features=2818, out_features=256, bias=True)
      )
    )
    (1): LinearLayer(
      (LayerNorm): LayerNorm((256,), eps=1e-05, elementwise_affine=True)
      (net): Sequential(
        (0): Dropout(p=0.5, inplace=False)
        (1): Linear(in_features=256, out_features=256, bias=True)
      )
    )
  )
  (token_type_embeddings): Embedding(2, 256)
  (txtproj_encoder): TransformerEncoder(
    (layers): ModuleList(
      (0-1): 2 x TransformerEncoderLayer(
        (self_attn): MultiheadAttention(
          (out_proj): NonDynamicallyQuantizableLinear(in_features=256, out_features=256, bias=True)
        )
        (linear1): Linear(in_features=256, out_features=1024, bias=True)
        (dropout): Dropout(p=0.1, inplace=False)
        (linear2): Linear(in_features=1024, out_features=256, bias=True)
        (norm1): LayerNorm((256,), eps=1e-05, elementwise_affine=True)
        (norm2): LayerNorm((256,), eps=1e-05, elementwise_affine=True)
        (dropout1): DropPath()
        (dropout2): DropPath()
        (activation): PReLU(num_parameters=1)
      )
    )
  )
  (pyramid): ConvPyramid(
    (blocks): ModuleList(
      (0): ReLU(inplace=True)
      (1): Sequential(
        (0): Permute()
        (1): Conv1d(256, 256, kernel_size=(2,), stride=(2,))
        (2): Permute()
        (3): LayerNorm((256,), eps=1e-05, elementwise_affine=True)
        (4): ReLU(inplace=True)
      )
      (2): Sequential(
        (0): Permute()
        (1): Conv1d(256, 256, kernel_size=(2,), stride=(2,))
        (2): Permute()
        (3): LayerNorm((256,), eps=1e-05, elementwise_affine=True)
        (4): ReLU(inplace=True)
        (5): Permute()
        (6): Conv1d(256, 256, kernel_size=(2,), stride=(2,))
        (7): Permute()
        (8): LayerNorm((256,), eps=1e-05, elementwise_affine=True)
        (9): ReLU(inplace=True)
      )
      (3): Sequential(
        (0): Permute()
        (1): Conv1d(256, 256, kernel_size=(2,), stride=(2,))
        (2): Permute()
        (3): LayerNorm((256,), eps=1e-05, elementwise_affine=True)
        (4): ReLU(inplace=True)
        (5): Permute()
        (6): Conv1d(256, 256, kernel_size=(2,), stride=(2,))
        (7): Permute()
        (8): LayerNorm((256,), eps=1e-05, elementwise_affine=True)
        (9): ReLU(inplace=True)
        (10): Permute()
        (11): Conv1d(256, 256, kernel_size=(2,), stride=(2,))
        (12): Permute()
        (13): LayerNorm((256,), eps=1e-05, elementwise_affine=True)
        (14): ReLU(inplace=True)
      )
    )
  )
  (pooling): AdaPooling(
    (att): Linear(in_features=256, out_features=1, bias=False)
  )
  (conf_head): ConfidenceScorer(
    (convs): ModuleList(
      (0): Conv2d(256, 256, kernel_size=(1, 5), stride=(1, 1), padding=(0, 2))
    )
    (activations): ModuleList(
      (0): ReLU()
    )
    (fc): MLP(
      (layers): ModuleList(
        (0): Linear(in_features=256, out_features=128, bias=True)
        (1-3): 3 x Linear(in_features=128, out_features=128, bias=True)
        (4): Linear(in_features=128, out_features=1, bias=True)
      )
    )
  )
  (class_head): ConfidenceScorer(
    (convs): ModuleList(
      (0): Conv2d(256, 256, kernel_size=(1, 5), stride=(1, 1), padding=(0, 2))
    )
    (activations): ModuleList(
      (0): ReLU()
    )
    (fc): MLP(
      (layers): ModuleList(
        (0): Linear(in_features=256, out_features=128, bias=True)
        (1-3): 3 x Linear(in_features=128, out_features=128, bias=True)
        (4): Linear(in_features=128, out_features=1, bias=True)
      )
    )
  )
  (coord_head): ConvHead(
    (module): Sequential(
      (0): Permute()
      (1): Conv1d(256, 256, kernel_size=(3,), stride=(1,), padding=(1,))
      (2): ReLU(inplace=True)
      (3): Conv1d(256, 2, kernel_size=(3,), stride=(1,), padding=(1,))
      (4): Permute()
    )
  )
  (generator): PointGenerator(
    (buffer): BufferList()
  )
  (exist_head): Sequential(
    (0): Linear(in_features=512, out_features=256, bias=True)
    (1): ReLU(inplace=True)
    (2): Linear(in_features=256, out_features=1, bias=True)
  )
  (quality_head): FlashCandidateQualityHead(
    (net): Sequential(
      (0): LayerNorm((256,), eps=1e-05, elementwise_affine=True)
      (1): Linear(in_features=256, out_features=256, bias=True)
      (2): GELU(approximate='none')
      (3): Dropout(p=0.1, inplace=False)
      (4): Linear(in_features=256, out_features=1, bias=True)
    )
  )
  (zero_verifier_head): FlashIndependentZeroVerifier(
    (representation): Sequential(
      (0): LayerNorm((1280,), eps=1e-05, elementwise_affine=True)
      (1): Linear(in_features=1280, out_features=256, bias=True)
      (2): GELU(approximate='none')
      (3): Dropout(p=0.1, inplace=False)
    )
    (classifier): Sequential(
      (0): LayerNorm((267,), eps=1e-05, elementwise_affine=True)
      (1): Linear(in_features=267, out_features=256, bias=True)
      (2): GELU(approximate='none')
      (3): Dropout(p=0.1, inplace=False)
      (4): Linear(in_features=256, out_features=1, bias=True)
    )
  )
)
2026-07-23 13:01:39,559 - __main__ - INFO - Learnable Parameters:
2026-07-23 13:01:39,560 - __main__ - INFO - Learnable Parameters: 0.445M (4.215%)
2026-07-23 13:01:39,560 - __main__ - INFO - Start Training...
2026-07-23 13:01:39,560 - __main__ - INFO - CUDA enabled.
2026-07-23 13:01:39,585 - __main__ - INFO - [Epoch 1]
2026-07-23 13:01:42,528 - __main__ - INFO - 2026_07_23_13_01_42 [Epoch] 001 [Loss] loss_reg 0.2973 loss_cls 0.0307 loss_exist 0.6176 loss_quality 0.6931 loss_zero 0.6930 weighted_loss_overall 2.4545

2026-07-23 13:01:44,103 - __main__ - INFO - metrics_no_nms OrderedDict([   ('MR-full-R1@0.3', 57.14),
                ('MR-full-R1@0.5', 57.14),
                ('MR-full-R1@0.7', 42.86),
                ('MR-full-mAP', 39.57),
                ('MR-full-mAP@0.5', 61.9),
                ('MR-full-mAP@0.75', 49.66),
                ('MR-full-mIoU', 44.44),
                ('GMR-AUROC', 64.29),
                ('GMR-Rej-F1@0.4', 0.0),
                ('GMR-Acc@0.4', 50.0),
                ('GMR-Rej-F1@0.6', 66.67),
                ('GMR-Acc@0.6', 50.0),
                ('GMR-Rej-F1@0.8', 66.67),
                ('GMR-Acc@0.8', 50.0),
                ('GMR-G-mIoU@1', 22.22),
                ('GMR-G-mIoU@3', 7.41),
                ('GMR-G-mIoU@5', 4.44),
                ('GMR-mAP', 39.57),
                ('GMR-mR@1', 34.29),
                ('GMR-mR@3', 41.43),
                ('GMR-mR@5', 41.43),
                ('GMR-mR+@1', 0.0),
                ('GMR-mR+@3', 0.0),
                ('GMR-mR+@5', 0.0),
                ('GMR-mIoU@1', 44.44),
                ('GMR-mIoU@3', 44.44),
                ('GMR-mIoU@5', 44.44),
                ('GMR-mIoU+@1', 0.0),
                ('GMR-mIoU+@3', 0.0),
                ('GMR-mIoU+@5', 0.0)])
2026-07-23 13:01:44,103 - __main__ - INFO - metrics_nms OrderedDict([   ('MR-full-R1@0.3', 57.14),
                ('MR-full-R1@0.5', 57.14),
                ('MR-full-R1@0.7', 42.86),
                ('MR-full-mAP', 43.37),
                ('MR-full-mAP@0.5', 67.26),
                ('MR-full-mAP@0.75', 54.56),
                ('MR-full-mIoU', 44.44),
                ('GMR-AUROC', 64.29),
                ('GMR-Rej-F1@0.4', 0.0),
                ('GMR-Acc@0.4', 50.0),
                ('GMR-Rej-F1@0.6', 66.67),
                ('GMR-Acc@0.6', 50.0),
                ('GMR-Rej-F1@0.8', 66.67),
                ('GMR-Acc@0.8', 50.0),
                ('GMR-G-mIoU@1', 22.22),
                ('GMR-G-mIoU@3', 9.79),
                ('GMR-G-mIoU@5', 5.87),
                ('GMR-mAP', 43.37),
                ('GMR-mR@1', 34.29),
                ('GMR-mR@3', 52.86),
                ('GMR-mR@5', 52.86),
                ('GMR-mR+@1', 0.0),
                ('GMR-mR+@3', 0.0),
                ('GMR-mR+@5', 0.0),
                ('GMR-mIoU@1', 44.44),
                ('GMR-mIoU@3', 51.59),
                ('GMR-mIoU@5', 51.59),
                ('GMR-mIoU+@1', 0.0),
                ('GMR-mIoU+@3', 0.0),
                ('GMR-mIoU+@5', 0.0)])
2026-07-23 13:01:44,447 - __main__ - INFO - The checkpoint file has been updated.
