2026-07-23 14:48:24,345 - __main__ - INFO - Setup data and model...
2026-07-23 14:48:36,581 - __main__ - INFO - Model FlashVTG(
  (transformer): Transformer(
    (t2v_encoder): TransformerCATEEncoder(
      (layers): ModuleList(
        (0-5): 6 x T2V_TransformerEncoderLayer(
          (self_attn): MultiheadAttention(
            (out_proj): Linear(in_features=256, out_features=256, bias=True)
          )
          (linear1): Linear(in_features=256, out_features=1024, bias=True)
          (dropout): Dropout(p=0.1, inplace=False)
          (linear2): Linear(in_features=1024, out_features=256, bias=True)
          (norm1): LayerNorm((256,), eps=1e-05, elementwise_affine=True)
          (norm2): LayerNorm((256,), eps=1e-05, elementwise_affine=True)
          (dropout1): DropPath()
          (dropout2): DropPath()
          (activation): PReLU(num_parameters=1)
        )
      )
    )
    (encoder): TransformerEncoder(
      (layers): ModuleList(
        (0-2): 3 x TransformerEncoderLayer(
          (self_attn): MultiheadAttention(
            (out_proj): NonDynamicallyQuantizableLinear(in_features=256, out_features=256, bias=True)
          )
          (linear1): Linear(in_features=256, out_features=1024, bias=True)
          (dropout): Dropout(p=0.1, inplace=False)
          (linear2): Linear(in_features=1024, out_features=256, bias=True)
          (norm1): LayerNorm((256,), eps=1e-05, elementwise_affine=True)
          (norm2): LayerNorm((256,), eps=1e-05, elementwise_affine=True)
          (dropout1): DropPath()
          (dropout2): DropPath()
          (activation): PReLU(num_parameters=1)
        )
      )
    )
  )
  (position_embed): PositionEmbeddingSine()
  (txt_position_embed): TrainablePositionalEncoding(
    (position_embeddings): Embedding(40, 256)
    (LayerNorm): LayerNorm((256,), eps=1e-05, elementwise_affine=True)
    (dropout): Dropout(p=0.5, inplace=False)
  )
  (saliency_proj1): Linear(in_features=256, out_features=256, bias=True)
  (saliency_proj2): Linear(in_features=256, out_features=256, bias=True)
  (PositionEmbeddingSine): PositionEmbeddingSine()
  (input_txt_proj): Sequential(
    (0): LinearLayer(
      (LayerNorm): LayerNorm((512,), eps=1e-05, elementwise_affine=True)
      (net): Sequential(
        (0): Dropout(p=0.5, inplace=False)
        (1): Linear(in_features=512, out_features=256, bias=True)
      )
    )
    (1): LinearLayer(
      (LayerNorm): LayerNorm((256,), eps=1e-05, elementwise_affine=True)
      (net): Sequential(
        (0): Dropout(p=0.5, inplace=False)
        (1): Linear(in_features=256, out_features=256, bias=True)
      )
    )
  )
  (input_vid_proj): Sequential(
    (0): LinearLayer(
      (LayerNorm): LayerNorm((2818,), eps=1e-05, elementwise_affine=True)
      (net): Sequential(
        (0): Dropout(p=0.5, inplace=False)
        (1): Linear(in_features=2818, out_features=256, bias=True)
      )
    )
    (1): LinearLayer(
      (LayerNorm): LayerNorm((256,), eps=1e-05, elementwise_affine=True)
      (net): Sequential(
        (0): Dropout(p=0.5, inplace=False)
        (1): Linear(in_features=256, out_features=256, bias=True)
      )
    )
  )
  (token_type_embeddings): Embedding(2, 256)
  (txtproj_encoder): TransformerEncoder(
    (layers): ModuleList(
      (0-1): 2 x TransformerEncoderLayer(
        (self_attn): MultiheadAttention(
          (out_proj): NonDynamicallyQuantizableLinear(in_features=256, out_features=256, bias=True)
        )
        (linear1): Linear(in_features=256, out_features=1024, bias=True)
        (dropout): Dropout(p=0.1, inplace=False)
        (linear2): Linear(in_features=1024, out_features=256, bias=True)
        (norm1): LayerNorm((256,), eps=1e-05, elementwise_affine=True)
        (norm2): LayerNorm((256,), eps=1e-05, elementwise_affine=True)
        (dropout1): DropPath()
        (dropout2): DropPath()
        (activation): PReLU(num_parameters=1)
      )
    )
  )
  (pyramid): ConvPyramid(
    (blocks): ModuleList(
      (0): ReLU(inplace=True)
      (1): Sequential(
        (0): Permute()
        (1): Conv1d(256, 256, kernel_size=(2,), stride=(2,))
        (2): Permute()
        (3): LayerNorm((256,), eps=1e-05, elementwise_affine=True)
        (4): ReLU(inplace=True)
      )
      (2): Sequential(
        (0): Permute()
        (1): Conv1d(256, 256, kernel_size=(2,), stride=(2,))
        (2): Permute()
        (3): LayerNorm((256,), eps=1e-05, elementwise_affine=True)
        (4): ReLU(inplace=True)
        (5): Permute()
        (6): Conv1d(256, 256, kernel_size=(2,), stride=(2,))
        (7): Permute()
        (8): LayerNorm((256,), eps=1e-05, elementwise_affine=True)
        (9): ReLU(inplace=True)
      )
      (3): Sequential(
        (0): Permute()
        (1): Conv1d(256, 256, kernel_size=(2,), stride=(2,))
        (2): Permute()
        (3): LayerNorm((256,), eps=1e-05, elementwise_affine=True)
        (4): ReLU(inplace=True)
        (5): Permute()
        (6): Conv1d(256, 256, kernel_size=(2,), stride=(2,))
        (7): Permute()
        (8): LayerNorm((256,), eps=1e-05, elementwise_affine=True)
        (9): ReLU(inplace=True)
        (10): Permute()
        (11): Conv1d(256, 256, kernel_size=(2,), stride=(2,))
        (12): Permute()
        (13): LayerNorm((256,), eps=1e-05, elementwise_affine=True)
        (14): ReLU(inplace=True)
      )
    )
  )
  (pooling): AdaPooling(
    (att): Linear(in_features=256, out_features=1, bias=False)
  )
  (conf_head): ConfidenceScorer(
    (convs): ModuleList(
      (0): Conv2d(256, 256, kernel_size=(1, 5), stride=(1, 1), padding=(0, 2))
    )
    (activations): ModuleList(
      (0): ReLU()
    )
    (fc): MLP(
      (layers): ModuleList(
        (0): Linear(in_features=256, out_features=128, bias=True)
        (1-3): 3 x Linear(in_features=128, out_features=128, bias=True)
        (4): Linear(in_features=128, out_features=1, bias=True)
      )
    )
  )
  (class_head): ConfidenceScorer(
    (convs): ModuleList(
      (0): Conv2d(256, 256, kernel_size=(1, 5), stride=(1, 1), padding=(0, 2))
    )
    (activations): ModuleList(
      (0): ReLU()
    )
    (fc): MLP(
      (layers): ModuleList(
        (0): Linear(in_features=256, out_features=128, bias=True)
        (1-3): 3 x Linear(in_features=128, out_features=128, bias=True)
        (4): Linear(in_features=128, out_features=1, bias=True)
      )
    )
  )
  (coord_head): ConvHead(
    (module): Sequential(
      (0): Permute()
      (1): Conv1d(256, 256, kernel_size=(3,), stride=(1,), padding=(1,))
      (2): ReLU(inplace=True)
      (3): Conv1d(256, 2, kernel_size=(3,), stride=(1,), padding=(1,))
      (4): Permute()
    )
  )
  (generator): PointGenerator(
    (buffer): BufferList()
  )
  (exist_head): Sequential(
    (0): Linear(in_features=512, out_features=256, bias=True)
    (1): ReLU(inplace=True)
    (2): Linear(in_features=256, out_features=1, bias=True)
  )
  (quality_head): FlashCandidateQualityHead(
    (net): Sequential(
      (0): LayerNorm((256,), eps=1e-05, elementwise_affine=True)
      (1): Linear(in_features=256, out_features=256, bias=True)
      (2): GELU(approximate='none')
      (3): Dropout(p=0.1, inplace=False)
      (4): Linear(in_features=256, out_features=1, bias=True)
    )
  )
  (zero_verifier_head): FlashIndependentZeroVerifier(
    (representation): Sequential(
      (0): LayerNorm((1280,), eps=1e-05, elementwise_affine=True)
      (1): Linear(in_features=1280, out_features=256, bias=True)
      (2): GELU(approximate='none')
      (3): Dropout(p=0.1, inplace=False)
    )
    (classifier): Sequential(
      (0): LayerNorm((267,), eps=1e-05, elementwise_affine=True)
      (1): Linear(in_features=267, out_features=256, bias=True)
      (2): GELU(approximate='none')
      (3): Dropout(p=0.1, inplace=False)
      (4): Linear(in_features=256, out_features=1, bias=True)
    )
  )
)
2026-07-23 14:48:36,581 - __main__ - INFO - Learnable Parameters:
2026-07-23 14:48:36,582 - __main__ - INFO - Learnable Parameters: 0.381M (3.613%)
2026-07-23 14:48:36,582 - __main__ - INFO - Start Training...
2026-07-23 14:48:36,582 - __main__ - INFO - CUDA enabled.
2026-07-23 14:48:36,601 - __main__ - INFO - [Epoch 1]
2026-07-23 14:48:49,121 - __main__ - INFO - 2026_07_23_14_48_49 [Epoch] 001 [Loss] loss_reg 0.2988 loss_cls 0.0238 loss_exist 0.5401 loss_quality 0.4935 loss_zero 0.6906 weighted_loss_overall 2.1417

2026-07-23 14:48:49,234 - __main__ - INFO - [Epoch 2]
2026-07-23 14:48:59,013 - __main__ - INFO - 2026_07_23_14_48_59 [Epoch] 002 [Loss] loss_reg 0.3020 loss_cls 0.0240 loss_exist 0.5404 loss_quality 0.4928 loss_zero 0.6779 weighted_loss_overall 2.1328

2026-07-23 14:48:59,121 - __main__ - INFO - [Epoch 3]
2026-07-23 14:49:09,009 - __main__ - INFO - 2026_07_23_14_49_09 [Epoch] 003 [Loss] loss_reg 0.3012 loss_cls 0.0239 loss_exist 0.5447 loss_quality 0.4935 loss_zero 0.6570 weighted_loss_overall 2.1156

2026-07-23 14:49:09,108 - __main__ - INFO - [Epoch 4]
2026-07-23 14:49:18,456 - __main__ - INFO - 2026_07_23_14_49_18 [Epoch] 004 [Loss] loss_reg 0.3027 loss_cls 0.0240 loss_exist 0.5436 loss_quality 0.4926 loss_zero 0.6309 weighted_loss_overall 2.0896

2026-07-23 14:49:18,556 - __main__ - INFO - [Epoch 5]
2026-07-23 14:49:28,311 - __main__ - INFO - 2026_07_23_14_49_28 [Epoch] 005 [Loss] loss_reg 0.3013 loss_cls 0.0240 loss_exist 0.5425 loss_quality 0.4948 loss_zero 0.6054 weighted_loss_overall 2.0643

2026-07-23 14:49:52,883 - __main__ - INFO - metrics_no_nms OrderedDict([   ('MR-full-R1@0.3', 49.02),
                ('MR-full-R1@0.5', 39.22),
                ('MR-full-R1@0.7', 23.92),
                ('MR-full-mAP', 26.67),
                ('MR-full-mAP@0.5', 46.66),
                ('MR-full-mAP@0.75', 29.79),
                ('MR-full-mIoU', 34.37),
                ('GMR-AUROC', 74.27),
                ('GMR-Rej-F1@0.4', 61.34),
                ('GMR-Acc@0.4', 67.74),
                ('GMR-Rej-F1@0.6', 69.52),
                ('GMR-Acc@0.6', 64.73),
                ('GMR-Rej-F1@0.8', 70.67),
                ('GMR-Acc@0.8', 63.23),
                ('GMR-G-mIoU@1', 38.28),
                ('GMR-G-mIoU@3', 31.92),
                ('GMR-G-mIoU@5', 29.43),
                ('GMR-mAP', 26.67),
                ('GMR-mR@1', 16.58),
                ('GMR-mR@3', 29.92),
                ('GMR-mR@5', 37.61),
                ('GMR-mR+@1', 0.0),
                ('GMR-mR+@3', 9.09),
                ('GMR-mR+@5', 14.8),
                ('GMR-mIoU@1', 34.37),
                ('GMR-mIoU@3', 30.54),
                ('GMR-mIoU@5', 30.42),
                ('GMR-mIoU+@1', 0.0),
                ('GMR-mIoU+@3', 11.97),
                ('GMR-mIoU+@5', 11.64)])
2026-07-23 14:49:52,884 - __main__ - INFO - metrics_nms OrderedDict([   ('MR-full-R1@0.3', 49.02),
                ('MR-full-R1@0.5', 38.82),
                ('MR-full-R1@0.7', 23.92),
                ('MR-full-mAP', 28.06),
                ('MR-full-mAP@0.5', 48.84),
                ('MR-full-mAP@0.75', 31.67),
                ('MR-full-mIoU', 34.42),
                ('GMR-AUROC', 74.27),
                ('GMR-Rej-F1@0.4', 61.34),
                ('GMR-Acc@0.4', 67.74),
                ('GMR-Rej-F1@0.6', 69.52),
                ('GMR-Acc@0.6', 64.73),
                ('GMR-Rej-F1@0.8', 70.67),
                ('GMR-Acc@0.8', 63.23),
                ('GMR-G-mIoU@1', 38.28),
                ('GMR-G-mIoU@3', 32.22),
                ('GMR-G-mIoU@5', 29.61),
                ('GMR-mAP', 28.06),
                ('GMR-mR@1', 16.54),
                ('GMR-mR@3', 31.66),
                ('GMR-mR@5', 39.9),
                ('GMR-mR+@1', 0.0),
                ('GMR-mR+@3', 10.2),
                ('GMR-mR+@5', 17.72),
                ('GMR-mIoU@1', 34.42),
                ('GMR-mIoU@3', 31.55),
                ('GMR-mIoU@5', 31.43),
                ('GMR-mIoU+@1', 0.0),
                ('GMR-mIoU+@3', 13.44),
                ('GMR-mIoU+@5', 13.11)])
2026-07-23 14:49:53,267 - __main__ - INFO - The checkpoint file has been updated.
2026-07-23 14:49:53,349 - __main__ - INFO - [Epoch 6]
2026-07-23 14:50:02,865 - __main__ - INFO - 2026_07_23_14_50_02 [Epoch] 006 [Loss] loss_reg 0.3066 loss_cls 0.0240 loss_exist 0.5393 loss_quality 0.4934 loss_zero 0.5822 weighted_loss_overall 2.0414

2026-07-23 14:50:02,946 - __main__ - INFO - [Epoch 7]
2026-07-23 14:50:11,731 - __main__ - INFO - 2026_07_23_14_50_11 [Epoch] 007 [Loss] loss_reg 0.3031 loss_cls 0.0240 loss_exist 0.5444 loss_quality 0.4937 loss_zero 0.5710 weighted_loss_overall 2.0321

2026-07-23 14:50:11,817 - __main__ - INFO - [Epoch 8]
2026-07-23 14:50:20,878 - __main__ - INFO - 2026_07_23_14_50_20 [Epoch] 008 [Loss] loss_reg 0.3033 loss_cls 0.0241 loss_exist 0.5430 loss_quality 0.4929 loss_zero 0.5593 weighted_loss_overall 2.0188

2026-07-23 14:50:20,961 - __main__ - INFO - [Epoch 9]
2026-07-23 14:50:30,242 - __main__ - INFO - 2026_07_23_14_50_30 [Epoch] 009 [Loss] loss_reg 0.3043 loss_cls 0.0241 loss_exist 0.5452 loss_quality 0.4935 loss_zero 0.5584 weighted_loss_overall 2.0220

2026-07-23 14:50:30,341 - __main__ - INFO - [Epoch 10]
2026-07-23 14:50:39,677 - __main__ - INFO - 2026_07_23_14_50_39 [Epoch] 010 [Loss] loss_reg 0.3032 loss_cls 0.0239 loss_exist 0.5403 loss_quality 0.4930 loss_zero 0.5517 weighted_loss_overall 2.0076

2026-07-23 14:51:02,981 - __main__ - INFO - metrics_no_nms OrderedDict([   ('MR-full-R1@0.3', 49.02),
                ('MR-full-R1@0.5', 39.22),
                ('MR-full-R1@0.7', 23.92),
                ('MR-full-mAP', 26.67),
                ('MR-full-mAP@0.5', 46.66),
                ('MR-full-mAP@0.75', 29.79),
                ('MR-full-mIoU', 34.37),
                ('GMR-AUROC', 73.85),
                ('GMR-Rej-F1@0.4', 61.19),
                ('GMR-Acc@0.4', 66.45),
                ('GMR-Rej-F1@0.6', 69.52),
                ('GMR-Acc@0.6', 64.73),
                ('GMR-Rej-F1@0.8', 70.45),
                ('GMR-Acc@0.8', 63.01),
                ('GMR-G-mIoU@1', 38.3),
                ('GMR-G-mIoU@3', 32.43),
                ('GMR-G-mIoU@5', 30.08),
                ('GMR-mAP', 26.67),
                ('GMR-mR@1', 16.58),
                ('GMR-mR@3', 29.92),
                ('GMR-mR@5', 37.61),
                ('GMR-mR+@1', 0.0),
                ('GMR-mR+@3', 9.09),
                ('GMR-mR+@5', 14.8),
                ('GMR-mIoU@1', 34.37),
                ('GMR-mIoU@3', 30.54),
                ('GMR-mIoU@5', 30.42),
                ('GMR-mIoU+@1', 0.0),
                ('GMR-mIoU+@3', 11.97),
                ('GMR-mIoU+@5', 11.64)])
2026-07-23 14:51:02,981 - __main__ - INFO - metrics_nms OrderedDict([   ('MR-full-R1@0.3', 49.02),
                ('MR-full-R1@0.5', 38.82),
                ('MR-full-R1@0.7', 23.92),
                ('MR-full-mAP', 28.06),
                ('MR-full-mAP@0.5', 48.84),
                ('MR-full-mAP@0.75', 31.67),
                ('MR-full-mIoU', 34.42),
                ('GMR-AUROC', 73.85),
                ('GMR-Rej-F1@0.4', 61.19),
                ('GMR-Acc@0.4', 66.45),
                ('GMR-Rej-F1@0.6', 69.52),
                ('GMR-Acc@0.6', 64.73),
                ('GMR-Rej-F1@0.8', 70.45),
                ('GMR-Acc@0.8', 63.01),
                ('GMR-G-mIoU@1', 38.3),
                ('GMR-G-mIoU@3', 32.75),
                ('GMR-G-mIoU@5', 30.27),
                ('GMR-mAP', 28.06),
                ('GMR-mR@1', 16.54),
                ('GMR-mR@3', 31.66),
                ('GMR-mR@5', 39.9),
                ('GMR-mR+@1', 0.0),
                ('GMR-mR+@3', 10.2),
                ('GMR-mR+@5', 17.72),
                ('GMR-mIoU@1', 34.42),
                ('GMR-mIoU@3', 31.55),
                ('GMR-mIoU@5', 31.43),
                ('GMR-mIoU+@1', 0.0),
                ('GMR-mIoU+@3', 13.44),
                ('GMR-mIoU+@5', 13.11)])
2026-07-23 14:51:03,292 - __main__ - INFO - The checkpoint file has been updated.
2026-07-23 14:51:03,382 - __main__ - INFO - [Epoch 11]
2026-07-23 14:51:13,477 - __main__ - INFO - 2026_07_23_14_51_13 [Epoch] 011 [Loss] loss_reg 0.3023 loss_cls 0.0240 loss_exist 0.5415 loss_quality 0.4934 loss_zero 0.5504 weighted_loss_overall 2.0075

2026-07-23 14:51:13,754 - __main__ - INFO - [Epoch 12]
2026-07-23 14:51:22,847 - __main__ - INFO - 2026_07_23_14_51_22 [Epoch] 012 [Loss] loss_reg 0.3015 loss_cls 0.0240 loss_exist 0.5413 loss_quality 0.4933 loss_zero 0.5479 weighted_loss_overall 2.0042

2026-07-23 14:51:22,935 - __main__ - INFO - [Epoch 13]
2026-07-23 14:51:31,474 - __main__ - INFO - 2026_07_23_14_51_31 [Epoch] 013 [Loss] loss_reg 0.3043 loss_cls 0.0240 loss_exist 0.5439 loss_quality 0.4941 loss_zero 0.5483 weighted_loss_overall 2.0109

2026-07-23 14:51:31,560 - __main__ - INFO - [Epoch 14]
2026-07-23 14:51:40,212 - __main__ - INFO - 2026_07_23_14_51_40 [Epoch] 014 [Loss] loss_reg 0.2991 loss_cls 0.0238 loss_exist 0.5427 loss_quality 0.4929 loss_zero 0.5468 weighted_loss_overall 2.0003

2026-07-23 14:51:40,294 - __main__ - INFO - [Epoch 15]
2026-07-23 14:51:49,635 - __main__ - INFO - 2026_07_23_14_51_49 [Epoch] 015 [Loss] loss_reg 0.2994 loss_cls 0.0238 loss_exist 0.5420 loss_quality 0.4938 loss_zero 0.5464 weighted_loss_overall 2.0005

2026-07-23 14:52:13,695 - __main__ - INFO - metrics_no_nms OrderedDict([   ('MR-full-R1@0.3', 49.02),
                ('MR-full-R1@0.5', 39.22),
                ('MR-full-R1@0.7', 23.92),
                ('MR-full-mAP', 26.67),
                ('MR-full-mAP@0.5', 46.66),
                ('MR-full-mAP@0.75', 29.79),
                ('MR-full-mIoU', 34.37),
                ('GMR-AUROC', 73.32),
                ('GMR-Rej-F1@0.4', 54.45),
                ('GMR-Acc@0.4', 63.66),
                ('GMR-Rej-F1@0.6', 69.52),
                ('GMR-Acc@0.6', 64.73),
                ('GMR-Rej-F1@0.8', 70.79),
                ('GMR-Acc@0.8', 63.44),
                ('GMR-G-mIoU@1', 33.95),
                ('GMR-G-mIoU@3', 27.92),
                ('GMR-G-mIoU@5', 25.48),
                ('GMR-mAP', 26.67),
                ('GMR-mR@1', 16.58),
                ('GMR-mR@3', 29.92),
                ('GMR-mR@5', 37.61),
                ('GMR-mR+@1', 0.0),
                ('GMR-mR+@3', 9.09),
                ('GMR-mR+@5', 14.8),
                ('GMR-mIoU@1', 34.37),
                ('GMR-mIoU@3', 30.54),
                ('GMR-mIoU@5', 30.42),
                ('GMR-mIoU+@1', 0.0),
                ('GMR-mIoU+@3', 11.97),
                ('GMR-mIoU+@5', 11.64)])
2026-07-23 14:52:13,695 - __main__ - INFO - metrics_nms OrderedDict([   ('MR-full-R1@0.3', 49.02),
                ('MR-full-R1@0.5', 38.43),
                ('MR-full-R1@0.7', 23.53),
                ('MR-full-mAP', 28.03),
                ('MR-full-mAP@0.5', 48.8),
                ('MR-full-mAP@0.75', 31.63),
                ('MR-full-mIoU', 34.31),
                ('GMR-AUROC', 73.32),
                ('GMR-Rej-F1@0.4', 54.45),
                ('GMR-Acc@0.4', 63.66),
                ('GMR-Rej-F1@0.6', 69.52),
                ('GMR-Acc@0.6', 64.73),
                ('GMR-Rej-F1@0.8', 70.79),
                ('GMR-Acc@0.8', 63.44),
                ('GMR-G-mIoU@1', 33.93),
                ('GMR-G-mIoU@3', 28.22),
                ('GMR-G-mIoU@5', 25.66),
                ('GMR-mAP', 28.03),
                ('GMR-mR@1', 16.46),
                ('GMR-mR@3', 31.66),
                ('GMR-mR@5', 39.9),
                ('GMR-mR+@1', 0.0),
                ('GMR-mR+@3', 10.2),
                ('GMR-mR+@5', 17.72),
                ('GMR-mIoU@1', 34.31),
                ('GMR-mIoU@3', 31.51),
                ('GMR-mIoU@5', 31.39),
                ('GMR-mIoU+@1', 0.0),
                ('GMR-mIoU+@3', 13.44),
                ('GMR-mIoU+@5', 13.11)])
2026-07-23 14:52:14,033 - __main__ - INFO - [Epoch 16]
2026-07-23 14:52:23,514 - __main__ - INFO - 2026_07_23_14_52_23 [Epoch] 016 [Loss] loss_reg 0.3005 loss_cls 0.0239 loss_exist 0.5419 loss_quality 0.4938 loss_zero 0.5450 weighted_loss_overall 2.0008

2026-07-23 14:52:23,597 - __main__ - INFO - [Epoch 17]
2026-07-23 14:52:32,328 - __main__ - INFO - 2026_07_23_14_52_32 [Epoch] 017 [Loss] loss_reg 0.3048 loss_cls 0.0238 loss_exist 0.5422 loss_quality 0.4931 loss_zero 0.5435 weighted_loss_overall 2.0027

2026-07-23 14:52:32,443 - __main__ - INFO - [Epoch 18]
2026-07-23 14:52:41,328 - __main__ - INFO - 2026_07_23_14_52_41 [Epoch] 018 [Loss] loss_reg 0.3012 loss_cls 0.0241 loss_exist 0.5393 loss_quality 0.4947 loss_zero 0.5425 weighted_loss_overall 1.9981

2026-07-23 14:52:41,666 - __main__ - INFO - [Epoch 19]
2026-07-23 14:52:50,863 - __main__ - INFO - 2026_07_23_14_52_50 [Epoch] 019 [Loss] loss_reg 0.3038 loss_cls 0.0240 loss_exist 0.5421 loss_quality 0.4932 loss_zero 0.5452 weighted_loss_overall 2.0045

2026-07-23 14:52:50,982 - __main__ - INFO - [Epoch 20]
2026-07-23 14:52:59,557 - __main__ - INFO - 2026_07_23_14_52_59 [Epoch] 020 [Loss] loss_reg 0.3029 loss_cls 0.0240 loss_exist 0.5418 loss_quality 0.4943 loss_zero 0.5414 weighted_loss_overall 2.0003

2026-07-23 14:53:23,310 - __main__ - INFO - metrics_no_nms OrderedDict([   ('MR-full-R1@0.3', 49.02),
                ('MR-full-R1@0.5', 39.22),
                ('MR-full-R1@0.7', 23.92),
                ('MR-full-mAP', 26.67),
                ('MR-full-mAP@0.5', 46.66),
                ('MR-full-mAP@0.75', 29.79),
                ('MR-full-mIoU', 34.37),
                ('GMR-AUROC', 73.41),
                ('GMR-Rej-F1@0.4', 55.23),
                ('GMR-Acc@0.4', 64.09),
                ('GMR-Rej-F1@0.6', 69.52),
                ('GMR-Acc@0.6', 64.73),
                ('GMR-Rej-F1@0.8', 70.67),
                ('GMR-Acc@0.8', 63.23),
                ('GMR-G-mIoU@1', 34.57),
                ('GMR-G-mIoU@3', 28.42),
                ('GMR-G-mIoU@5', 25.95),
                ('GMR-mAP', 26.67),
                ('GMR-mR@1', 16.58),
                ('GMR-mR@3', 29.92),
                ('GMR-mR@5', 37.61),
                ('GMR-mR+@1', 0.0),
                ('GMR-mR+@3', 9.09),
                ('GMR-mR+@5', 14.8),
                ('GMR-mIoU@1', 34.37),
                ('GMR-mIoU@3', 30.54),
                ('GMR-mIoU@5', 30.42),
                ('GMR-mIoU+@1', 0.0),
                ('GMR-mIoU+@3', 11.97),
                ('GMR-mIoU+@5', 11.64)])
2026-07-23 14:53:23,311 - __main__ - INFO - metrics_nms OrderedDict([   ('MR-full-R1@0.3', 49.02),
                ('MR-full-R1@0.5', 38.43),
                ('MR-full-R1@0.7', 23.53),
                ('MR-full-mAP', 28.03),
                ('MR-full-mAP@0.5', 48.8),
                ('MR-full-mAP@0.75', 31.63),
                ('MR-full-mIoU', 34.31),
                ('GMR-AUROC', 73.41),
                ('GMR-Rej-F1@0.4', 55.23),
                ('GMR-Acc@0.4', 64.09),
                ('GMR-Rej-F1@0.6', 69.52),
                ('GMR-Acc@0.6', 64.73),
                ('GMR-Rej-F1@0.8', 70.67),
                ('GMR-Acc@0.8', 63.23),
                ('GMR-G-mIoU@1', 34.55),
                ('GMR-G-mIoU@3', 28.71),
                ('GMR-G-mIoU@5', 26.13),
                ('GMR-mAP', 28.03),
                ('GMR-mR@1', 16.46),
                ('GMR-mR@3', 31.66),
                ('GMR-mR@5', 39.9),
                ('GMR-mR+@1', 0.0),
                ('GMR-mR+@3', 10.2),
                ('GMR-mR+@5', 17.72),
                ('GMR-mIoU@1', 34.31),
                ('GMR-mIoU@3', 31.51),
                ('GMR-mIoU@5', 31.39),
                ('GMR-mIoU+@1', 0.0),
                ('GMR-mIoU+@3', 13.44),
                ('GMR-mIoU+@5', 13.11)])
2026-07-23 14:53:23,433 - __main__ - INFO - [Epoch 21]
2026-07-23 14:53:32,221 - __main__ - INFO - 2026_07_23_14_53_32 [Epoch] 021 [Loss] loss_reg 0.3009 loss_cls 0.0240 loss_exist 0.5413 loss_quality 0.4939 loss_zero 0.5407 weighted_loss_overall 1.9966

2026-07-23 14:53:32,307 - __main__ - INFO - [Epoch 22]
2026-07-23 14:53:41,166 - __main__ - INFO - 2026_07_23_14_53_41 [Epoch] 022 [Loss] loss_reg 0.3050 loss_cls 0.0240 loss_exist 0.5453 loss_quality 0.4947 loss_zero 0.5456 weighted_loss_overall 2.0106

2026-07-23 14:53:41,266 - __main__ - INFO - [Epoch 23]
2026-07-23 14:53:49,724 - __main__ - INFO - 2026_07_23_14_53_49 [Epoch] 023 [Loss] loss_reg 0.2985 loss_cls 0.0238 loss_exist 0.5413 loss_quality 0.4928 loss_zero 0.5403 weighted_loss_overall 1.9918

2026-07-23 14:53:49,846 - __main__ - INFO - [Epoch 24]
2026-07-23 14:53:58,504 - __main__ - INFO - 2026_07_23_14_53_58 [Epoch] 024 [Loss] loss_reg 0.3004 loss_cls 0.0240 loss_exist 0.5420 loss_quality 0.4930 loss_zero 0.5419 weighted_loss_overall 1.9970

2026-07-23 14:53:58,583 - __main__ - INFO - [Epoch 25]
2026-07-23 14:54:08,013 - __main__ - INFO - 2026_07_23_14_54_08 [Epoch] 025 [Loss] loss_reg 0.3027 loss_cls 0.0239 loss_exist 0.5421 loss_quality 0.4928 loss_zero 0.5407 weighted_loss_overall 1.9977

2026-07-23 14:54:35,180 - __main__ - INFO - metrics_no_nms OrderedDict([   ('MR-full-R1@0.3', 49.02),
                ('MR-full-R1@0.5', 39.22),
                ('MR-full-R1@0.7', 23.92),
                ('MR-full-mAP', 26.67),
                ('MR-full-mAP@0.5', 46.66),
                ('MR-full-mAP@0.75', 29.79),
                ('MR-full-mIoU', 34.37),
                ('GMR-AUROC', 73.43),
                ('GMR-Rej-F1@0.4', 53.19),
                ('GMR-Acc@0.4', 63.66),
                ('GMR-Rej-F1@0.6', 69.52),
                ('GMR-Acc@0.6', 64.73),
                ('GMR-Rej-F1@0.8', 70.67),
                ('GMR-Acc@0.8', 63.23),
                ('GMR-G-mIoU@1', 33.06),
                ('GMR-G-mIoU@3', 26.91),
                ('GMR-G-mIoU@5', 24.45),
                ('GMR-mAP', 26.67),
                ('GMR-mR@1', 16.58),
                ('GMR-mR@3', 29.92),
                ('GMR-mR@5', 37.61),
                ('GMR-mR+@1', 0.0),
                ('GMR-mR+@3', 9.09),
                ('GMR-mR+@5', 14.8),
                ('GMR-mIoU@1', 34.37),
                ('GMR-mIoU@3', 30.54),
                ('GMR-mIoU@5', 30.42),
                ('GMR-mIoU+@1', 0.0),
                ('GMR-mIoU+@3', 11.97),
                ('GMR-mIoU+@5', 11.64)])
2026-07-23 14:54:35,180 - __main__ - INFO - metrics_nms OrderedDict([   ('MR-full-R1@0.3', 49.02),
                ('MR-full-R1@0.5', 38.82),
                ('MR-full-R1@0.7', 23.92),
                ('MR-full-mAP', 28.06),
                ('MR-full-mAP@0.5', 48.84),
                ('MR-full-mAP@0.75', 31.67),
                ('MR-full-mIoU', 34.42),
                ('GMR-AUROC', 73.43),
                ('GMR-Rej-F1@0.4', 53.19),
                ('GMR-Acc@0.4', 63.66),
                ('GMR-Rej-F1@0.6', 69.52),
                ('GMR-Acc@0.6', 64.73),
                ('GMR-Rej-F1@0.8', 70.67),
                ('GMR-Acc@0.8', 63.23),
                ('GMR-G-mIoU@1', 33.06),
                ('GMR-G-mIoU@3', 27.23),
                ('GMR-G-mIoU@5', 24.64),
                ('GMR-mAP', 28.06),
                ('GMR-mR@1', 16.54),
                ('GMR-mR@3', 31.66),
                ('GMR-mR@5', 39.9),
                ('GMR-mR+@1', 0.0),
                ('GMR-mR+@3', 10.2),
                ('GMR-mR+@5', 17.72),
                ('GMR-mIoU@1', 34.42),
                ('GMR-mIoU@3', 31.55),
                ('GMR-mIoU@5', 31.43),
                ('GMR-mIoU+@1', 0.0),
                ('GMR-mIoU+@3', 13.44),
                ('GMR-mIoU+@5', 13.11)])
2026-07-23 14:54:35,268 - __main__ - INFO - [Epoch 26]
2026-07-23 14:54:44,175 - __main__ - INFO - 2026_07_23_14_54_44 [Epoch] 026 [Loss] loss_reg 0.3001 loss_cls 0.0240 loss_exist 0.5459 loss_quality 0.4942 loss_zero 0.5436 weighted_loss_overall 2.0040

2026-07-23 14:54:44,293 - __main__ - INFO - [Epoch 27]
2026-07-23 14:54:52,919 - __main__ - INFO - 2026_07_23_14_54_52 [Epoch] 027 [Loss] loss_reg 0.3036 loss_cls 0.0239 loss_exist 0.5418 loss_quality 0.4932 loss_zero 0.5423 weighted_loss_overall 2.0004

2026-07-23 14:54:53,027 - __main__ - INFO - [Epoch 28]
2026-07-23 14:55:01,852 - __main__ - INFO - 2026_07_23_14_55_01 [Epoch] 028 [Loss] loss_reg 0.3013 loss_cls 0.0241 loss_exist 0.5454 loss_quality 0.4932 loss_zero 0.5450 weighted_loss_overall 2.0051

2026-07-23 14:55:01,935 - __main__ - INFO - [Epoch 29]
2026-07-23 14:55:10,624 - __main__ - INFO - 2026_07_23_14_55_10 [Epoch] 029 [Loss] loss_reg 0.3006 loss_cls 0.0240 loss_exist 0.5441 loss_quality 0.4949 loss_zero 0.5421 weighted_loss_overall 2.0019

2026-07-23 14:55:10,705 - __main__ - INFO - [Epoch 30]
2026-07-23 14:55:18,772 - __main__ - INFO - 2026_07_23_14_55_18 [Epoch] 030 [Loss] loss_reg 0.3013 loss_cls 0.0239 loss_exist 0.5434 loss_quality 0.4945 loss_zero 0.5417 weighted_loss_overall 2.0004

2026-07-23 14:55:41,716 - __main__ - INFO - metrics_no_nms OrderedDict([   ('MR-full-R1@0.3', 49.02),
                ('MR-full-R1@0.5', 39.22),
                ('MR-full-R1@0.7', 23.92),
                ('MR-full-mAP', 26.67),
                ('MR-full-mAP@0.5', 46.66),
                ('MR-full-mAP@0.75', 29.79),
                ('MR-full-mIoU', 34.37),
                ('GMR-AUROC', 73.58),
                ('GMR-Rej-F1@0.4', 52.92),
                ('GMR-Acc@0.4', 63.66),
                ('GMR-Rej-F1@0.6', 69.52),
                ('GMR-Acc@0.6', 64.73),
                ('GMR-Rej-F1@0.8', 70.67),
                ('GMR-Acc@0.8', 63.23),
                ('GMR-G-mIoU@1', 32.58),
                ('GMR-G-mIoU@3', 26.51),
                ('GMR-G-mIoU@5', 24.12),
                ('GMR-mAP', 26.67),
                ('GMR-mR@1', 16.58),
                ('GMR-mR@3', 29.92),
                ('GMR-mR@5', 37.61),
                ('GMR-mR+@1', 0.0),
                ('GMR-mR+@3', 9.09),
                ('GMR-mR+@5', 14.8),
                ('GMR-mIoU@1', 34.37),
                ('GMR-mIoU@3', 30.54),
                ('GMR-mIoU@5', 30.42),
                ('GMR-mIoU+@1', 0.0),
                ('GMR-mIoU+@3', 11.97),
                ('GMR-mIoU+@5', 11.64)])
2026-07-23 14:55:41,716 - __main__ - INFO - metrics_nms OrderedDict([   ('MR-full-R1@0.3', 49.02),
                ('MR-full-R1@0.5', 38.82),
                ('MR-full-R1@0.7', 23.92),
                ('MR-full-mAP', 28.06),
                ('MR-full-mAP@0.5', 48.84),
                ('MR-full-mAP@0.75', 31.67),
                ('MR-full-mIoU', 34.42),
                ('GMR-AUROC', 73.58),
                ('GMR-Rej-F1@0.4', 52.92),
                ('GMR-Acc@0.4', 63.66),
                ('GMR-Rej-F1@0.6', 69.52),
                ('GMR-Acc@0.6', 64.73),
                ('GMR-Rej-F1@0.8', 70.67),
                ('GMR-Acc@0.8', 63.23),
                ('GMR-G-mIoU@1', 32.58),
                ('GMR-G-mIoU@3', 26.83),
                ('GMR-G-mIoU@5', 24.31),
                ('GMR-mAP', 28.06),
                ('GMR-mR@1', 16.54),
                ('GMR-mR@3', 31.66),
                ('GMR-mR@5', 39.9),
                ('GMR-mR+@1', 0.0),
                ('GMR-mR+@3', 10.2),
                ('GMR-mR+@5', 17.72),
                ('GMR-mIoU@1', 34.42),
                ('GMR-mIoU@3', 31.55),
                ('GMR-mIoU@5', 31.43),
                ('GMR-mIoU+@1', 0.0),
                ('GMR-mIoU+@3', 13.44),
                ('GMR-mIoU+@5', 13.11)])
2026-07-23 14:55:41,806 - __main__ - INFO - [Epoch 31]
2026-07-23 14:55:50,437 - __main__ - INFO - 2026_07_23_14_55_50 [Epoch] 031 [Loss] loss_reg 0.3016 loss_cls 0.0239 loss_exist 0.5434 loss_quality 0.4923 loss_zero 0.5393 weighted_loss_overall 1.9961

2026-07-23 14:55:50,525 - __main__ - INFO - [Epoch 32]
2026-07-23 14:55:58,903 - __main__ - INFO - 2026_07_23_14_55_58 [Epoch] 032 [Loss] loss_reg 0.3009 loss_cls 0.0239 loss_exist 0.5421 loss_quality 0.4926 loss_zero 0.5397 weighted_loss_overall 1.9947

2026-07-23 14:55:58,987 - __main__ - INFO - [Epoch 33]
2026-07-23 14:56:06,931 - __main__ - INFO - 2026_07_23_14_56_06 [Epoch] 033 [Loss] loss_reg 0.3037 loss_cls 0.0240 loss_exist 0.5418 loss_quality 0.4937 loss_zero 0.5391 weighted_loss_overall 1.9984

2026-07-23 14:56:07,014 - __main__ - INFO - [Epoch 34]
2026-07-23 14:56:15,334 - __main__ - INFO - 2026_07_23_14_56_15 [Epoch] 034 [Loss] loss_reg 0.3021 loss_cls 0.0239 loss_exist 0.5423 loss_quality 0.4931 loss_zero 0.5393 weighted_loss_overall 1.9963

2026-07-23 14:56:15,412 - __main__ - INFO - [Epoch 35]
2026-07-23 14:56:23,898 - __main__ - INFO - 2026_07_23_14_56_23 [Epoch] 035 [Loss] loss_reg 0.3051 loss_cls 0.0240 loss_exist 0.5412 loss_quality 0.4931 loss_zero 0.5396 weighted_loss_overall 1.9989

2026-07-23 14:56:46,888 - __main__ - INFO - metrics_no_nms OrderedDict([   ('MR-full-R1@0.3', 49.02),
                ('MR-full-R1@0.5', 39.22),
                ('MR-full-R1@0.7', 23.92),
                ('MR-full-mAP', 26.67),
                ('MR-full-mAP@0.5', 46.66),
                ('MR-full-mAP@0.75', 29.79),
                ('MR-full-mIoU', 34.37),
                ('GMR-AUROC', 74.13),
                ('GMR-Rej-F1@0.4', 61.12),
                ('GMR-Acc@0.4', 65.81),
                ('GMR-Rej-F1@0.6', 69.52),
                ('GMR-Acc@0.6', 64.73),
                ('GMR-Rej-F1@0.8', 70.67),
                ('GMR-Acc@0.8', 63.23),
                ('GMR-G-mIoU@1', 38.81),
                ('GMR-G-mIoU@3', 32.86),
                ('GMR-G-mIoU@5', 30.51),
                ('GMR-mAP', 26.67),
                ('GMR-mR@1', 16.58),
                ('GMR-mR@3', 29.92),
                ('GMR-mR@5', 37.61),
                ('GMR-mR+@1', 0.0),
                ('GMR-mR+@3', 9.09),
                ('GMR-mR+@5', 14.8),
                ('GMR-mIoU@1', 34.37),
                ('GMR-mIoU@3', 30.54),
                ('GMR-mIoU@5', 30.42),
                ('GMR-mIoU+@1', 0.0),
                ('GMR-mIoU+@3', 11.97),
                ('GMR-mIoU+@5', 11.64)])
2026-07-23 14:56:46,889 - __main__ - INFO - metrics_nms OrderedDict([   ('MR-full-R1@0.3', 48.63),
                ('MR-full-R1@0.5', 38.82),
                ('MR-full-R1@0.7', 23.92),
                ('MR-full-mAP', 28.06),
                ('MR-full-mAP@0.5', 48.84),
                ('MR-full-mAP@0.75', 31.67),
                ('MR-full-mIoU', 34.24),
                ('GMR-AUROC', 74.13),
                ('GMR-Rej-F1@0.4', 61.12),
                ('GMR-Acc@0.4', 65.81),
                ('GMR-Rej-F1@0.6', 69.52),
                ('GMR-Acc@0.6', 64.73),
                ('GMR-Rej-F1@0.8', 70.67),
                ('GMR-Acc@0.8', 63.23),
                ('GMR-G-mIoU@1', 38.81),
                ('GMR-G-mIoU@3', 33.12),
                ('GMR-G-mIoU@5', 30.67),
                ('GMR-mAP', 28.06),
                ('GMR-mR@1', 16.54),
                ('GMR-mR@3', 31.66),
                ('GMR-mR@5', 39.9),
                ('GMR-mR+@1', 0.0),
                ('GMR-mR+@3', 10.2),
                ('GMR-mR+@5', 17.72),
                ('GMR-mIoU@1', 34.24),
                ('GMR-mIoU@3', 31.4),
                ('GMR-mIoU@5', 31.28),
                ('GMR-mIoU+@1', 0.0),
                ('GMR-mIoU+@3', 13.57),
                ('GMR-mIoU+@5', 13.24)])
2026-07-23 14:56:47,158 - __main__ - INFO - The checkpoint file has been updated.
2026-07-23 14:56:47,249 - __main__ - INFO - [Epoch 36]
2026-07-23 14:56:55,447 - __main__ - INFO - 2026_07_23_14_56_55 [Epoch] 036 [Loss] loss_reg 0.3013 loss_cls 0.0240 loss_exist 0.5433 loss_quality 0.4939 loss_zero 0.5399 weighted_loss_overall 1.9984

2026-07-23 14:56:55,533 - __main__ - INFO - [Epoch 37]
2026-07-23 14:57:03,824 - __main__ - INFO - 2026_07_23_14_57_03 [Epoch] 037 [Loss] loss_reg 0.3046 loss_cls 0.0242 loss_exist 0.5413 loss_quality 0.4939 loss_zero 0.5378 weighted_loss_overall 1.9989

2026-07-23 14:57:03,910 - __main__ - INFO - [Epoch 38]
2026-07-23 14:57:12,347 - __main__ - INFO - 2026_07_23_14_57_12 [Epoch] 038 [Loss] loss_reg 0.3040 loss_cls 0.0240 loss_exist 0.5452 loss_quality 0.4929 loss_zero 0.5402 weighted_loss_overall 2.0020

2026-07-23 14:57:12,434 - __main__ - INFO - [Epoch 39]
2026-07-23 14:57:21,137 - __main__ - INFO - 2026_07_23_14_57_21 [Epoch] 039 [Loss] loss_reg 0.2997 loss_cls 0.0240 loss_exist 0.5435 loss_quality 0.4944 loss_zero 0.5378 weighted_loss_overall 1.9952

2026-07-23 14:57:21,217 - __main__ - INFO - [Epoch 40]
2026-07-23 14:57:29,761 - __main__ - INFO - 2026_07_23_14_57_29 [Epoch] 040 [Loss] loss_reg 0.3041 loss_cls 0.0239 loss_exist 0.5412 loss_quality 0.4925 loss_zero 0.5345 weighted_loss_overall 1.9919

2026-07-23 14:57:52,914 - __main__ - INFO - metrics_no_nms OrderedDict([   ('MR-full-R1@0.3', 49.02),
                ('MR-full-R1@0.5', 39.22),
                ('MR-full-R1@0.7', 23.92),
                ('MR-full-mAP', 26.67),
                ('MR-full-mAP@0.5', 46.66),
                ('MR-full-mAP@0.75', 29.79),
                ('MR-full-mIoU', 34.37),
                ('GMR-AUROC', 74.24),
                ('GMR-Rej-F1@0.4', 58.67),
                ('GMR-Acc@0.4', 65.16),
                ('GMR-Rej-F1@0.6', 69.52),
                ('GMR-Acc@0.6', 64.73),
                ('GMR-Rej-F1@0.8', 70.67),
                ('GMR-Acc@0.8', 63.23),
                ('GMR-G-mIoU@1', 36.7),
                ('GMR-G-mIoU@3', 30.73),
                ('GMR-G-mIoU@5', 28.37),
                ('GMR-mAP', 26.67),
                ('GMR-mR@1', 16.58),
                ('GMR-mR@3', 29.92),
                ('GMR-mR@5', 37.61),
                ('GMR-mR+@1', 0.0),
                ('GMR-mR+@3', 9.09),
                ('GMR-mR+@5', 14.8),
                ('GMR-mIoU@1', 34.37),
                ('GMR-mIoU@3', 30.54),
                ('GMR-mIoU@5', 30.42),
                ('GMR-mIoU+@1', 0.0),
                ('GMR-mIoU+@3', 11.97),
                ('GMR-mIoU+@5', 11.64)])
2026-07-23 14:57:52,914 - __main__ - INFO - metrics_nms OrderedDict([   ('MR-full-R1@0.3', 48.63),
                ('MR-full-R1@0.5', 38.82),
                ('MR-full-R1@0.7', 23.92),
                ('MR-full-mAP', 28.06),
                ('MR-full-mAP@0.5', 48.84),
                ('MR-full-mAP@0.75', 31.67),
                ('MR-full-mIoU', 34.24),
                ('GMR-AUROC', 74.24),
                ('GMR-Rej-F1@0.4', 58.67),
                ('GMR-Acc@0.4', 65.16),
                ('GMR-Rej-F1@0.6', 69.52),
                ('GMR-Acc@0.6', 64.73),
                ('GMR-Rej-F1@0.8', 70.67),
                ('GMR-Acc@0.8', 63.23),
                ('GMR-G-mIoU@1', 36.7),
                ('GMR-G-mIoU@3', 30.99),
                ('GMR-G-mIoU@5', 28.53),
                ('GMR-mAP', 28.06),
                ('GMR-mR@1', 16.54),
                ('GMR-mR@3', 31.66),
                ('GMR-mR@5', 39.9),
                ('GMR-mR+@1', 0.0),
                ('GMR-mR+@3', 10.2),
                ('GMR-mR+@5', 17.72),
                ('GMR-mIoU@1', 34.24),
                ('GMR-mIoU@3', 31.37),
                ('GMR-mIoU@5', 31.25),
                ('GMR-mIoU+@1', 0.0),
                ('GMR-mIoU+@3', 13.44),
                ('GMR-mIoU+@5', 13.11)])
2026-07-23 14:57:53,007 - __main__ - INFO - [Epoch 41]
2026-07-23 14:58:01,437 - __main__ - INFO - 2026_07_23_14_58_01 [Epoch] 041 [Loss] loss_reg 0.2991 loss_cls 0.0238 loss_exist 0.5418 loss_quality 0.4920 loss_zero 0.5361 weighted_loss_overall 1.9878

2026-07-23 14:58:01,519 - __main__ - INFO - [Epoch 42]
2026-07-23 14:58:09,971 - __main__ - INFO - 2026_07_23_14_58_09 [Epoch] 042 [Loss] loss_reg 0.3017 loss_cls 0.0240 loss_exist 0.5453 loss_quality 0.4948 loss_zero 0.5401 weighted_loss_overall 2.0019

2026-07-23 14:58:10,054 - __main__ - INFO - [Epoch 43]
2026-07-23 14:58:18,585 - __main__ - INFO - 2026_07_23_14_58_18 [Epoch] 043 [Loss] loss_reg 0.3054 loss_cls 0.0242 loss_exist 0.5447 loss_quality 0.4941 loss_zero 0.5397 weighted_loss_overall 2.0050

2026-07-23 14:58:18,671 - __main__ - INFO - [Epoch 44]
2026-07-23 14:58:27,801 - __main__ - INFO - 2026_07_23_14_58_27 [Epoch] 044 [Loss] loss_reg 0.3021 loss_cls 0.0238 loss_exist 0.5421 loss_quality 0.4932 loss_zero 0.5369 weighted_loss_overall 1.9935

2026-07-23 14:58:27,899 - __main__ - INFO - [Epoch 45]
2026-07-23 14:58:36,697 - __main__ - INFO - 2026_07_23_14_58_36 [Epoch] 045 [Loss] loss_reg 0.3023 loss_cls 0.0240 loss_exist 0.5406 loss_quality 0.4934 loss_zero 0.5339 weighted_loss_overall 1.9902

2026-07-23 14:58:56,242 - __main__ - INFO - metrics_no_nms OrderedDict([   ('MR-full-R1@0.3', 49.02),
                ('MR-full-R1@0.5', 39.22),
                ('MR-full-R1@0.7', 23.92),
                ('MR-full-mAP', 26.67),
                ('MR-full-mAP@0.5', 46.66),
                ('MR-full-mAP@0.75', 29.79),
                ('MR-full-mIoU', 34.37),
                ('GMR-AUROC', 74.27),
                ('GMR-Rej-F1@0.4', 60.05),
                ('GMR-Acc@0.4', 65.38),
                ('GMR-Rej-F1@0.6', 69.52),
                ('GMR-Acc@0.6', 64.73),
                ('GMR-Rej-F1@0.8', 70.67),
                ('GMR-Acc@0.8', 63.23),
                ('GMR-G-mIoU@1', 37.95),
                ('GMR-G-mIoU@3', 32.0),
                ('GMR-G-mIoU@5', 29.65),
                ('GMR-mAP', 26.67),
                ('GMR-mR@1', 16.58),
                ('GMR-mR@3', 29.92),
                ('GMR-mR@5', 37.61),
                ('GMR-mR+@1', 0.0),
                ('GMR-mR+@3', 9.09),
                ('GMR-mR+@5', 14.8),
                ('GMR-mIoU@1', 34.37),
                ('GMR-mIoU@3', 30.54),
                ('GMR-mIoU@5', 30.42),
                ('GMR-mIoU+@1', 0.0),
                ('GMR-mIoU+@3', 11.97),
                ('GMR-mIoU+@5', 11.64)])
2026-07-23 14:58:56,242 - __main__ - INFO - metrics_nms OrderedDict([   ('MR-full-R1@0.3', 49.02),
                ('MR-full-R1@0.5', 38.82),
                ('MR-full-R1@0.7', 23.92),
                ('MR-full-mAP', 28.06),
                ('MR-full-mAP@0.5', 48.84),
                ('MR-full-mAP@0.75', 31.67),
                ('MR-full-mIoU', 34.42),
                ('GMR-AUROC', 74.27),
                ('GMR-Rej-F1@0.4', 60.05),
                ('GMR-Acc@0.4', 65.38),
                ('GMR-Rej-F1@0.6', 69.52),
                ('GMR-Acc@0.6', 64.73),
                ('GMR-Rej-F1@0.8', 70.67),
                ('GMR-Acc@0.8', 63.23),
                ('GMR-G-mIoU@1', 37.95),
                ('GMR-G-mIoU@3', 32.26),
                ('GMR-G-mIoU@5', 29.81),
                ('GMR-mAP', 28.06),
                ('GMR-mR@1', 16.54),
                ('GMR-mR@3', 31.66),
                ('GMR-mR@5', 39.9),
                ('GMR-mR+@1', 0.0),
                ('GMR-mR+@3', 10.2),
                ('GMR-mR+@5', 17.72),
                ('GMR-mIoU@1', 34.42),
                ('GMR-mIoU@3', 31.55),
                ('GMR-mIoU@5', 31.43),
                ('GMR-mIoU+@1', 0.0),
                ('GMR-mIoU+@3', 13.44),
                ('GMR-mIoU+@5', 13.11)])
2026-07-23 14:58:56,322 - __main__ - INFO - [Epoch 46]
2026-07-23 14:59:03,280 - __main__ - INFO - 2026_07_23_14_59_03 [Epoch] 046 [Loss] loss_reg 0.3002 loss_cls 0.0241 loss_exist 0.5435 loss_quality 0.4937 loss_zero 0.5387 weighted_loss_overall 1.9965

2026-07-23 14:59:03,359 - __main__ - INFO - [Epoch 47]
2026-07-23 14:59:11,082 - __main__ - INFO - 2026_07_23_14_59_11 [Epoch] 047 [Loss] loss_reg 0.3026 loss_cls 0.0241 loss_exist 0.5427 loss_quality 0.4936 loss_zero 0.5366 weighted_loss_overall 1.9958

2026-07-23 14:59:11,181 - __main__ - INFO - [Epoch 48]
2026-07-23 14:59:18,884 - __main__ - INFO - 2026_07_23_14_59_18 [Epoch] 048 [Loss] loss_reg 0.3040 loss_cls 0.0241 loss_exist 0.5436 loss_quality 0.4945 loss_zero 0.5354 weighted_loss_overall 1.9979

2026-07-23 14:59:18,994 - __main__ - INFO - [Epoch 49]
2026-07-23 14:59:26,677 - __main__ - INFO - 2026_07_23_14_59_26 [Epoch] 049 [Loss] loss_reg 0.3007 loss_cls 0.0239 loss_exist 0.5421 loss_quality 0.4930 loss_zero 0.5350 weighted_loss_overall 1.9900

2026-07-23 14:59:26,781 - __main__ - INFO - [Epoch 50]
2026-07-23 14:59:34,468 - __main__ - INFO - 2026_07_23_14_59_34 [Epoch] 050 [Loss] loss_reg 0.3002 loss_cls 0.0240 loss_exist 0.5452 loss_quality 0.4936 loss_zero 0.5363 weighted_loss_overall 1.9953

2026-07-23 14:59:54,896 - __main__ - INFO - metrics_no_nms OrderedDict([   ('MR-full-R1@0.3', 49.02),
                ('MR-full-R1@0.5', 39.22),
                ('MR-full-R1@0.7', 23.92),
                ('MR-full-mAP', 26.67),
                ('MR-full-mAP@0.5', 46.66),
                ('MR-full-mAP@0.75', 29.79),
                ('MR-full-mIoU', 34.37),
                ('GMR-AUROC', 74.23),
                ('GMR-Rej-F1@0.4', 59.75),
                ('GMR-Acc@0.4', 65.81),
                ('GMR-Rej-F1@0.6', 69.52),
                ('GMR-Acc@0.6', 64.73),
                ('GMR-Rej-F1@0.8', 70.67),
                ('GMR-Acc@0.8', 63.23),
                ('GMR-G-mIoU@1', 37.56),
                ('GMR-G-mIoU@3', 31.45),
                ('GMR-G-mIoU@5', 29.06),
                ('GMR-mAP', 26.67),
                ('GMR-mR@1', 16.58),
                ('GMR-mR@3', 29.92),
                ('GMR-mR@5', 37.61),
                ('GMR-mR+@1', 0.0),
                ('GMR-mR+@3', 9.09),
                ('GMR-mR+@5', 14.8),
                ('GMR-mIoU@1', 34.37),
                ('GMR-mIoU@3', 30.54),
                ('GMR-mIoU@5', 30.42),
                ('GMR-mIoU+@1', 0.0),
                ('GMR-mIoU+@3', 11.97),
                ('GMR-mIoU+@5', 11.64)])
2026-07-23 14:59:54,896 - __main__ - INFO - metrics_nms OrderedDict([   ('MR-full-R1@0.3', 48.63),
                ('MR-full-R1@0.5', 38.43),
                ('MR-full-R1@0.7', 23.53),
                ('MR-full-mAP', 28.03),
                ('MR-full-mAP@0.5', 48.8),
                ('MR-full-mAP@0.75', 31.63),
                ('MR-full-mIoU', 34.13),
                ('GMR-AUROC', 74.23),
                ('GMR-Rej-F1@0.4', 59.75),
                ('GMR-Acc@0.4', 65.81),
                ('GMR-Rej-F1@0.6', 69.52),
                ('GMR-Acc@0.6', 64.73),
                ('GMR-Rej-F1@0.8', 70.67),
                ('GMR-Acc@0.8', 63.23),
                ('GMR-G-mIoU@1', 37.54),
                ('GMR-G-mIoU@3', 31.69),
                ('GMR-G-mIoU@5', 29.21),
                ('GMR-mAP', 28.03),
                ('GMR-mR@1', 16.46),
                ('GMR-mR@3', 31.66),
                ('GMR-mR@5', 39.9),
                ('GMR-mR+@1', 0.0),
                ('GMR-mR+@3', 10.2),
                ('GMR-mR+@5', 17.72),
                ('GMR-mIoU@1', 34.13),
                ('GMR-mIoU@3', 31.33),
                ('GMR-mIoU@5', 31.21),
                ('GMR-mIoU+@1', 0.0),
                ('GMR-mIoU+@3', 13.44),
                ('GMR-mIoU+@5', 13.11)])
2026-07-23 14:59:54,988 - __main__ - INFO - [Epoch 51]
2026-07-23 15:00:01,915 - __main__ - INFO - 2026_07_23_15_00_01 [Epoch] 051 [Loss] loss_reg 0.3048 loss_cls 0.0238 loss_exist 0.5429 loss_quality 0.4934 loss_zero 0.5358 weighted_loss_overall 1.9959

2026-07-23 15:00:01,996 - __main__ - INFO - [Epoch 52]
2026-07-23 15:00:09,306 - __main__ - INFO - 2026_07_23_15_00_09 [Epoch] 052 [Loss] loss_reg 0.3038 loss_cls 0.0239 loss_exist 0.5429 loss_quality 0.4937 loss_zero 0.5363 weighted_loss_overall 1.9964

2026-07-23 15:00:09,387 - __main__ - INFO - [Epoch 53]
2026-07-23 15:00:16,398 - __main__ - INFO - 2026_07_23_15_00_16 [Epoch] 053 [Loss] loss_reg 0.3026 loss_cls 0.0239 loss_exist 0.5425 loss_quality 0.4940 loss_zero 0.5337 weighted_loss_overall 1.9921

2026-07-23 15:00:16,478 - __main__ - INFO - [Epoch 54]
2026-07-23 15:00:23,477 - __main__ - INFO - 2026_07_23_15_00_23 [Epoch] 054 [Loss] loss_reg 0.3015 loss_cls 0.0239 loss_exist 0.5411 loss_quality 0.4933 loss_zero 0.5307 weighted_loss_overall 1.9861

2026-07-23 15:00:23,562 - __main__ - INFO - [Epoch 55]
2026-07-23 15:00:30,578 - __main__ - INFO - 2026_07_23_15_00_30 [Epoch] 055 [Loss] loss_reg 0.3000 loss_cls 0.0239 loss_exist 0.5434 loss_quality 0.4929 loss_zero 0.5338 weighted_loss_overall 1.9897

2026-07-23 15:00:50,012 - __main__ - INFO - metrics_no_nms OrderedDict([   ('MR-full-R1@0.3', 49.02),
                ('MR-full-R1@0.5', 39.22),
                ('MR-full-R1@0.7', 23.92),
                ('MR-full-mAP', 26.67),
                ('MR-full-mAP@0.5', 46.66),
                ('MR-full-mAP@0.75', 29.79),
                ('MR-full-mIoU', 34.37),
                ('GMR-AUROC', 74.24),
                ('GMR-Rej-F1@0.4', 59.13),
                ('GMR-Acc@0.4', 65.81),
                ('GMR-Rej-F1@0.6', 69.52),
                ('GMR-Acc@0.6', 64.73),
                ('GMR-Rej-F1@0.8', 70.67),
                ('GMR-Acc@0.8', 63.23),
                ('GMR-G-mIoU@1', 36.92),
                ('GMR-G-mIoU@3', 30.8),
                ('GMR-G-mIoU@5', 28.42),
                ('GMR-mAP', 26.67),
                ('GMR-mR@1', 16.58),
                ('GMR-mR@3', 29.92),
                ('GMR-mR@5', 37.61),
                ('GMR-mR+@1', 0.0),
                ('GMR-mR+@3', 9.09),
                ('GMR-mR+@5', 14.8),
                ('GMR-mIoU@1', 34.37),
                ('GMR-mIoU@3', 30.54),
                ('GMR-mIoU@5', 30.42),
                ('GMR-mIoU+@1', 0.0),
                ('GMR-mIoU+@3', 11.97),
                ('GMR-mIoU+@5', 11.64)])
2026-07-23 15:00:50,013 - __main__ - INFO - metrics_nms OrderedDict([   ('MR-full-R1@0.3', 49.02),
                ('MR-full-R1@0.5', 38.82),
                ('MR-full-R1@0.7', 23.92),
                ('MR-full-mAP', 28.06),
                ('MR-full-mAP@0.5', 48.84),
                ('MR-full-mAP@0.75', 31.67),
                ('MR-full-mIoU', 34.42),
                ('GMR-AUROC', 74.24),
                ('GMR-Rej-F1@0.4', 59.13),
                ('GMR-Acc@0.4', 65.81),
                ('GMR-Rej-F1@0.6', 69.52),
                ('GMR-Acc@0.6', 64.73),
                ('GMR-Rej-F1@0.8', 70.67),
                ('GMR-Acc@0.8', 63.23),
                ('GMR-G-mIoU@1', 36.92),
                ('GMR-G-mIoU@3', 31.07),
                ('GMR-G-mIoU@5', 28.57),
                ('GMR-mAP', 28.06),
                ('GMR-mR@1', 16.54),
                ('GMR-mR@3', 31.66),
                ('GMR-mR@5', 39.9),
                ('GMR-mR+@1', 0.0),
                ('GMR-mR+@3', 10.2),
                ('GMR-mR+@5', 17.72),
                ('GMR-mIoU@1', 34.42),
                ('GMR-mIoU@3', 31.55),
                ('GMR-mIoU@5', 31.43),
                ('GMR-mIoU+@1', 0.0),
                ('GMR-mIoU+@3', 13.44),
                ('GMR-mIoU+@5', 13.11)])
2026-07-23 15:00:50,093 - __main__ - INFO - [Epoch 56]
2026-07-23 15:00:57,352 - __main__ - INFO - 2026_07_23_15_00_57 [Epoch] 056 [Loss] loss_reg 0.3017 loss_cls 0.0237 loss_exist 0.5414 loss_quality 0.4920 loss_zero 0.5324 weighted_loss_overall 1.9861

2026-07-23 15:00:57,431 - __main__ - INFO - [Epoch 57]
2026-07-23 15:01:04,466 - __main__ - INFO - 2026_07_23_15_01_04 [Epoch] 057 [Loss] loss_reg 0.3028 loss_cls 0.0238 loss_exist 0.5424 loss_quality 0.4929 loss_zero 0.5331 weighted_loss_overall 1.9905

2026-07-23 15:01:04,550 - __main__ - INFO - [Epoch 58]
2026-07-23 15:01:11,503 - __main__ - INFO - 2026_07_23_15_01_11 [Epoch] 058 [Loss] loss_reg 0.3022 loss_cls 0.0239 loss_exist 0.5433 loss_quality 0.4939 loss_zero 0.5369 weighted_loss_overall 1.9958

2026-07-23 15:01:11,594 - __main__ - INFO - [Epoch 59]
2026-07-23 15:01:18,626 - __main__ - INFO - 2026_07_23_15_01_18 [Epoch] 059 [Loss] loss_reg 0.3036 loss_cls 0.0240 loss_exist 0.5441 loss_quality 0.4930 loss_zero 0.5358 weighted_loss_overall 1.9968

2026-07-23 15:01:18,708 - __main__ - INFO - [Epoch 60]
2026-07-23 15:01:25,721 - __main__ - INFO - 2026_07_23_15_01_25 [Epoch] 060 [Loss] loss_reg 0.3031 loss_cls 0.0237 loss_exist 0.5424 loss_quality 0.4932 loss_zero 0.5324 weighted_loss_overall 1.9897

2026-07-23 15:01:44,697 - __main__ - INFO - metrics_no_nms OrderedDict([   ('MR-full-R1@0.3', 49.02),
                ('MR-full-R1@0.5', 39.22),
                ('MR-full-R1@0.7', 23.92),
                ('MR-full-mAP', 26.67),
                ('MR-full-mAP@0.5', 46.66),
                ('MR-full-mAP@0.75', 29.79),
                ('MR-full-mIoU', 34.37),
                ('GMR-AUROC', 74.45),
                ('GMR-Rej-F1@0.4', 56.15),
                ('GMR-Acc@0.4', 64.73),
                ('GMR-Rej-F1@0.6', 69.03),
                ('GMR-Acc@0.6', 64.3),
                ('GMR-Rej-F1@0.8', 70.67),
                ('GMR-Acc@0.8', 63.23),
                ('GMR-G-mIoU@1', 34.81),
                ('GMR-G-mIoU@3', 28.69),
                ('GMR-G-mIoU@5', 26.28),
                ('GMR-mAP', 26.67),
                ('GMR-mR@1', 16.58),
                ('GMR-mR@3', 29.92),
                ('GMR-mR@5', 37.61),
                ('GMR-mR+@1', 0.0),
                ('GMR-mR+@3', 9.09),
                ('GMR-mR+@5', 14.8),
                ('GMR-mIoU@1', 34.37),
                ('GMR-mIoU@3', 30.54),
                ('GMR-mIoU@5', 30.42),
                ('GMR-mIoU+@1', 0.0),
                ('GMR-mIoU+@3', 11.97),
                ('GMR-mIoU+@5', 11.64)])
2026-07-23 15:01:44,697 - __main__ - INFO - metrics_nms OrderedDict([   ('MR-full-R1@0.3', 48.63),
                ('MR-full-R1@0.5', 38.43),
                ('MR-full-R1@0.7', 23.53),
                ('MR-full-mAP', 28.03),
                ('MR-full-mAP@0.5', 48.8),
                ('MR-full-mAP@0.75', 31.63),
                ('MR-full-mIoU', 34.13),
                ('GMR-AUROC', 74.45),
                ('GMR-Rej-F1@0.4', 56.15),
                ('GMR-Acc@0.4', 64.73),
                ('GMR-Rej-F1@0.6', 69.03),
                ('GMR-Acc@0.6', 64.3),
                ('GMR-Rej-F1@0.8', 70.67),
                ('GMR-Acc@0.8', 63.23),
                ('GMR-G-mIoU@1', 34.79),
                ('GMR-G-mIoU@3', 28.98),
                ('GMR-G-mIoU@5', 26.46),
                ('GMR-mAP', 28.03),
                ('GMR-mR@1', 16.46),
                ('GMR-mR@3', 31.66),
                ('GMR-mR@5', 39.9),
                ('GMR-mR+@1', 0.0),
                ('GMR-mR+@3', 10.2),
                ('GMR-mR+@5', 17.72),
                ('GMR-mIoU@1', 34.13),
                ('GMR-mIoU@3', 31.33),
                ('GMR-mIoU@5', 31.21),
                ('GMR-mIoU+@1', 0.0),
                ('GMR-mIoU+@3', 13.44),
                ('GMR-mIoU+@5', 13.11)])
2026-07-23 15:01:44,792 - __main__ - INFO - [Epoch 61]
2026-07-23 15:01:52,274 - __main__ - INFO - 2026_07_23_15_01_52 [Epoch] 061 [Loss] loss_reg 0.3046 loss_cls 0.0239 loss_exist 0.5399 loss_quality 0.4939 loss_zero 0.5294 weighted_loss_overall 1.9875

2026-07-23 15:01:52,351 - __main__ - INFO - [Epoch 62]
2026-07-23 15:01:59,524 - __main__ - INFO - 2026_07_23_15_01_59 [Epoch] 062 [Loss] loss_reg 0.3009 loss_cls 0.0240 loss_exist 0.5457 loss_quality 0.4942 loss_zero 0.5369 weighted_loss_overall 1.9977

2026-07-23 15:01:59,604 - __main__ - INFO - [Epoch 63]
2026-07-23 15:02:06,513 - __main__ - INFO - 2026_07_23_15_02_06 [Epoch] 063 [Loss] loss_reg 0.3021 loss_cls 0.0241 loss_exist 0.5434 loss_quality 0.4951 loss_zero 0.5329 weighted_loss_overall 1.9940

2026-07-23 15:02:06,591 - __main__ - INFO - [Epoch 64]
2026-07-23 15:02:13,725 - __main__ - INFO - 2026_07_23_15_02_13 [Epoch] 064 [Loss] loss_reg 0.3036 loss_cls 0.0239 loss_exist 0.5413 loss_quality 0.4943 loss_zero 0.5343 weighted_loss_overall 1.9930

2026-07-23 15:02:13,806 - __main__ - INFO - [Epoch 65]
2026-07-23 15:02:20,802 - __main__ - INFO - 2026_07_23_15_02_20 [Epoch] 065 [Loss] loss_reg 0.3002 loss_cls 0.0239 loss_exist 0.5441 loss_quality 0.4938 loss_zero 0.5356 weighted_loss_overall 1.9931

2026-07-23 15:02:39,398 - __main__ - INFO - metrics_no_nms OrderedDict([   ('MR-full-R1@0.3', 49.02),
                ('MR-full-R1@0.5', 39.22),
                ('MR-full-R1@0.7', 23.92),
                ('MR-full-mAP', 26.67),
                ('MR-full-mAP@0.5', 46.66),
                ('MR-full-mAP@0.75', 29.79),
                ('MR-full-mIoU', 34.37),
                ('GMR-AUROC', 74.22),
                ('GMR-Rej-F1@0.4', 55.68),
                ('GMR-Acc@0.4', 64.73),
                ('GMR-Rej-F1@0.6', 68.91),
                ('GMR-Acc@0.6', 64.3),
                ('GMR-Rej-F1@0.8', 70.67),
                ('GMR-Acc@0.8', 63.23),
                ('GMR-G-mIoU@1', 34.43),
                ('GMR-G-mIoU@3', 28.29),
                ('GMR-G-mIoU@5', 25.87),
                ('GMR-mAP', 26.67),
                ('GMR-mR@1', 16.58),
                ('GMR-mR@3', 29.92),
                ('GMR-mR@5', 37.61),
                ('GMR-mR+@1', 0.0),
                ('GMR-mR+@3', 9.09),
                ('GMR-mR+@5', 14.8),
                ('GMR-mIoU@1', 34.37),
                ('GMR-mIoU@3', 30.54),
                ('GMR-mIoU@5', 30.42),
                ('GMR-mIoU+@1', 0.0),
                ('GMR-mIoU+@3', 11.97),
                ('GMR-mIoU+@5', 11.64)])
2026-07-23 15:02:39,399 - __main__ - INFO - metrics_nms OrderedDict([   ('MR-full-R1@0.3', 48.63),
                ('MR-full-R1@0.5', 38.82),
                ('MR-full-R1@0.7', 23.92),
                ('MR-full-mAP', 28.06),
                ('MR-full-mAP@0.5', 48.84),
                ('MR-full-mAP@0.75', 31.67),
                ('MR-full-mIoU', 34.24),
                ('GMR-AUROC', 74.22),
                ('GMR-Rej-F1@0.4', 55.68),
                ('GMR-Acc@0.4', 64.73),
                ('GMR-Rej-F1@0.6', 68.91),
                ('GMR-Acc@0.6', 64.3),
                ('GMR-Rej-F1@0.8', 70.67),
                ('GMR-Acc@0.8', 63.23),
                ('GMR-G-mIoU@1', 34.43),
                ('GMR-G-mIoU@3', 28.61),
                ('GMR-G-mIoU@5', 26.06),
                ('GMR-mAP', 28.06),
                ('GMR-mR@1', 16.54),
                ('GMR-mR@3', 31.66),
                ('GMR-mR@5', 39.9),
                ('GMR-mR+@1', 0.0),
                ('GMR-mR+@3', 10.2),
                ('GMR-mR+@5', 17.72),
                ('GMR-mIoU@1', 34.24),
                ('GMR-mIoU@3', 31.37),
                ('GMR-mIoU@5', 31.25),
                ('GMR-mIoU+@1', 0.0),
                ('GMR-mIoU+@3', 13.44),
                ('GMR-mIoU+@5', 13.11)])
2026-07-23 15:02:39,509 - __main__ - INFO - [Epoch 66]
2026-07-23 15:02:46,863 - __main__ - INFO - 2026_07_23_15_02_46 [Epoch] 066 [Loss] loss_reg 0.3001 loss_cls 0.0240 loss_exist 0.5437 loss_quality 0.4940 loss_zero 0.5370 weighted_loss_overall 1.9947

2026-07-23 15:02:46,949 - __main__ - INFO - [Epoch 67]
2026-07-23 15:02:54,542 - __main__ - INFO - 2026_07_23_15_02_54 [Epoch] 067 [Loss] loss_reg 0.3012 loss_cls 0.0240 loss_exist 0.5479 loss_quality 0.4936 loss_zero 0.5372 weighted_loss_overall 1.9996

2026-07-23 15:02:54,619 - __main__ - INFO - [Epoch 68]
2026-07-23 15:03:01,808 - __main__ - INFO - 2026_07_23_15_03_01 [Epoch] 068 [Loss] loss_reg 0.3026 loss_cls 0.0239 loss_exist 0.5443 loss_quality 0.4934 loss_zero 0.5322 weighted_loss_overall 1.9918

2026-07-23 15:03:01,888 - __main__ - INFO - [Epoch 69]
2026-07-23 15:03:09,158 - __main__ - INFO - 2026_07_23_15_03_09 [Epoch] 069 [Loss] loss_reg 0.2995 loss_cls 0.0239 loss_exist 0.5429 loss_quality 0.4935 loss_zero 0.5336 weighted_loss_overall 1.9890

2026-07-23 15:03:09,244 - __main__ - INFO - [Epoch 70]
2026-07-23 15:03:16,478 - __main__ - INFO - 2026_07_23_15_03_16 [Epoch] 070 [Loss] loss_reg 0.2995 loss_cls 0.0239 loss_exist 0.5419 loss_quality 0.4923 loss_zero 0.5305 weighted_loss_overall 1.9836

2026-07-23 15:03:34,722 - __main__ - INFO - metrics_no_nms OrderedDict([   ('MR-full-R1@0.3', 49.02),
                ('MR-full-R1@0.5', 39.22),
                ('MR-full-R1@0.7', 23.92),
                ('MR-full-mAP', 26.67),
                ('MR-full-mAP@0.5', 46.66),
                ('MR-full-mAP@0.75', 29.79),
                ('MR-full-mIoU', 34.37),
                ('GMR-AUROC', 74.38),
                ('GMR-Rej-F1@0.4', 55.83),
                ('GMR-Acc@0.4', 64.95),
                ('GMR-Rej-F1@0.6', 69.29),
                ('GMR-Acc@0.6', 64.73),
                ('GMR-Rej-F1@0.8', 70.67),
                ('GMR-Acc@0.8', 63.23),
                ('GMR-G-mIoU@1', 34.38),
                ('GMR-G-mIoU@3', 28.26),
                ('GMR-G-mIoU@5', 25.85),
                ('GMR-mAP', 26.67),
                ('GMR-mR@1', 16.58),
                ('GMR-mR@3', 29.92),
                ('GMR-mR@5', 37.61),
                ('GMR-mR+@1', 0.0),
                ('GMR-mR+@3', 9.09),
                ('GMR-mR+@5', 14.8),
                ('GMR-mIoU@1', 34.37),
                ('GMR-mIoU@3', 30.54),
                ('GMR-mIoU@5', 30.42),
                ('GMR-mIoU+@1', 0.0),
                ('GMR-mIoU+@3', 11.97),
                ('GMR-mIoU+@5', 11.64)])
2026-07-23 15:03:34,722 - __main__ - INFO - metrics_nms OrderedDict([   ('MR-full-R1@0.3', 49.02),
                ('MR-full-R1@0.5', 38.82),
                ('MR-full-R1@0.7', 23.92),
                ('MR-full-mAP', 28.06),
                ('MR-full-mAP@0.5', 48.84),
                ('MR-full-mAP@0.75', 31.67),
                ('MR-full-mIoU', 34.42),
                ('GMR-AUROC', 74.38),
                ('GMR-Rej-F1@0.4', 55.83),
                ('GMR-Acc@0.4', 64.95),
                ('GMR-Rej-F1@0.6', 69.29),
                ('GMR-Acc@0.6', 64.73),
                ('GMR-Rej-F1@0.8', 70.67),
                ('GMR-Acc@0.8', 63.23),
                ('GMR-G-mIoU@1', 34.38),
                ('GMR-G-mIoU@3', 28.57),
                ('GMR-G-mIoU@5', 26.05),
                ('GMR-mAP', 28.06),
                ('GMR-mR@1', 16.54),
                ('GMR-mR@3', 31.66),
                ('GMR-mR@5', 39.9),
                ('GMR-mR+@1', 0.0),
                ('GMR-mR+@3', 10.2),
                ('GMR-mR+@5', 17.72),
                ('GMR-mIoU@1', 34.42),
                ('GMR-mIoU@3', 31.55),
                ('GMR-mIoU@5', 31.43),
                ('GMR-mIoU+@1', 0.0),
                ('GMR-mIoU+@3', 13.44),
                ('GMR-mIoU+@5', 13.11)])
2026-07-23 15:03:34,726 - __main__ - INFO - 
>>>>> Early stop at epoch 69  0.968464485705865

2026-07-23 15:03:34,768 - __main__ - INFO - 


FINISHED TRAINING!!!
2026-07-23 15:03:34,770 - __main__ - INFO - Evaluating model at /home/guoxiangyu/generalized-moment-retrieval/artifacts/flash_vtg_supplement/seed2023_bsz128/flash_vtg_gmr_quality_zero/model_best.ckpt
2026-07-23 15:03:34,770 - __main__ - INFO - Input args ['/home/guoxiangyu/generalized-moment-retrieval/configs/flash_vtg_gmr/model.py', '--resume', '/home/guoxiangyu/generalized-moment-retrieval/artifacts/flash_vtg_supplement/seed2023_bsz128/flash_vtg_gmr_quality_zero/model_best.ckpt', '--eval_split_name', 'val', '--eval_path', '/home/guoxiangyu/generalized-moment-retrieval/data/label/Standard/val.jsonl']
