========================================================================
Starting Automated Master Experiment Pipeline
Log Directory: /home/guoxiangyu/generalized-moment-retrieval/artifacts/automated_pipeline_logs
Started At: 2026-07-23T22:28:47+08:00
========================================================================
[Phase 1] Monitoring active nohup training jobs...
[22:28:47] Active training jobs running, checking again in 60s...
[22:29:48] Active training jobs running, checking again in 60s...
[22:30:48] Active training jobs running, checking again in 60s...
[22:31:48] Active training jobs running, checking again in 60s...
[22:32:48] Active training jobs running, checking again in 60s...
[22:33:48] Active training jobs running, checking again in 60s...
[22:34:48] Active training jobs running, checking again in 60s...
[22:35:48] Active training jobs running, checking again in 60s...
[22:36:48] Active training jobs running, checking again in 60s...
[22:37:48] Active training jobs running, checking again in 60s...
[22:38:48] Active training jobs running, checking again in 60s...
[22:39:48] Active training jobs running, checking again in 60s...
[22:40:48] Active training jobs running, checking again in 60s...
[22:41:48] Active training jobs running, checking again in 60s...
[22:42:48] Active training jobs running, checking again in 60s...
[22:43:48] Active training jobs running, checking again in 60s...
[22:44:48] Active training jobs running, checking again in 60s...
[22:45:48] Active training jobs running, checking again in 60s...
[22:46:48] Active training jobs running, checking again in 60s...
[22:47:48] Active training jobs running, checking again in 60s...
[22:48:48] Active training jobs running, checking again in 60s...
[22:49:48] Active training jobs running, checking again in 60s...
[22:50:49] Active training jobs running, checking again in 60s...
[22:51:49] Active training jobs running, checking again in 60s...
[22:52:49] Active training jobs running, checking again in 60s...
[22:53:49] Active training jobs running, checking again in 60s...
[22:54:49] Active training jobs running, checking again in 60s...
[22:55:49] Active training jobs running, checking again in 60s...
[22:56:49] Active training jobs running, checking again in 60s...
[22:57:49] Active training jobs running, checking again in 60s...
[22:58:49] Active training jobs running, checking again in 60s...
[22:59:49] Active training jobs running, checking again in 60s...
[23:00:49] Active training jobs running, checking again in 60s...
[23:01:49] Active training jobs running, checking again in 60s...
[23:02:49] Active training jobs running, checking again in 60s...
[23:03:49] Active training jobs running, checking again in 60s...
[23:04:49] Active training jobs running, checking again in 60s...
[23:05:49] Active training jobs running, checking again in 60s...
[23:06:49] Active training jobs running, checking again in 60s...
[23:07:49] Active training jobs running, checking again in 60s...
[23:08:49] Active training jobs running, checking again in 60s...
[23:09:50] Active training jobs running, checking again in 60s...
[23:10:50] Active training jobs running, checking again in 60s...
[23:11:50] Active training jobs running, checking again in 60s...
[23:12:50] Active training jobs running, checking again in 60s...
[23:13:50] Active training jobs running, checking again in 60s...
[23:14:50] Active training jobs running, checking again in 60s...
[23:15:50] Active training jobs running, checking again in 60s...
[23:16:50] Active training jobs running, checking again in 60s...
[23:17:50] Active training jobs running, checking again in 60s...
[23:18:50] Active training jobs running, checking again in 60s...
[23:19:50] Active training jobs running, checking again in 60s...
[23:20:50] Active training jobs running, checking again in 60s...
[23:21:50] Active training jobs running, checking again in 60s...
[23:22:50] Active training jobs running, checking again in 60s...
[23:23:50] Active training jobs running, checking again in 60s...
[23:24:50] Active training jobs running, checking again in 60s...
[23:25:50] Active training jobs running, checking again in 60s...
[23:26:50] Active training jobs running, checking again in 60s...
[23:27:50] Active training jobs running, checking again in 60s...
[23:28:50] Active training jobs running, checking again in 60s...
[23:29:50] Active training jobs running, checking again in 60s...
[23:30:50] Active training jobs running, checking again in 60s...
[23:31:50] Active training jobs running, checking again in 60s...
[23:32:50] Active training jobs running, checking again in 60s...
[23:33:50] Active training jobs running, checking again in 60s...
[23:34:50] Active training jobs running, checking again in 60s...
[23:35:50] Active training jobs running, checking again in 60s...
[23:36:51] Active training jobs running, checking again in 60s...
[23:37:51] Active training jobs running, checking again in 60s...
[23:38:51] Active training jobs running, checking again in 60s...
[23:39:51] Active training jobs running, checking again in 60s...
[23:40:51] Active training jobs running, checking again in 60s...
[23:41:51] Active training jobs running, checking again in 60s...
[23:42:51] Active training jobs running, checking again in 60s...
[23:43:51] Active training jobs running, checking again in 60s...
[23:44:51] Active training jobs running, checking again in 60s...
[23:45:51] Active training jobs running, checking again in 60s...
[23:46:51] Active training jobs running, checking again in 60s...
[23:47:51] Active training jobs running, checking again in 60s...
[23:48:51] Active training jobs running, checking again in 60s...
[Phase 1] Active initial jobs completed at 23:49:51.
[Phase 2] Starting Disentangled Zero Head (Z no-counter) ablation...
[Phase 3] Running Multi-seed Backbone Experiments for Seed 2024...
[Phase 3] Running Multi-seed Backbone Experiments for Seed 2025...
[Phase 4] Running Selector Ablation & Summary Updates...
/home/guoxiangyu/generalized-moment-retrieval/artifacts/GMR_Completed_Experiments_Summary_2026-07-23.html
/home/guoxiangyu/generalized-moment-retrieval/artifacts/GMR_Teacher_Progress_Report_2026-07-23.html
========================================================================
Automated Master Experiment Pipeline Completed Successfully!
Finished At: 2026-07-24T01:41:02+08:00
========================================================================
